OpenROAD 0.9.0 1415572a73
This program is licensed under the BSD-3 license. See the LICENSE file for details.
Components of this program may be licensed under more restrictive licenses which must be honored.
Notice 0: Reading LEF file:  /openLANE_flow/designs/picorv32a_ankit/runs/final/tmp/merged_unpadded.lef
Notice 0:     Created 13 technology layers
Notice 0:     Created 25 technology vias
Notice 0:     Created 441 library cells
Notice 0: Finished LEF file:  /openLANE_flow/designs/picorv32a_ankit/runs/final/tmp/merged_unpadded.lef
Notice 0: 
Reading DEF file: /openLANE_flow/designs/picorv32a_ankit/runs/final/tmp/placement/18-resizer.def
Notice 0: Design: picorv32a_ankit
Notice 0:     Created 409 pins.
Notice 0:     Created 35921 components and 203311 component-terminals.
Notice 0:     Created 25387 nets and 83931 connections.
Notice 0: Finished DEF file: /openLANE_flow/designs/picorv32a_ankit/runs/final/tmp/placement/18-resizer.def
[WARNING DPL-0011] Could not find power special net.
Design Stats
--------------------------------
total instances         35921
multi row instances         0
fixed instances         10636
nets                    25387
design area          715597.6 u^2
fixed area            14864.3 u^2
movable area         244034.0 u^2
utilization                35 %
utilization padded         53 %
rows                      311
row height                2.7 u

Placement Analysis
--------------------------------
total displacement        0.0 u
average displacement      0.0 u
max displacement          0.0 u
original HPWL        1263247.1 u
legalized HPWL       1283269.1 u
delta HPWL                  2 %

[INFO DPL-0020] Mirrored 11232 instances
[INFO DPL-0021] HPWL before          1283269.1 u
[INFO DPL-0022] HPWL after           1263247.1 u
[INFO DPL-0023] HPWL delta               -1.6 %
