OpenROAD 0.9.0 1415572a73
This program is licensed under the BSD-3 license. See the LICENSE file for details.
Components of this program may be licensed under more restrictive licenses which must be honored.
Notice 0: Reading LEF file:  /openLANE_flow/designs/picorv32a_ankit/runs/final/tmp/merged_unpadded.lef
Notice 0:     Created 13 technology layers
Notice 0:     Created 25 technology vias
Notice 0:     Created 441 library cells
Notice 0: Finished LEF file:  /openLANE_flow/designs/picorv32a_ankit/runs/final/tmp/merged_unpadded.lef
Notice 0: 
Reading DEF file: /openLANE_flow/designs/picorv32a_ankit/runs/final/tmp/placement/6-replace.def
Notice 0: Design: picorv32a_ankit
Notice 0:     Created 409 pins.
Notice 0:     Created 35425 components and 200335 component-terminals.
Notice 0:     Created 24891 nets and 82939 connections.
Notice 0: Finished DEF file: /openLANE_flow/designs/picorv32a_ankit/runs/final/tmp/placement/6-replace.def
create_clock [get_ports $::env(CLOCK_PORT)]  -name $::env(CLOCK_PORT)  -period $::env(CLOCK_PERIOD)
set input_delay_value [expr $::env(CLOCK_PERIOD) * $::env(IO_PCT)]
set output_delay_value [expr $::env(CLOCK_PERIOD) * $::env(IO_PCT)]
puts "\[INFO\]: Setting output delay to: $output_delay_value"
[INFO]: Setting output delay to: 3.0
puts "\[INFO\]: Setting input delay to: $input_delay_value"
[INFO]: Setting input delay to: 3.0
set_max_fanout $::env(SYNTH_MAX_FANOUT) [current_design]
set clk_indx [lsearch [all_inputs] [get_port $::env(CLOCK_PORT)]]
#set rst_indx [lsearch [all_inputs] [get_port resetn]]
set all_inputs_wo_clk [lreplace [all_inputs] $clk_indx $clk_indx]
#set all_inputs_wo_clk_rst [lreplace $all_inputs_wo_clk $rst_indx $rst_indx]
set all_inputs_wo_clk_rst $all_inputs_wo_clk
# correct resetn
set_input_delay $input_delay_value  -clock [get_clocks $::env(CLOCK_PORT)] $all_inputs_wo_clk_rst
#set_input_delay 0.0 -clock [get_clocks $::env(CLOCK_PORT)] {resetn}
set_output_delay $output_delay_value  -clock [get_clocks $::env(CLOCK_PORT)] [all_outputs]
# TODO set this as parameter
set_driving_cell -lib_cell $::env(SYNTH_DRIVING_CELL) -pin $::env(SYNTH_DRIVING_CELL_PIN) [all_inputs]
set cap_load [expr $::env(SYNTH_CAP_LOAD) / 1000.0]
puts "\[INFO\]: Setting load to: $cap_load"
[INFO]: Setting load to: 0.01765
set_load  $cap_load [all_outputs]
[INFO RSZ-0027] Inserted 101 input buffers.
[INFO RSZ-0028] Inserted 307 output buffers.
Notice 0: Failed(termSize) to swap: sky130_vsdinv -> sky130_fd_sc_hd__inv_1 _43283_
Notice 0: Failed(termSize) to swap: sky130_vsdinv -> sky130_fd_sc_hd__inv_2 _40014_
Notice 0: Failed(termSize) to swap: sky130_vsdinv -> sky130_fd_sc_hd__inv_1 _39330_
Notice 0: Failed(termSize) to swap: sky130_vsdinv -> sky130_fd_sc_hd__inv_1 _34177_
Notice 0: Failed(termSize) to swap: sky130_vsdinv -> sky130_fd_sc_hd__inv_1 _41812_
Notice 0: Failed(termSize) to swap: sky130_vsdinv -> sky130_fd_sc_hd__inv_2 _41805_
Notice 0: Failed(termSize) to swap: sky130_vsdinv -> sky130_fd_sc_hd__clkinv_2 _30015_
Notice 0: Failed(termSize) to swap: sky130_vsdinv -> sky130_fd_sc_hd__inv_1 _42704_
Notice 0: Failed(termSize) to swap: sky130_vsdinv -> sky130_fd_sc_hd__inv_1 _41539_
Notice 0: Failed(termSize) to swap: sky130_vsdinv -> sky130_fd_sc_hd__inv_1 _30004_
Notice 0: Failed(termSize) to swap: sky130_vsdinv -> sky130_fd_sc_hd__inv_1 _38227_
Notice 0: Failed(termSize) to swap: sky130_vsdinv -> sky130_fd_sc_hd__clkinv_2 _40975_
Notice 0: Failed(termSize) to swap: sky130_vsdinv -> sky130_fd_sc_hd__clkinv_2 _32483_
Notice 0: Failed(termSize) to swap: sky130_vsdinv -> sky130_fd_sc_hd__inv_1 _24469_
Notice 0: Failed(termSize) to swap: sky130_vsdinv -> sky130_fd_sc_hd__inv_2 _44441_
Notice 0: Failed(termSize) to swap: sky130_vsdinv -> sky130_fd_sc_hd__inv_2 _43263_
Notice 0: Failed(termSize) to swap: sky130_vsdinv -> sky130_fd_sc_hd__inv_1 _41531_
Notice 0: Failed(termSize) to swap: sky130_vsdinv -> sky130_fd_sc_hd__inv_1 _29102_
Notice 0: Failed(termSize) to swap: sky130_vsdinv -> sky130_fd_sc_hd__inv_2 _44544_
Notice 0: Failed(termSize) to swap: sky130_vsdinv -> sky130_fd_sc_hd__inv_1 _44306_
Notice 0: Failed(termSize) to swap: sky130_vsdinv -> sky130_fd_sc_hd__inv_1 _43927_
Notice 0: Failed(termSize) to swap: sky130_vsdinv -> sky130_fd_sc_hd__inv_1 _38950_
Notice 0: Failed(termSize) to swap: sky130_vsdinv -> sky130_fd_sc_hd__inv_1 _31554_
Notice 0: Failed(termSize) to swap: sky130_vsdinv -> sky130_fd_sc_hd__inv_1 _24506_
Notice 0: Failed(termSize) to swap: sky130_vsdinv -> sky130_fd_sc_hd__clkinv_2 _44052_
Notice 0: Failed(termSize) to swap: sky130_vsdinv -> sky130_fd_sc_hd__clkinv_2 _42711_
Notice 0: Failed(termSize) to swap: sky130_vsdinv -> sky130_fd_sc_hd__inv_1 _37032_
Notice 0: Failed(termSize) to swap: sky130_vsdinv -> sky130_fd_sc_hd__inv_1 _31027_
Notice 0: Failed(termSize) to swap: sky130_vsdinv -> sky130_fd_sc_hd__clkinv_2 _41235_
Notice 0: Failed(termSize) to swap: sky130_vsdinv -> sky130_fd_sc_hd__inv_2 _38597_
Notice 0: Failed(termSize) to swap: sky130_vsdinv -> sky130_fd_sc_hd__inv_1 _35845_
Notice 0: Failed(termSize) to swap: sky130_vsdinv -> sky130_fd_sc_hd__inv_2 _32735_
Notice 0: Failed(termSize) to swap: sky130_vsdinv -> sky130_fd_sc_hd__inv_1 _23987_
Notice 0: Failed(termSize) to swap: sky130_vsdinv -> sky130_fd_sc_hd__clkinv_2 _42488_
Notice 0: Failed(termSize) to swap: sky130_vsdinv -> sky130_fd_sc_hd__clkinv_2 _40633_
Notice 0: Failed(termSize) to swap: sky130_vsdinv -> sky130_fd_sc_hd__inv_1 _38945_
Notice 0: Failed(termSize) to swap: sky130_vsdinv -> sky130_fd_sc_hd__inv_1 _37405_
Notice 0: Failed(termSize) to swap: sky130_vsdinv -> sky130_fd_sc_hd__inv_2 _33276_
Notice 0: Failed(termSize) to swap: sky130_vsdinv -> sky130_fd_sc_hd__inv_1 _33245_
Notice 0: Failed(termSize) to swap: sky130_vsdinv -> sky130_fd_sc_hd__inv_1 _29011_
Notice 0: Failed(termSize) to swap: sky130_vsdinv -> sky130_fd_sc_hd__inv_1 _24021_
Notice 0: Failed(termSize) to swap: sky130_vsdinv -> sky130_fd_sc_hd__inv_1 _42314_
Notice 0: Failed(termSize) to swap: sky130_vsdinv -> sky130_fd_sc_hd__clkinv_2 _40675_
Notice 0: Failed(termSize) to swap: sky130_vsdinv -> sky130_fd_sc_hd__inv_2 _36217_
Notice 0: Failed(termSize) to swap: sky130_vsdinv -> sky130_fd_sc_hd__clkinv_2 _35850_
Notice 0: Failed(termSize) to swap: sky130_vsdinv -> sky130_fd_sc_hd__inv_1 _35508_
Notice 0: Failed(termSize) to swap: sky130_vsdinv -> sky130_fd_sc_hd__inv_1 _34482_
Notice 0: Failed(termSize) to swap: sky130_vsdinv -> sky130_fd_sc_hd__inv_1 _33249_
Notice 0: Failed(termSize) to swap: sky130_vsdinv -> sky130_fd_sc_hd__inv_1 _31340_
Notice 0: Failed(termSize) to swap: sky130_vsdinv -> sky130_fd_sc_hd__clkinv_2 _39293_
Notice 0: Failed(termSize) to swap: sky130_vsdinv -> sky130_fd_sc_hd__inv_1 _34151_
Notice 0: Failed(termSize) to swap: sky130_vsdinv -> sky130_fd_sc_hd__inv_1 _30836_
Notice 0: Failed(termSize) to swap: sky130_vsdinv -> sky130_fd_sc_hd__inv_1 _29869_
Notice 0: Failed(termSize) to swap: sky130_vsdinv -> sky130_fd_sc_hd__inv_1 _42841_
Notice 0: Failed(termSize) to swap: sky130_vsdinv -> sky130_fd_sc_hd__inv_1 _37403_
Notice 0: Failed(termSize) to swap: sky130_vsdinv -> sky130_fd_sc_hd__clkinv_2 _33695_
Notice 0: Failed(termSize) to swap: sky130_vsdinv -> sky130_fd_sc_hd__inv_1 _44154_
Notice 0: Failed(termSize) to swap: sky130_vsdinv -> sky130_fd_sc_hd__clkinv_2 _43694_
Notice 0: Failed(termSize) to swap: sky130_vsdinv -> sky130_fd_sc_hd__inv_1 _42203_
Notice 0: Failed(termSize) to swap: sky130_vsdinv -> sky130_fd_sc_hd__inv_1 _40613_
Notice 0: Failed(termSize) to swap: sky130_vsdinv -> sky130_fd_sc_hd__inv_1 _37799_
Notice 0: Failed(termSize) to swap: sky130_vsdinv -> sky130_fd_sc_hd__inv_1 _37467_
Notice 0: Failed(termSize) to swap: sky130_vsdinv -> sky130_fd_sc_hd__inv_2 _33967_
Notice 0: Failed(termSize) to swap: sky130_vsdinv -> sky130_fd_sc_hd__inv_1 _33804_
Notice 0: Failed(termSize) to swap: sky130_vsdinv -> sky130_fd_sc_hd__inv_1 _44260_
Notice 0: Failed(termSize) to swap: sky130_vsdinv -> sky130_fd_sc_hd__inv_1 _44247_
Notice 0: Failed(termSize) to swap: sky130_vsdinv -> sky130_fd_sc_hd__clkinv_2 _42931_
Notice 0: Failed(termSize) to swap: sky130_vsdinv -> sky130_fd_sc_hd__inv_1 _42305_
Notice 0: Failed(termSize) to swap: sky130_vsdinv -> sky130_fd_sc_hd__clkinv_4 _38958_
Notice 0: Failed(termSize) to swap: sky130_vsdinv -> sky130_fd_sc_hd__inv_1 _36786_
Notice 0: Failed(termSize) to swap: sky130_vsdinv -> sky130_fd_sc_hd__inv_1 _33803_
Notice 0: Failed(termSize) to swap: sky130_vsdinv -> sky130_fd_sc_hd__inv_1 _33513_
Notice 0: Failed(termSize) to swap: sky130_vsdinv -> sky130_fd_sc_hd__inv_1 _42374_
Notice 0: Failed(termSize) to swap: sky130_vsdinv -> sky130_fd_sc_hd__inv_1 _41443_
Notice 0: Failed(termSize) to swap: sky130_vsdinv -> sky130_fd_sc_hd__inv_1 _41039_
Notice 0: Failed(termSize) to swap: sky130_vsdinv -> sky130_fd_sc_hd__inv_1 _40799_
Notice 0: Failed(termSize) to swap: sky130_vsdinv -> sky130_fd_sc_hd__inv_1 _39680_
Notice 0: Failed(termSize) to swap: sky130_vsdinv -> sky130_fd_sc_hd__inv_1 _38073_
Notice 0: Failed(termSize) to swap: sky130_vsdinv -> sky130_fd_sc_hd__clkinv_2 _37543_
Notice 0: Failed(termSize) to swap: sky130_vsdinv -> sky130_fd_sc_hd__clkinv_2 _33690_
Notice 0: Failed(termSize) to swap: sky130_vsdinv -> sky130_fd_sc_hd__inv_2 _32248_
Notice 0: Failed(termSize) to swap: sky130_vsdinv -> sky130_fd_sc_hd__inv_2 _32210_
Notice 0: Failed(termSize) to swap: sky130_vsdinv -> sky130_fd_sc_hd__inv_1 _31680_
Notice 0: Failed(termSize) to swap: sky130_vsdinv -> sky130_fd_sc_hd__inv_1 _30170_
Notice 0: Failed(termSize) to swap: sky130_vsdinv -> sky130_fd_sc_hd__clkinv_2 _43119_
Notice 0: Failed(termSize) to swap: sky130_vsdinv -> sky130_fd_sc_hd__clkinv_2 _39643_
Notice 0: Failed(termSize) to swap: sky130_vsdinv -> sky130_fd_sc_hd__inv_2 _36216_
Notice 0: Failed(termSize) to swap: sky130_vsdinv -> sky130_fd_sc_hd__inv_1 _35485_
Notice 0: Failed(termSize) to swap: sky130_vsdinv -> sky130_fd_sc_hd__clkinv_2 _34501_
Notice 0: Failed(termSize) to swap: sky130_vsdinv -> sky130_fd_sc_hd__clkinv_2 _34464_
Notice 0: Failed(termSize) to swap: sky130_vsdinv -> sky130_fd_sc_hd__inv_1 _34111_
Notice 0: Failed(termSize) to swap: sky130_vsdinv -> sky130_fd_sc_hd__inv_1 _33104_
Notice 0: Failed(termSize) to swap: sky130_vsdinv -> sky130_fd_sc_hd__inv_2 _44455_
Notice 0: Failed(termSize) to swap: sky130_vsdinv -> sky130_fd_sc_hd__inv_2 _42302_
Notice 0: Failed(termSize) to swap: sky130_vsdinv -> sky130_fd_sc_hd__clkinv_2 _39920_
Notice 0: Failed(termSize) to swap: sky130_vsdinv -> sky130_fd_sc_hd__clkinv_2 _39678_
Notice 0: Failed(termSize) to swap: sky130_vsdinv -> sky130_fd_sc_hd__inv_2 _39603_
Notice 0: Failed(termSize) to swap: sky130_vsdinv -> sky130_fd_sc_hd__inv_1 _38168_
Notice 0: Failed(termSize) to swap: sky130_vsdinv -> sky130_fd_sc_hd__clkinv_2 _37731_
Notice 0: Failed(termSize) to swap: sky130_vsdinv -> sky130_fd_sc_hd__clkinv_2 _36626_
Notice 0: Failed(termSize) to swap: sky130_vsdinv -> sky130_fd_sc_hd__inv_2 _35102_
Notice 0: Failed(termSize) to swap: sky130_vsdinv -> sky130_fd_sc_hd__inv_2 _41694_
Notice 0: Failed(termSize) to swap: sky130_vsdinv -> sky130_fd_sc_hd__clkinv_2 _41024_
Notice 0: Failed(termSize) to swap: sky130_vsdinv -> sky130_fd_sc_hd__inv_1 _40920_
Notice 0: Failed(termSize) to swap: sky130_vsdinv -> sky130_fd_sc_hd__inv_1 _40503_
Notice 0: Failed(termSize) to swap: sky130_vsdinv -> sky130_fd_sc_hd__inv_1 _39811_
Notice 0: Failed(termSize) to swap: sky130_vsdinv -> sky130_fd_sc_hd__clkinv_2 _37297_
Notice 0: Failed(termSize) to swap: sky130_vsdinv -> sky130_fd_sc_hd__clkinv_4 _36331_
Notice 0: Failed(termSize) to swap: sky130_vsdinv -> sky130_fd_sc_hd__inv_1 _36086_
Notice 0: Failed(termSize) to swap: sky130_vsdinv -> sky130_fd_sc_hd__clkinv_2 _33606_
Notice 0: Failed(termSize) to swap: sky130_vsdinv -> sky130_fd_sc_hd__clkinv_2 _33434_
Notice 0: Failed(termSize) to swap: sky130_vsdinv -> sky130_fd_sc_hd__inv_1 _32610_
Notice 0: Failed(termSize) to swap: sky130_vsdinv -> sky130_fd_sc_hd__inv_2 _43849_
Notice 0: Failed(termSize) to swap: sky130_vsdinv -> sky130_fd_sc_hd__clkinv_2 _43807_
Notice 0: Failed(termSize) to swap: sky130_vsdinv -> sky130_fd_sc_hd__inv_1 _43400_
Notice 0: Failed(termSize) to swap: sky130_vsdinv -> sky130_fd_sc_hd__inv_1 _42974_
Notice 0: Failed(termSize) to swap: sky130_vsdinv -> sky130_fd_sc_hd__inv_1 _42325_
Notice 0: Failed(termSize) to swap: sky130_vsdinv -> sky130_fd_sc_hd__inv_1 _41821_
Notice 0: Failed(termSize) to swap: sky130_vsdinv -> sky130_fd_sc_hd__clkinv_2 _41485_
Notice 0: Failed(termSize) to swap: sky130_vsdinv -> sky130_fd_sc_hd__clkinv_2 _40836_
Notice 0: Failed(termSize) to swap: sky130_vsdinv -> sky130_fd_sc_hd__clkinv_2 _39470_
Notice 0: Failed(termSize) to swap: sky130_vsdinv -> sky130_fd_sc_hd__inv_2 _36978_
Notice 0: Failed(termSize) to swap: sky130_vsdinv -> sky130_fd_sc_hd__inv_1 _36428_
Notice 0: Failed(termSize) to swap: sky130_vsdinv -> sky130_fd_sc_hd__inv_1 _36054_
Notice 0: Failed(termSize) to swap: sky130_vsdinv -> sky130_fd_sc_hd__inv_2 _35089_
Notice 0: Failed(termSize) to swap: sky130_vsdinv -> sky130_fd_sc_hd__inv_2 _32838_
Notice 0: Failed(termSize) to swap: sky130_vsdinv -> sky130_fd_sc_hd__clkinv_2 _32812_
Notice 0: Failed(termSize) to swap: sky130_vsdinv -> sky130_fd_sc_hd__clkinv_2 _32576_
Notice 0: Failed(termSize) to swap: sky130_vsdinv -> sky130_fd_sc_hd__clkinv_2 _31907_
Notice 0: Failed(termSize) to swap: sky130_vsdinv -> sky130_fd_sc_hd__inv_1 _31399_
Notice 0: Failed(termSize) to swap: sky130_vsdinv -> sky130_fd_sc_hd__clkinv_2 _30927_
Notice 0: Failed(termSize) to swap: sky130_vsdinv -> sky130_fd_sc_hd__inv_1 _28435_
Notice 0: Failed(termSize) to swap: sky130_vsdinv -> sky130_fd_sc_hd__inv_1 _44125_
Notice 0: Failed(termSize) to swap: sky130_vsdinv -> sky130_fd_sc_hd__clkinv_2 _39178_
Notice 0: Failed(termSize) to swap: sky130_vsdinv -> sky130_fd_sc_hd__clkinv_2 _38526_
Notice 0: Failed(termSize) to swap: sky130_vsdinv -> sky130_fd_sc_hd__inv_1 _38060_
Notice 0: Failed(termSize) to swap: sky130_vsdinv -> sky130_fd_sc_hd__inv_1 _37489_
Notice 0: Failed(termSize) to swap: sky130_vsdinv -> sky130_fd_sc_hd__inv_1 _35778_
Notice 0: Failed(termSize) to swap: sky130_vsdinv -> sky130_fd_sc_hd__inv_1 _34971_
Notice 0: Failed(termSize) to swap: sky130_vsdinv -> sky130_fd_sc_hd__clkinv_2 _34858_
Notice 0: Failed(termSize) to swap: sky130_vsdinv -> sky130_fd_sc_hd__inv_2 _33600_
Notice 0: Failed(termSize) to swap: sky130_vsdinv -> sky130_fd_sc_hd__inv_1 _33024_
Notice 0: Failed(termSize) to swap: sky130_vsdinv -> sky130_fd_sc_hd__inv_1 _32930_
Notice 0: Failed(termSize) to swap: sky130_vsdinv -> sky130_fd_sc_hd__inv_1 _32713_
Notice 0: Failed(termSize) to swap: sky130_vsdinv -> sky130_fd_sc_hd__inv_1 _31465_
Notice 0: Failed(termSize) to swap: sky130_vsdinv -> sky130_fd_sc_hd__clkinv_2 _30776_
Notice 0: Failed(termSize) to swap: sky130_vsdinv -> sky130_fd_sc_hd__inv_1 _28420_
Notice 0: Failed(termSize) to swap: sky130_vsdinv -> sky130_fd_sc_hd__inv_1 _28340_
Notice 0: Failed(termSize) to swap: sky130_vsdinv -> sky130_fd_sc_hd__inv_2 _43485_
Notice 0: Failed(termSize) to swap: sky130_vsdinv -> sky130_fd_sc_hd__inv_1 _40102_
Notice 0: Failed(termSize) to swap: sky130_vsdinv -> sky130_fd_sc_hd__inv_2 _39467_
Notice 0: Failed(termSize) to swap: sky130_vsdinv -> sky130_fd_sc_hd__inv_1 _39158_
Notice 0: Failed(termSize) to swap: sky130_vsdinv -> sky130_fd_sc_hd__inv_1 _38278_
Notice 0: Failed(termSize) to swap: sky130_vsdinv -> sky130_fd_sc_hd__inv_1 _38274_
Notice 0: Failed(termSize) to swap: sky130_vsdinv -> sky130_fd_sc_hd__clkinv_2 _38136_
Notice 0: Failed(termSize) to swap: sky130_vsdinv -> sky130_fd_sc_hd__clkinv_2 _38125_
Notice 0: Failed(termSize) to swap: sky130_vsdinv -> sky130_fd_sc_hd__clkinv_2 _37604_
Notice 0: Failed(termSize) to swap: sky130_vsdinv -> sky130_fd_sc_hd__clkinv_2 _35702_
Notice 0: Failed(termSize) to swap: sky130_vsdinv -> sky130_fd_sc_hd__clkinv_2 _34667_
Notice 0: Failed(termSize) to swap: sky130_vsdinv -> sky130_fd_sc_hd__clkinv_2 _33898_
Notice 0: Failed(termSize) to swap: sky130_vsdinv -> sky130_fd_sc_hd__clkinv_2 _33770_
Notice 0: Failed(termSize) to swap: sky130_vsdinv -> sky130_fd_sc_hd__inv_1 _32870_
Notice 0: Failed(termSize) to swap: sky130_vsdinv -> sky130_fd_sc_hd__clkinv_2 _30681_
Notice 0: Failed(termSize) to swap: sky130_vsdinv -> sky130_fd_sc_hd__inv_2 _30166_
Notice 0: Failed(termSize) to swap: sky130_vsdinv -> sky130_fd_sc_hd__clkinv_2 _30154_
Notice 0: Failed(termSize) to swap: sky130_vsdinv -> sky130_fd_sc_hd__clkinv_2 _29574_
Notice 0: Failed(termSize) to swap: sky130_vsdinv -> sky130_fd_sc_hd__inv_1 _28445_
Notice 0: Failed(termSize) to swap: sky130_vsdinv -> sky130_fd_sc_hd__inv_2 _23410_
Notice 0: Failed(termSize) to swap: sky130_vsdinv -> sky130_fd_sc_hd__inv_1 _43307_
Notice 0: Failed(termSize) to swap: sky130_vsdinv -> sky130_fd_sc_hd__inv_1 _42351_
Notice 0: Failed(termSize) to swap: sky130_vsdinv -> sky130_fd_sc_hd__inv_1 _41919_
Notice 0: Failed(termSize) to swap: sky130_vsdinv -> sky130_fd_sc_hd__inv_2 _41329_
Notice 0: Failed(termSize) to swap: sky130_vsdinv -> sky130_fd_sc_hd__inv_1 _40409_
Notice 0: Failed(termSize) to swap: sky130_vsdinv -> sky130_fd_sc_hd__inv_1 _38672_
Notice 0: Failed(termSize) to swap: sky130_vsdinv -> sky130_fd_sc_hd__inv_2 _38505_
Notice 0: Failed(termSize) to swap: sky130_vsdinv -> sky130_fd_sc_hd__inv_1 _38108_
Notice 0: Failed(termSize) to swap: sky130_vsdinv -> sky130_fd_sc_hd__inv_1 _37108_
Notice 0: Failed(termSize) to swap: sky130_vsdinv -> sky130_fd_sc_hd__inv_1 _35286_
Notice 0: Failed(termSize) to swap: sky130_vsdinv -> sky130_fd_sc_hd__inv_2 _34746_
Notice 0: Failed(termSize) to swap: sky130_vsdinv -> sky130_fd_sc_hd__clkinv_2 _34201_
Notice 0: Failed(termSize) to swap: sky130_vsdinv -> sky130_fd_sc_hd__inv_2 _31207_
Notice 0: Failed(termSize) to swap: sky130_vsdinv -> sky130_fd_sc_hd__clkinv_2 _31044_
Notice 0: Failed(termSize) to swap: sky130_vsdinv -> sky130_fd_sc_hd__inv_1 _30440_
Notice 0: Failed(termSize) to swap: sky130_vsdinv -> sky130_fd_sc_hd__clkinv_4 _29601_
Notice 0: Failed(termSize) to swap: sky130_vsdinv -> sky130_fd_sc_hd__inv_2 _23760_
Notice 0: Failed(termSize) to swap: sky130_vsdinv -> sky130_fd_sc_hd__inv_2 _23751_
Notice 0: Failed(termSize) to swap: sky130_vsdinv -> sky130_fd_sc_hd__inv_1 _23742_
Notice 0: Failed(termSize) to swap: sky130_vsdinv -> sky130_fd_sc_hd__clkinv_2 _23729_
Notice 0: Failed(termSize) to swap: sky130_vsdinv -> sky130_fd_sc_hd__inv_1 _23717_
Notice 0: Failed(termSize) to swap: sky130_vsdinv -> sky130_fd_sc_hd__inv_1 _23708_
Notice 0: Failed(termSize) to swap: sky130_vsdinv -> sky130_fd_sc_hd__inv_1 _23546_
Notice 0: Failed(termSize) to swap: sky130_vsdinv -> sky130_fd_sc_hd__inv_1 _43633_
Notice 0: Failed(termSize) to swap: sky130_vsdinv -> sky130_fd_sc_hd__inv_1 _43186_
Notice 0: Failed(termSize) to swap: sky130_vsdinv -> sky130_fd_sc_hd__clkinv_2 _41603_
Notice 0: Failed(termSize) to swap: sky130_vsdinv -> sky130_fd_sc_hd__inv_1 _41366_
Notice 0: Failed(termSize) to swap: sky130_vsdinv -> sky130_fd_sc_hd__inv_1 _41303_
Notice 0: Failed(termSize) to swap: sky130_vsdinv -> sky130_fd_sc_hd__inv_1 _40709_
Notice 0: Failed(termSize) to swap: sky130_vsdinv -> sky130_fd_sc_hd__inv_2 _40592_
Notice 0: Failed(termSize) to swap: sky130_vsdinv -> sky130_fd_sc_hd__inv_1 _40046_
Notice 0: Failed(termSize) to swap: sky130_vsdinv -> sky130_fd_sc_hd__clkinv_2 _39500_
Notice 0: Failed(termSize) to swap: sky130_vsdinv -> sky130_fd_sc_hd__clkinv_2 _39151_
Notice 0: Failed(termSize) to swap: sky130_vsdinv -> sky130_fd_sc_hd__inv_2 _38812_
Notice 0: Failed(termSize) to swap: sky130_vsdinv -> sky130_fd_sc_hd__inv_2 _38415_
Notice 0: Failed(termSize) to swap: sky130_vsdinv -> sky130_fd_sc_hd__clkinv_2 _38150_
Notice 0: Failed(termSize) to swap: sky130_vsdinv -> sky130_fd_sc_hd__inv_2 _37861_
Notice 0: Failed(termSize) to swap: sky130_vsdinv -> sky130_fd_sc_hd__inv_2 _37710_
Notice 0: Failed(termSize) to swap: sky130_vsdinv -> sky130_fd_sc_hd__clkinv_2 _37519_
Notice 0: Failed(termSize) to swap: sky130_vsdinv -> sky130_fd_sc_hd__inv_2 _37308_
Notice 0: Failed(termSize) to swap: sky130_vsdinv -> sky130_fd_sc_hd__inv_2 _37216_
Notice 0: Failed(termSize) to swap: sky130_vsdinv -> sky130_fd_sc_hd__inv_2 _37159_
Notice 0: Failed(termSize) to swap: sky130_vsdinv -> sky130_fd_sc_hd__inv_2 _36963_
Notice 0: Failed(termSize) to swap: sky130_vsdinv -> sky130_fd_sc_hd__inv_1 _36749_
Notice 0: Failed(termSize) to swap: sky130_vsdinv -> sky130_fd_sc_hd__inv_2 _36672_
Notice 0: Failed(termSize) to swap: sky130_vsdinv -> sky130_fd_sc_hd__clkinv_2 _36468_
Notice 0: Failed(termSize) to swap: sky130_vsdinv -> sky130_fd_sc_hd__clkinv_2 _36398_
Notice 0: Failed(termSize) to swap: sky130_vsdinv -> sky130_fd_sc_hd__inv_2 _36368_
Notice 0: Failed(termSize) to swap: sky130_vsdinv -> sky130_fd_sc_hd__clkinv_2 _35935_
Notice 0: Failed(termSize) to swap: sky130_vsdinv -> sky130_fd_sc_hd__clkinv_2 _35885_
Notice 0: Failed(termSize) to swap: sky130_vsdinv -> sky130_fd_sc_hd__inv_2 _35539_
Notice 0: Failed(termSize) to swap: sky130_vsdinv -> sky130_fd_sc_hd__clkinv_4 _33916_
Notice 0: Failed(termSize) to swap: sky130_vsdinv -> sky130_fd_sc_hd__clkinv_2 _33120_
Notice 0: Failed(termSize) to swap: sky130_vsdinv -> sky130_fd_sc_hd__inv_2 _32394_
Notice 0: Failed(termSize) to swap: sky130_vsdinv -> sky130_fd_sc_hd__inv_1 _31821_
Notice 0: Failed(termSize) to swap: sky130_vsdinv -> sky130_fd_sc_hd__inv_2 _31701_
Notice 0: Failed(termSize) to swap: sky130_vsdinv -> sky130_fd_sc_hd__inv_2 _31425_
Notice 0: Failed(termSize) to swap: sky130_vsdinv -> sky130_fd_sc_hd__inv_2 _31379_
Notice 0: Failed(termSize) to swap: sky130_vsdinv -> sky130_fd_sc_hd__inv_2 _31083_
Notice 0: Failed(termSize) to swap: sky130_vsdinv -> sky130_fd_sc_hd__clkinv_2 _30469_
Notice 0: Failed(termSize) to swap: sky130_vsdinv -> sky130_fd_sc_hd__inv_1 _30197_
Notice 0: Failed(termSize) to swap: sky130_vsdinv -> sky130_fd_sc_hd__inv_2 _29427_
Notice 0: Failed(termSize) to swap: sky130_vsdinv -> sky130_fd_sc_hd__clkinv_2 _28555_
Notice 0: Failed(termSize) to swap: sky130_vsdinv -> sky130_fd_sc_hd__inv_1 _27026_
Notice 0: Failed(termSize) to swap: sky130_vsdinv -> sky130_fd_sc_hd__clkinv_2 _23406_
Notice 0: Failed(termSize) to swap: sky130_vsdinv -> sky130_fd_sc_hd__inv_1 _23340_
Notice 0: Failed(termSize) to swap: sky130_vsdinv -> sky130_fd_sc_hd__inv_1 _23332_
Notice 0: Failed(termSize) to swap: sky130_vsdinv -> sky130_fd_sc_hd__inv_1 _23289_
Notice 0: Failed(termSize) to swap: sky130_vsdinv -> sky130_fd_sc_hd__inv_1 _23280_
Notice 0: Failed(termSize) to swap: sky130_vsdinv -> sky130_fd_sc_hd__inv_1 _42132_
Notice 0: Failed(termSize) to swap: sky130_vsdinv -> sky130_fd_sc_hd__inv_1 _41286_
Notice 0: Failed(termSize) to swap: sky130_vsdinv -> sky130_fd_sc_hd__clkinv_2 _41123_
Notice 0: Failed(termSize) to swap: sky130_vsdinv -> sky130_fd_sc_hd__inv_2 _41057_
Notice 0: Failed(termSize) to swap: sky130_vsdinv -> sky130_fd_sc_hd__inv_2 _41050_
Notice 0: Failed(termSize) to swap: sky130_vsdinv -> sky130_fd_sc_hd__inv_2 _41013_
Notice 0: Failed(termSize) to swap: sky130_vsdinv -> sky130_fd_sc_hd__clkinv_2 _40520_
Notice 0: Failed(termSize) to swap: sky130_vsdinv -> sky130_fd_sc_hd__inv_2 _40176_
Notice 0: Failed(termSize) to swap: sky130_vsdinv -> sky130_fd_sc_hd__clkinv_2 _40123_
Notice 0: Failed(termSize) to swap: sky130_vsdinv -> sky130_fd_sc_hd__inv_2 _39882_
Notice 0: Failed(termSize) to swap: sky130_vsdinv -> sky130_fd_sc_hd__clkinv_2 _39093_
Notice 0: Failed(termSize) to swap: sky130_vsdinv -> sky130_fd_sc_hd__clkinv_2 _39060_
Notice 0: Failed(termSize) to swap: sky130_vsdinv -> sky130_fd_sc_hd__inv_2 _38876_
Notice 0: Failed(termSize) to swap: sky130_vsdinv -> sky130_fd_sc_hd__inv_2 _38738_
Notice 0: Failed(termSize) to swap: sky130_vsdinv -> sky130_fd_sc_hd__inv_2 _38724_
Notice 0: Failed(termSize) to swap: sky130_vsdinv -> sky130_fd_sc_hd__inv_2 _38485_
Notice 0: Failed(termSize) to swap: sky130_vsdinv -> sky130_fd_sc_hd__clkinv_2 _38329_
Notice 0: Failed(termSize) to swap: sky130_vsdinv -> sky130_fd_sc_hd__inv_2 _37889_
Notice 0: Failed(termSize) to swap: sky130_vsdinv -> sky130_fd_sc_hd__inv_1 _37096_
Notice 0: Failed(termSize) to swap: sky130_vsdinv -> sky130_fd_sc_hd__inv_1 _36816_
Notice 0: Failed(termSize) to swap: sky130_vsdinv -> sky130_fd_sc_hd__clkinv_2 _36800_
Notice 0: Failed(termSize) to swap: sky130_vsdinv -> sky130_fd_sc_hd__clkinv_2 _36549_
Notice 0: Failed(termSize) to swap: sky130_vsdinv -> sky130_fd_sc_hd__inv_1 _36518_
Notice 0: Failed(termSize) to swap: sky130_vsdinv -> sky130_fd_sc_hd__clkinv_4 _36308_
Notice 0: Failed(termSize) to swap: sky130_vsdinv -> sky130_fd_sc_hd__clkinv_2 _36150_
Notice 0: Failed(termSize) to swap: sky130_vsdinv -> sky130_fd_sc_hd__inv_2 _36100_
Notice 0: Failed(termSize) to swap: sky130_vsdinv -> sky130_fd_sc_hd__inv_2 _36001_
Notice 0: Failed(termSize) to swap: sky130_vsdinv -> sky130_fd_sc_hd__inv_2 _35756_
Notice 0: Failed(termSize) to swap: sky130_vsdinv -> sky130_fd_sc_hd__inv_1 _35642_
Notice 0: Failed(termSize) to swap: sky130_vsdinv -> sky130_fd_sc_hd__inv_1 _35576_
Notice 0: Failed(termSize) to swap: sky130_vsdinv -> sky130_fd_sc_hd__clkinv_2 _35353_
Notice 0: Failed(termSize) to swap: sky130_vsdinv -> sky130_fd_sc_hd__clkinv_2 _35295_
Notice 0: Failed(termSize) to swap: sky130_vsdinv -> sky130_fd_sc_hd__inv_1 _35260_
Notice 0: Failed(termSize) to swap: sky130_vsdinv -> sky130_fd_sc_hd__clkinv_2 _35069_
Notice 0: Failed(termSize) to swap: sky130_vsdinv -> sky130_fd_sc_hd__inv_2 _35039_
Notice 0: Failed(termSize) to swap: sky130_vsdinv -> sky130_fd_sc_hd__clkinv_2 _34954_
Notice 0: Failed(termSize) to swap: sky130_vsdinv -> sky130_fd_sc_hd__clkinv_2 _34661_
Notice 0: Failed(termSize) to swap: sky130_vsdinv -> sky130_fd_sc_hd__clkinv_2 _34559_
Notice 0: Failed(termSize) to swap: sky130_vsdinv -> sky130_fd_sc_hd__inv_1 _34311_
Notice 0: Failed(termSize) to swap: sky130_vsdinv -> sky130_fd_sc_hd__inv_2 _33745_
Notice 0: Failed(termSize) to swap: sky130_vsdinv -> sky130_fd_sc_hd__inv_2 _33708_
Notice 0: Failed(termSize) to swap: sky130_vsdinv -> sky130_fd_sc_hd__inv_2 _33407_
Notice 0: Failed(termSize) to swap: sky130_vsdinv -> sky130_fd_sc_hd__inv_2 _33321_
Notice 0: Failed(termSize) to swap: sky130_vsdinv -> sky130_fd_sc_hd__clkinv_2 _33299_
Notice 0: Failed(termSize) to swap: sky130_vsdinv -> sky130_fd_sc_hd__inv_2 _33006_
Notice 0: Failed(termSize) to swap: sky130_vsdinv -> sky130_fd_sc_hd__inv_2 _32896_
Notice 0: Failed(termSize) to swap: sky130_vsdinv -> sky130_fd_sc_hd__inv_2 _32854_
Notice 0: Failed(termSize) to swap: sky130_vsdinv -> sky130_fd_sc_hd__inv_1 _32803_
Notice 0: Failed(termSize) to swap: sky130_vsdinv -> sky130_fd_sc_hd__inv_2 _32785_
Notice 0: Failed(termSize) to swap: sky130_vsdinv -> sky130_fd_sc_hd__clkinv_2 _32759_
Notice 0: Failed(termSize) to swap: sky130_vsdinv -> sky130_fd_sc_hd__clkinv_4 _32094_
Notice 0: Failed(termSize) to swap: sky130_vsdinv -> sky130_fd_sc_hd__clkinv_2 _32035_
Notice 0: Failed(termSize) to swap: sky130_vsdinv -> sky130_fd_sc_hd__clkinv_4 _31926_
Notice 0: Failed(termSize) to swap: sky130_vsdinv -> sky130_fd_sc_hd__clkinv_2 _31884_
Notice 0: Failed(termSize) to swap: sky130_vsdinv -> sky130_fd_sc_hd__inv_4 _31631_
Notice 0: Failed(termSize) to swap: sky130_vsdinv -> sky130_fd_sc_hd__inv_1 _30661_
Notice 0: Failed(termSize) to swap: sky130_vsdinv -> sky130_fd_sc_hd__clkinv_2 _30379_
Notice 0: Failed(termSize) to swap: sky130_vsdinv -> sky130_fd_sc_hd__inv_1 _29064_
Notice 0: Failed(termSize) to swap: sky130_vsdinv -> sky130_fd_sc_hd__clkinv_2 _28932_
Notice 0: Failed(termSize) to swap: sky130_vsdinv -> sky130_fd_sc_hd__inv_1 _24130_
Notice 0: Failed(termSize) to swap: sky130_vsdinv -> sky130_fd_sc_hd__clkinv_2 _23506_
Notice 0: Failed(termSize) to swap: sky130_vsdinv -> sky130_fd_sc_hd__inv_1 _23023_
Notice 0: Failed(termSize) to swap: sky130_vsdinv -> sky130_fd_sc_hd__clkinv_2 _42090_
Notice 0: Failed(termSize) to swap: sky130_vsdinv -> sky130_fd_sc_hd__clkinv_2 _39233_
Notice 0: Failed(termSize) to swap: sky130_vsdinv -> sky130_fd_sc_hd__clkinv_2 _38634_
Notice 0: Failed(termSize) to swap: sky130_vsdinv -> sky130_fd_sc_hd__clkinv_2 _36700_
Notice 0: Failed(termSize) to swap: sky130_vsdinv -> sky130_fd_sc_hd__inv_2 _35065_
Notice 0: Failed(termSize) to swap: sky130_vsdinv -> sky130_fd_sc_hd__clkinv_4 _34837_
Notice 0: Failed(termSize) to swap: sky130_vsdinv -> sky130_fd_sc_hd__inv_2 _34631_
Notice 0: Failed(termSize) to swap: sky130_vsdinv -> sky130_fd_sc_hd__inv_2 _34342_
Notice 0: Failed(termSize) to swap: sky130_vsdinv -> sky130_fd_sc_hd__inv_2 _34193_
Notice 0: Failed(termSize) to swap: sky130_vsdinv -> sky130_fd_sc_hd__inv_2 _34065_
Notice 0: Failed(termSize) to swap: sky130_vsdinv -> sky130_fd_sc_hd__clkinv_8 _30678_
Notice 0: Failed(termSize) to swap: sky130_vsdinv -> sky130_fd_sc_hd__clkinv_4 _30254_
Notice 0: Failed(termSize) to swap: sky130_vsdinv -> sky130_fd_sc_hd__inv_1 _29166_
Notice 0: Failed(termSize) to swap: sky130_vsdinv -> sky130_fd_sc_hd__inv_1 _28072_
Notice 0: Failed(termSize) to swap: sky130_vsdinv -> sky130_fd_sc_hd__clkinv_2 _25743_
Notice 0: Failed(termSize) to swap: sky130_vsdinv -> sky130_fd_sc_hd__inv_1 _24270_
Notice 0: Failed(termSize) to swap: sky130_vsdinv -> sky130_fd_sc_hd__clkinv_2 _23413_
Notice 0: Failed(termSize) to swap: sky130_vsdinv -> sky130_fd_sc_hd__inv_1 _23165_
Notice 0: Failed(termSize) to swap: sky130_vsdinv -> sky130_fd_sc_hd__inv_1 _23152_
Notice 0: Failed(termSize) to swap: sky130_vsdinv -> sky130_fd_sc_hd__clkinv_2 _38486_
Notice 0: Failed(termSize) to swap: sky130_vsdinv -> sky130_fd_sc_hd__inv_4 _37079_
Notice 0: Failed(termSize) to swap: sky130_vsdinv -> sky130_fd_sc_hd__clkinv_2 _36937_
Notice 0: Failed(termSize) to swap: sky130_vsdinv -> sky130_fd_sc_hd__inv_2 _36252_
Notice 0: Failed(termSize) to swap: sky130_vsdinv -> sky130_fd_sc_hd__inv_2 _36090_
Notice 0: Failed(termSize) to swap: sky130_vsdinv -> sky130_fd_sc_hd__clkinv_4 _35915_
Notice 0: Failed(termSize) to swap: sky130_vsdinv -> sky130_fd_sc_hd__clkinv_4 _35654_
Notice 0: Failed(termSize) to swap: sky130_vsdinv -> sky130_fd_sc_hd__inv_2 _35388_
Notice 0: Failed(termSize) to swap: sky130_vsdinv -> sky130_fd_sc_hd__inv_2 _35345_
Notice 0: Failed(termSize) to swap: sky130_vsdinv -> sky130_fd_sc_hd__clkinv_4 _34020_
Notice 0: Failed(termSize) to swap: sky130_vsdinv -> sky130_fd_sc_hd__inv_2 _33399_
Notice 0: Failed(termSize) to swap: sky130_vsdinv -> sky130_fd_sc_hd__inv_1 _32496_
Notice 0: Failed(termSize) to swap: sky130_vsdinv -> sky130_fd_sc_hd__inv_4 _32320_
Notice 0: Failed(termSize) to swap: sky130_vsdinv -> sky130_fd_sc_hd__inv_2 _31647_
Notice 0: Failed(termSize) to swap: sky130_vsdinv -> sky130_fd_sc_hd__inv_2 _31418_
Notice 0: Failed(termSize) to swap: sky130_vsdinv -> sky130_fd_sc_hd__inv_2 _31370_
Notice 0: Failed(termSize) to swap: sky130_vsdinv -> sky130_fd_sc_hd__clkinv_2 _31161_
Notice 0: Failed(termSize) to swap: sky130_vsdinv -> sky130_fd_sc_hd__inv_2 _30895_
Notice 0: Failed(termSize) to swap: sky130_vsdinv -> sky130_fd_sc_hd__inv_2 _30877_
Notice 0: Failed(termSize) to swap: sky130_vsdinv -> sky130_fd_sc_hd__inv_2 _30740_
Notice 0: Failed(termSize) to swap: sky130_vsdinv -> sky130_fd_sc_hd__inv_2 _30270_
Notice 0: Failed(termSize) to swap: sky130_vsdinv -> sky130_fd_sc_hd__clkinv_8 _30120_
Notice 0: Failed(termSize) to swap: sky130_vsdinv -> sky130_fd_sc_hd__clkinv_4 _30069_
Notice 0: Failed(termSize) to swap: sky130_vsdinv -> sky130_fd_sc_hd__inv_4 _29737_
Notice 0: Failed(termSize) to swap: sky130_vsdinv -> sky130_fd_sc_hd__inv_2 _29733_
Notice 0: Failed(termSize) to swap: sky130_vsdinv -> sky130_fd_sc_hd__inv_2 _29404_
Notice 0: Failed(termSize) to swap: sky130_vsdinv -> sky130_fd_sc_hd__inv_1 _27733_
Notice 0: Failed(termSize) to swap: sky130_vsdinv -> sky130_fd_sc_hd__clkinv_2 _27094_
Notice 0: Failed(termSize) to swap: sky130_vsdinv -> sky130_fd_sc_hd__clkinv_2 _27053_
Notice 0: Failed(termSize) to swap: sky130_vsdinv -> sky130_fd_sc_hd__inv_1 _26998_
Notice 0: Failed(termSize) to swap: sky130_vsdinv -> sky130_fd_sc_hd__inv_2 _26968_
Notice 0: Failed(termSize) to swap: sky130_vsdinv -> sky130_fd_sc_hd__clkinv_2 _26961_
Notice 0: Failed(termSize) to swap: sky130_vsdinv -> sky130_fd_sc_hd__inv_1 _26784_
Notice 0: Failed(termSize) to swap: sky130_vsdinv -> sky130_fd_sc_hd__inv_1 _23791_
Notice 0: Failed(termSize) to swap: sky130_vsdinv -> sky130_fd_sc_hd__inv_2 _23218_
Notice 0: Failed(termSize) to swap: sky130_vsdinv -> sky130_fd_sc_hd__inv_4 _22950_
Notice 0: Failed(termSize) to swap: sky130_vsdinv -> sky130_fd_sc_hd__inv_2 _33920_
Notice 0: Failed(termSize) to swap: sky130_vsdinv -> sky130_fd_sc_hd__inv_2 _32909_
Notice 0: Failed(termSize) to swap: sky130_vsdinv -> sky130_fd_sc_hd__clkinv_8 _31611_
Notice 0: Failed(termSize) to swap: sky130_vsdinv -> sky130_fd_sc_hd__clkinv_2 _29569_
Notice 0: Failed(termSize) to swap: sky130_vsdinv -> sky130_fd_sc_hd__inv_1 _29463_
Notice 0: Failed(termSize) to swap: sky130_vsdinv -> sky130_fd_sc_hd__inv_1 _29144_
Notice 0: Failed(termSize) to swap: sky130_vsdinv -> sky130_fd_sc_hd__inv_1 _29125_
Notice 0: Failed(termSize) to swap: sky130_vsdinv -> sky130_fd_sc_hd__inv_1 _29038_
Notice 0: Failed(termSize) to swap: sky130_vsdinv -> sky130_fd_sc_hd__inv_1 _28981_
Notice 0: Failed(termSize) to swap: sky130_vsdinv -> sky130_fd_sc_hd__inv_1 _28589_
Notice 0: Failed(termSize) to swap: sky130_vsdinv -> sky130_fd_sc_hd__inv_1 _28351_
Notice 0: Failed(termSize) to swap: sky130_vsdinv -> sky130_fd_sc_hd__inv_2 _28193_
Notice 0: Failed(termSize) to swap: sky130_vsdinv -> sky130_fd_sc_hd__clkinv_2 _28184_
Notice 0: Failed(termSize) to swap: sky130_vsdinv -> sky130_fd_sc_hd__inv_2 _28175_
Notice 0: Failed(termSize) to swap: sky130_vsdinv -> sky130_fd_sc_hd__inv_2 _28162_
Notice 0: Failed(termSize) to swap: sky130_vsdinv -> sky130_fd_sc_hd__clkinv_2 _28153_
Notice 0: Failed(termSize) to swap: sky130_vsdinv -> sky130_fd_sc_hd__inv_2 _28141_
Notice 0: Failed(termSize) to swap: sky130_vsdinv -> sky130_fd_sc_hd__inv_2 _28133_
Notice 0: Failed(termSize) to swap: sky130_vsdinv -> sky130_fd_sc_hd__clkinv_4 _28114_
Notice 0: Failed(termSize) to swap: sky130_vsdinv -> sky130_fd_sc_hd__inv_2 _28104_
Notice 0: Failed(termSize) to swap: sky130_vsdinv -> sky130_fd_sc_hd__clkinv_2 _28086_
Notice 0: Failed(termSize) to swap: sky130_vsdinv -> sky130_fd_sc_hd__inv_1 _28040_
Notice 0: Failed(termSize) to swap: sky130_vsdinv -> sky130_fd_sc_hd__inv_2 _28032_
Notice 0: Failed(termSize) to swap: sky130_vsdinv -> sky130_fd_sc_hd__inv_1 _27917_
Notice 0: Failed(termSize) to swap: sky130_vsdinv -> sky130_fd_sc_hd__inv_2 _27909_
Notice 0: Failed(termSize) to swap: sky130_vsdinv -> sky130_fd_sc_hd__inv_2 _27907_
Notice 0: Failed(termSize) to swap: sky130_vsdinv -> sky130_fd_sc_hd__inv_2 _27904_
Notice 0: Failed(termSize) to swap: sky130_vsdinv -> sky130_fd_sc_hd__inv_1 _27900_
Notice 0: Failed(termSize) to swap: sky130_vsdinv -> sky130_fd_sc_hd__clkinv_2 _27898_
Notice 0: Failed(termSize) to swap: sky130_vsdinv -> sky130_fd_sc_hd__clkinv_4 _27895_
Notice 0: Failed(termSize) to swap: sky130_vsdinv -> sky130_fd_sc_hd__inv_2 _27893_
Notice 0: Failed(termSize) to swap: sky130_vsdinv -> sky130_fd_sc_hd__inv_2 _27888_
Notice 0: Failed(termSize) to swap: sky130_vsdinv -> sky130_fd_sc_hd__inv_2 _27884_
Notice 0: Failed(termSize) to swap: sky130_vsdinv -> sky130_fd_sc_hd__inv_2 _27874_
Notice 0: Failed(termSize) to swap: sky130_vsdinv -> sky130_fd_sc_hd__clkinv_4 _27872_
Notice 0: Failed(termSize) to swap: sky130_vsdinv -> sky130_fd_sc_hd__inv_2 _27868_
Notice 0: Failed(termSize) to swap: sky130_vsdinv -> sky130_fd_sc_hd__inv_1 _27852_
Notice 0: Failed(termSize) to swap: sky130_vsdinv -> sky130_fd_sc_hd__inv_1 _27740_
Notice 0: Failed(termSize) to swap: sky130_vsdinv -> sky130_fd_sc_hd__inv_1 _27730_
Notice 0: Failed(termSize) to swap: sky130_vsdinv -> sky130_fd_sc_hd__inv_1 _27720_
Notice 0: Failed(termSize) to swap: sky130_vsdinv -> sky130_fd_sc_hd__inv_1 _27706_
Notice 0: Failed(termSize) to swap: sky130_vsdinv -> sky130_fd_sc_hd__inv_1 _27701_
Notice 0: Failed(termSize) to swap: sky130_vsdinv -> sky130_fd_sc_hd__inv_1 _27692_
Notice 0: Failed(termSize) to swap: sky130_vsdinv -> sky130_fd_sc_hd__inv_1 _27680_
Notice 0: Failed(termSize) to swap: sky130_vsdinv -> sky130_fd_sc_hd__inv_1 _27669_
Notice 0: Failed(termSize) to swap: sky130_vsdinv -> sky130_fd_sc_hd__inv_1 _27667_
Notice 0: Failed(termSize) to swap: sky130_vsdinv -> sky130_fd_sc_hd__inv_1 _27659_
Notice 0: Failed(termSize) to swap: sky130_vsdinv -> sky130_fd_sc_hd__inv_1 _27655_
Notice 0: Failed(termSize) to swap: sky130_vsdinv -> sky130_fd_sc_hd__inv_1 _27642_
Notice 0: Failed(termSize) to swap: sky130_vsdinv -> sky130_fd_sc_hd__inv_1 _27640_
Notice 0: Failed(termSize) to swap: sky130_vsdinv -> sky130_fd_sc_hd__inv_1 _27638_
Notice 0: Failed(termSize) to swap: sky130_vsdinv -> sky130_fd_sc_hd__inv_1 _27629_
Notice 0: Failed(termSize) to swap: sky130_vsdinv -> sky130_fd_sc_hd__inv_1 _27615_
Notice 0: Failed(termSize) to swap: sky130_vsdinv -> sky130_fd_sc_hd__inv_1 _27614_
Notice 0: Failed(termSize) to swap: sky130_vsdinv -> sky130_fd_sc_hd__inv_1 _27611_
Notice 0: Failed(termSize) to swap: sky130_vsdinv -> sky130_fd_sc_hd__inv_1 _27608_
Notice 0: Failed(termSize) to swap: sky130_vsdinv -> sky130_fd_sc_hd__inv_1 _27597_
Notice 0: Failed(termSize) to swap: sky130_vsdinv -> sky130_fd_sc_hd__inv_1 _27583_
Notice 0: Failed(termSize) to swap: sky130_vsdinv -> sky130_fd_sc_hd__inv_1 _27580_
Notice 0: Failed(termSize) to swap: sky130_vsdinv -> sky130_fd_sc_hd__inv_1 _27578_
Notice 0: Failed(termSize) to swap: sky130_vsdinv -> sky130_fd_sc_hd__inv_1 _27576_
Notice 0: Failed(termSize) to swap: sky130_vsdinv -> sky130_fd_sc_hd__inv_1 _27572_
Notice 0: Failed(termSize) to swap: sky130_vsdinv -> sky130_fd_sc_hd__inv_1 _27570_
Notice 0: Failed(termSize) to swap: sky130_vsdinv -> sky130_fd_sc_hd__inv_1 _27567_
Notice 0: Failed(termSize) to swap: sky130_vsdinv -> sky130_fd_sc_hd__inv_1 _27556_
Notice 0: Failed(termSize) to swap: sky130_vsdinv -> sky130_fd_sc_hd__inv_1 _27547_
Notice 0: Failed(termSize) to swap: sky130_vsdinv -> sky130_fd_sc_hd__inv_1 _27533_
Notice 0: Failed(termSize) to swap: sky130_vsdinv -> sky130_fd_sc_hd__inv_1 _27523_
Notice 0: Failed(termSize) to swap: sky130_vsdinv -> sky130_fd_sc_hd__inv_1 _27518_
Notice 0: Failed(termSize) to swap: sky130_vsdinv -> sky130_fd_sc_hd__inv_1 _27515_
Notice 0: Failed(termSize) to swap: sky130_vsdinv -> sky130_fd_sc_hd__inv_1 _27511_
Notice 0: Failed(termSize) to swap: sky130_vsdinv -> sky130_fd_sc_hd__inv_1 _27505_
Notice 0: Failed(termSize) to swap: sky130_vsdinv -> sky130_fd_sc_hd__inv_1 _27502_
Notice 0: Failed(termSize) to swap: sky130_vsdinv -> sky130_fd_sc_hd__inv_1 _27495_
Notice 0: Failed(termSize) to swap: sky130_vsdinv -> sky130_fd_sc_hd__inv_1 _27461_
Notice 0: Failed(termSize) to swap: sky130_vsdinv -> sky130_fd_sc_hd__inv_1 _27448_
Notice 0: Failed(termSize) to swap: sky130_vsdinv -> sky130_fd_sc_hd__inv_1 _27441_
Notice 0: Failed(termSize) to swap: sky130_vsdinv -> sky130_fd_sc_hd__inv_1 _27440_
Notice 0: Failed(termSize) to swap: sky130_vsdinv -> sky130_fd_sc_hd__inv_1 _27418_
Notice 0: Failed(termSize) to swap: sky130_vsdinv -> sky130_fd_sc_hd__inv_1 _27407_
Notice 0: Failed(termSize) to swap: sky130_vsdinv -> sky130_fd_sc_hd__inv_1 _27406_
Notice 0: Failed(termSize) to swap: sky130_vsdinv -> sky130_fd_sc_hd__inv_1 _27405_
Notice 0: Failed(termSize) to swap: sky130_vsdinv -> sky130_fd_sc_hd__inv_1 _27399_
Notice 0: Failed(termSize) to swap: sky130_vsdinv -> sky130_fd_sc_hd__inv_1 _27398_
Notice 0: Failed(termSize) to swap: sky130_vsdinv -> sky130_fd_sc_hd__inv_1 _27393_
Notice 0: Failed(termSize) to swap: sky130_vsdinv -> sky130_fd_sc_hd__inv_1 _27376_
Notice 0: Failed(termSize) to swap: sky130_vsdinv -> sky130_fd_sc_hd__inv_1 _27351_
Notice 0: Failed(termSize) to swap: sky130_vsdinv -> sky130_fd_sc_hd__inv_1 _27350_
Notice 0: Failed(termSize) to swap: sky130_vsdinv -> sky130_fd_sc_hd__inv_1 _27348_
Notice 0: Failed(termSize) to swap: sky130_vsdinv -> sky130_fd_sc_hd__inv_1 _27347_
Notice 0: Failed(termSize) to swap: sky130_vsdinv -> sky130_fd_sc_hd__inv_1 _27342_
Notice 0: Failed(termSize) to swap: sky130_vsdinv -> sky130_fd_sc_hd__inv_1 _27338_
Notice 0: Failed(termSize) to swap: sky130_vsdinv -> sky130_fd_sc_hd__inv_1 _27336_
Notice 0: Failed(termSize) to swap: sky130_vsdinv -> sky130_fd_sc_hd__inv_1 _27333_
Notice 0: Failed(termSize) to swap: sky130_vsdinv -> sky130_fd_sc_hd__inv_1 _27317_
Notice 0: Failed(termSize) to swap: sky130_vsdinv -> sky130_fd_sc_hd__inv_1 _27313_
Notice 0: Failed(termSize) to swap: sky130_vsdinv -> sky130_fd_sc_hd__inv_1 _27302_
Notice 0: Failed(termSize) to swap: sky130_vsdinv -> sky130_fd_sc_hd__inv_1 _27296_
Notice 0: Failed(termSize) to swap: sky130_vsdinv -> sky130_fd_sc_hd__inv_1 _27293_
Notice 0: Failed(termSize) to swap: sky130_vsdinv -> sky130_fd_sc_hd__inv_1 _27292_
Notice 0: Failed(termSize) to swap: sky130_vsdinv -> sky130_fd_sc_hd__inv_1 _27285_
Notice 0: Failed(termSize) to swap: sky130_vsdinv -> sky130_fd_sc_hd__inv_1 _27282_
Notice 0: Failed(termSize) to swap: sky130_vsdinv -> sky130_fd_sc_hd__inv_1 _27273_
Notice 0: Failed(termSize) to swap: sky130_vsdinv -> sky130_fd_sc_hd__inv_1 _27263_
Notice 0: Failed(termSize) to swap: sky130_vsdinv -> sky130_fd_sc_hd__inv_1 _27258_
Notice 0: Failed(termSize) to swap: sky130_vsdinv -> sky130_fd_sc_hd__inv_1 _27253_
Notice 0: Failed(termSize) to swap: sky130_vsdinv -> sky130_fd_sc_hd__inv_1 _27236_
Notice 0: Failed(termSize) to swap: sky130_vsdinv -> sky130_fd_sc_hd__inv_1 _27228_
Notice 0: Failed(termSize) to swap: sky130_vsdinv -> sky130_fd_sc_hd__inv_1 _27223_
Notice 0: Failed(termSize) to swap: sky130_vsdinv -> sky130_fd_sc_hd__inv_1 _27221_
Notice 0: Failed(termSize) to swap: sky130_vsdinv -> sky130_fd_sc_hd__inv_1 _27218_
Notice 0: Failed(termSize) to swap: sky130_vsdinv -> sky130_fd_sc_hd__inv_1 _27200_
Notice 0: Failed(termSize) to swap: sky130_vsdinv -> sky130_fd_sc_hd__inv_1 _27198_
Notice 0: Failed(termSize) to swap: sky130_vsdinv -> sky130_fd_sc_hd__inv_1 _27197_
Notice 0: Failed(termSize) to swap: sky130_vsdinv -> sky130_fd_sc_hd__inv_1 _27189_
Notice 0: Failed(termSize) to swap: sky130_vsdinv -> sky130_fd_sc_hd__inv_1 _27185_
Notice 0: Failed(termSize) to swap: sky130_vsdinv -> sky130_fd_sc_hd__inv_1 _27184_
Notice 0: Failed(termSize) to swap: sky130_vsdinv -> sky130_fd_sc_hd__inv_1 _27182_
Notice 0: Failed(termSize) to swap: sky130_vsdinv -> sky130_fd_sc_hd__inv_1 _27181_
Notice 0: Failed(termSize) to swap: sky130_vsdinv -> sky130_fd_sc_hd__inv_1 _27176_
Notice 0: Failed(termSize) to swap: sky130_vsdinv -> sky130_fd_sc_hd__inv_1 _27171_
Notice 0: Failed(termSize) to swap: sky130_vsdinv -> sky130_fd_sc_hd__inv_1 _27161_
Notice 0: Failed(termSize) to swap: sky130_vsdinv -> sky130_fd_sc_hd__inv_1 _27157_
Notice 0: Failed(termSize) to swap: sky130_vsdinv -> sky130_fd_sc_hd__inv_1 _27155_
Notice 0: Failed(termSize) to swap: sky130_vsdinv -> sky130_fd_sc_hd__inv_1 _27149_
Notice 0: Failed(termSize) to swap: sky130_vsdinv -> sky130_fd_sc_hd__inv_1 _27146_
Notice 0: Failed(termSize) to swap: sky130_vsdinv -> sky130_fd_sc_hd__inv_1 _27145_
Notice 0: Failed(termSize) to swap: sky130_vsdinv -> sky130_fd_sc_hd__inv_1 _27144_
Notice 0: Failed(termSize) to swap: sky130_vsdinv -> sky130_fd_sc_hd__inv_1 _27143_
Notice 0: Failed(termSize) to swap: sky130_vsdinv -> sky130_fd_sc_hd__inv_1 _27140_
Notice 0: Failed(termSize) to swap: sky130_vsdinv -> sky130_fd_sc_hd__inv_1 _27136_
Notice 0: Failed(termSize) to swap: sky130_vsdinv -> sky130_fd_sc_hd__inv_1 _27135_
Notice 0: Failed(termSize) to swap: sky130_vsdinv -> sky130_fd_sc_hd__inv_1 _27126_
Notice 0: Failed(termSize) to swap: sky130_vsdinv -> sky130_fd_sc_hd__inv_1 _27115_
Notice 0: Failed(termSize) to swap: sky130_vsdinv -> sky130_fd_sc_hd__inv_1 _27112_
Notice 0: Failed(termSize) to swap: sky130_vsdinv -> sky130_fd_sc_hd__inv_1 _27104_
Notice 0: Failed(termSize) to swap: sky130_vsdinv -> sky130_fd_sc_hd__inv_1 _27089_
Notice 0: Failed(termSize) to swap: sky130_vsdinv -> sky130_fd_sc_hd__inv_1 _27085_
Notice 0: Failed(termSize) to swap: sky130_vsdinv -> sky130_fd_sc_hd__clkinv_2 _27041_
Notice 0: Failed(termSize) to swap: sky130_vsdinv -> sky130_fd_sc_hd__clkinv_2 _27030_
Notice 0: Failed(termSize) to swap: sky130_vsdinv -> sky130_fd_sc_hd__inv_1 _26977_
Notice 0: Failed(termSize) to swap: sky130_vsdinv -> sky130_fd_sc_hd__clkinv_2 _26972_
Notice 0: Failed(termSize) to swap: sky130_vsdinv -> sky130_fd_sc_hd__inv_2 _26910_
Notice 0: Failed(termSize) to swap: sky130_vsdinv -> sky130_fd_sc_hd__inv_2 _26804_
Notice 0: Failed(termSize) to swap: sky130_vsdinv -> sky130_fd_sc_hd__clkinv_2 _26648_
Notice 0: Failed(termSize) to swap: sky130_vsdinv -> sky130_fd_sc_hd__inv_1 _25793_
Notice 0: Failed(termSize) to swap: sky130_vsdinv -> sky130_fd_sc_hd__inv_1 _25724_
Notice 0: Failed(termSize) to swap: sky130_vsdinv -> sky130_fd_sc_hd__inv_2 _25701_
Notice 0: Failed(termSize) to swap: sky130_vsdinv -> sky130_fd_sc_hd__inv_2 _25699_
Notice 0: Failed(termSize) to swap: sky130_vsdinv -> sky130_fd_sc_hd__inv_2 _25697_
Notice 0: Failed(termSize) to swap: sky130_vsdinv -> sky130_fd_sc_hd__clkinv_4 _25695_
Notice 0: Failed(termSize) to swap: sky130_vsdinv -> sky130_fd_sc_hd__clkinv_2 _24625_
Notice 0: Failed(termSize) to swap: sky130_vsdinv -> sky130_fd_sc_hd__inv_1 _24619_
Notice 0: Failed(termSize) to swap: sky130_vsdinv -> sky130_fd_sc_hd__inv_1 _24468_
Notice 0: Failed(termSize) to swap: sky130_vsdinv -> sky130_fd_sc_hd__inv_1 _24437_
Notice 0: Failed(termSize) to swap: sky130_vsdinv -> sky130_fd_sc_hd__inv_1 _24382_
Notice 0: Failed(termSize) to swap: sky130_vsdinv -> sky130_fd_sc_hd__inv_1 _24372_
Notice 0: Failed(termSize) to swap: sky130_vsdinv -> sky130_fd_sc_hd__inv_1 _24331_
Notice 0: Failed(termSize) to swap: sky130_vsdinv -> sky130_fd_sc_hd__inv_1 _24078_
Notice 0: Failed(termSize) to swap: sky130_vsdinv -> sky130_fd_sc_hd__inv_1 _23919_
Notice 0: Failed(termSize) to swap: sky130_vsdinv -> sky130_fd_sc_hd__inv_1 _23868_
Notice 0: Failed(termSize) to swap: sky130_vsdinv -> sky130_fd_sc_hd__inv_1 _23842_
Notice 0: Failed(termSize) to swap: sky130_vsdinv -> sky130_fd_sc_hd__inv_1 _23841_
Notice 0: Failed(termSize) to swap: sky130_vsdinv -> sky130_fd_sc_hd__inv_1 _23571_
Notice 0: Failed(termSize) to swap: sky130_vsdinv -> sky130_fd_sc_hd__inv_1 _23456_
Notice 0: Failed(termSize) to swap: sky130_vsdinv -> sky130_fd_sc_hd__inv_1 _23455_
Notice 0: Failed(termSize) to swap: sky130_vsdinv -> sky130_fd_sc_hd__clkinv_2 _23403_
Notice 0: Failed(termSize) to swap: sky130_vsdinv -> sky130_fd_sc_hd__inv_1 _23199_
Notice 0: Failed(termSize) to swap: sky130_vsdinv -> sky130_fd_sc_hd__clkinv_2 _23176_
Notice 0: Failed(termSize) to swap: sky130_vsdinv -> sky130_fd_sc_hd__inv_2 _23153_
Notice 0: Failed(termSize) to swap: sky130_vsdinv -> sky130_fd_sc_hd__inv_1 _23141_
Notice 0: Failed(termSize) to swap: sky130_vsdinv -> sky130_fd_sc_hd__inv_2 _23124_
Notice 0: Failed(termSize) to swap: sky130_vsdinv -> sky130_fd_sc_hd__clkinv_2 _23123_
Notice 0: Failed(termSize) to swap: sky130_vsdinv -> sky130_fd_sc_hd__inv_1 _23090_
Notice 0: Failed(termSize) to swap: sky130_vsdinv -> sky130_fd_sc_hd__inv_1 _23084_
Notice 0: Failed(termSize) to swap: sky130_vsdinv -> sky130_fd_sc_hd__clkinv_2 _23077_
Notice 0: Failed(termSize) to swap: sky130_vsdinv -> sky130_fd_sc_hd__clkinv_2 _23074_
Notice 0: Failed(termSize) to swap: sky130_vsdinv -> sky130_fd_sc_hd__clkinv_2 _23064_
Notice 0: Failed(termSize) to swap: sky130_vsdinv -> sky130_fd_sc_hd__inv_1 _23056_
Notice 0: Failed(termSize) to swap: sky130_vsdinv -> sky130_fd_sc_hd__inv_1 _23054_
Notice 0: Failed(termSize) to swap: sky130_vsdinv -> sky130_fd_sc_hd__clkinv_2 _23038_
Notice 0: Failed(termSize) to swap: sky130_vsdinv -> sky130_fd_sc_hd__inv_2 _23037_
Notice 0: Failed(termSize) to swap: sky130_vsdinv -> sky130_fd_sc_hd__clkinv_2 _22958_
Notice 0: Failed(termSize) to swap: sky130_vsdinv -> sky130_fd_sc_hd__inv_1 _28882_
Notice 0: Failed(termSize) to swap: sky130_vsdinv -> sky130_fd_sc_hd__inv_1 _28706_
Notice 0: Failed(termSize) to swap: sky130_vsdinv -> sky130_fd_sc_hd__inv_2 _22944_
[INFO RSZ-0034] Found 56 slew violations.
[INFO RSZ-0036] Found 56 capacitance violations.
[INFO RSZ-0038] Inserted 85 buffers in 56 nets.
[INFO RSZ-0039] Resized 17387 instances.
[WARNING DPL-0011] Could not find power special net.
Design Stats
--------------------------------
total instances         35918
multi row instances         0
fixed instances         10636
nets                    25384
design area          715597.6 u^2
fixed area            14864.3 u^2
movable area         243606.1 u^2
utilization                35 %
utilization padded         57 %
rows                      311
row height                2.7 u

Placement Analysis
--------------------------------
total displacement   127468.7 u
average displacement      3.5 u
max displacement        186.2 u
original HPWL        1152489.3 u
legalized HPWL       1286201.8 u
delta HPWL                 12 %

[INFO DPL-0020] Mirrored 11043 instances
[INFO DPL-0021] HPWL before          1286201.8 u
[INFO DPL-0022] HPWL after           1266876.4 u
[INFO DPL-0023] HPWL delta               -1.5 %
