OpenROAD 0.9.0 1415572a73
This program is licensed under the BSD-3 license. See the LICENSE file for details.
Components of this program may be licensed under more restrictive licenses which must be honored.
Notice 0: Reading LEF file:  /openLANE_flow/designs/picorv32a_ankit/runs/final/tmp/merged_unpadded.lef
Notice 0:     Created 13 technology layers
Notice 0:     Created 25 technology vias
Notice 0:     Created 441 library cells
Notice 0: Finished LEF file:  /openLANE_flow/designs/picorv32a_ankit/runs/final/tmp/merged_unpadded.lef
Notice 0: 
Reading DEF file: /openLANE_flow/designs/picorv32a_ankit/runs/final/tmp/placement/6-resizer.def
Notice 0: Design: picorv32a_ankit
Notice 0:     Created 409 pins.
Notice 0:     Created 35918 components and 203293 component-terminals.
Notice 0:     Created 25384 nets and 83925 connections.
Notice 0: Finished DEF file: /openLANE_flow/designs/picorv32a_ankit/runs/final/tmp/placement/6-resizer.def
[WARNING DPL-0011] Could not find power special net.
Design Stats
--------------------------------
total instances         35918
multi row instances         0
fixed instances         10636
nets                    25384
design area          715597.6 u^2
fixed area            14864.3 u^2
movable area         243606.1 u^2
utilization                35 %
utilization padded         53 %
rows                      311
row height                2.7 u

Placement Analysis
--------------------------------
total displacement        0.0 u
average displacement      0.0 u
max displacement          0.0 u
original HPWL        1266876.4 u
legalized HPWL       1286201.8 u
delta HPWL                  2 %

[INFO DPL-0020] Mirrored 11043 instances
[INFO DPL-0021] HPWL before          1286201.8 u
[INFO DPL-0022] HPWL after           1266876.4 u
[INFO DPL-0023] HPWL delta               -1.5 %
