[INFO]: Current run directory is /openLANE_flow/designs/picorv32a_ankit/runs/final
[INFO]: Preparing LEF Files
[INFO]: Extracting the number of available metal layers from /home/vsduser/Desktop/work/tools/openlane_working_dir/pdks/sky130A/libs.ref/sky130_fd_sc_hd/techlef/sky130_fd_sc_hd.tlef
[INFO]: The number of available metal layers is 6
[INFO]: The available metal layers are li1 met1 met2 met3 met4 met5
[INFO]: Merging LEF Files...
[INFO]: Merging the following extra LEFs: /openLANE_flow/designs/picorv32a_ankit/src/sky130_vsdinv.lef
[INFO]: Trimming Liberty...
[INFO]: Generating Exclude List...
[INFO]: Storing configs into config.tcl ...
[INFO]: Preparation complete
[INFO]: Running Synthesis...
[INFO]: current step index: 1
[INFO]: Changing netlist from 0 to /openLANE_flow/designs/picorv32a_ankit/runs/final/results/synthesis/picorv32a_ankit.synthesis.v
[INFO]: Running Static Timing Analysis...
[INFO]: current step index: 2
[INFO]: Synthesis was successful
[INFO]: Running Initial Floorplanning...
[INFO]: current step index: 3
[INFO]: Core area width: 845.94
[INFO]: Core area height: 845.92
[INFO]: Changing layout from 0 to /openLANE_flow/designs/picorv32a_ankit/runs/final/tmp/floorplan/3-verilog2def_openroad.def
[INFO]: Running IO Placement...
[INFO]: current step index: 4
[INFO]: Changing layout from /openLANE_flow/designs/picorv32a_ankit/runs/final/tmp/floorplan/3-verilog2def_openroad.def to /openLANE_flow/designs/picorv32a_ankit/runs/final/tmp/floorplan/4-ioPlacer.def
[INFO]: Running Tap/Decap Insertion...
[INFO]: current step index: 5
[INFO]: Changing layout from /openLANE_flow/designs/picorv32a_ankit/runs/final/tmp/floorplan/4-ioPlacer.def to /openLANE_flow/designs/picorv32a_ankit/runs/final/results/floorplan/picorv32a_ankit.floorplan.def
[INFO]: Running Placement...
[INFO]: Running Global Placement...
[INFO]: current step index: 6
[INFO]: Global placement was successful
[INFO]: Changing layout from /openLANE_flow/designs/picorv32a_ankit/runs/final/results/floorplan/picorv32a_ankit.floorplan.def to /openLANE_flow/designs/picorv32a_ankit/runs/final/tmp/placement/6-replace.def
[INFO]: Skipping OpenPhySyn Timing Optimizations.
[INFO]: Running Resizer Design Optimizations...
[INFO]: Generating Exclude List...
[INFO]: Creating ::env(DONT_USE_CELLS)...
[INFO]: Changing layout from /openLANE_flow/designs/picorv32a_ankit/runs/final/tmp/placement/6-replace.def to /openLANE_flow/designs/picorv32a_ankit/runs/final/tmp/placement/6-resizer.def
[INFO]: Writing Verilog...
[INFO]: current step index: 7
[INFO]: Changing netlist from /openLANE_flow/designs/picorv32a_ankit/runs/final/results/synthesis/picorv32a_ankit.synthesis.v to /openLANE_flow/designs/picorv32a_ankit/runs/final/results/synthesis/picorv32a_ankit.synthesis_optimized.v
[INFO]: Running Static Timing Analysis...
[INFO]: current step index: 8
[INFO]: Running Detailed Placement...
[INFO]: current step index: 9
[INFO]: Changing layout from /openLANE_flow/designs/picorv32a_ankit/runs/final/tmp/placement/6-resizer.def to /openLANE_flow/designs/picorv32a_ankit/runs/final/results/placement/picorv32a_ankit.placement.def
[INFO]: Changing layout from /openLANE_flow/designs/picorv32a_ankit/runs/final/results/placement/picorv32a_ankit.placement.def to /openLANE_flow/designs/picorv32a_ankit/runs/final/results/placement/picorv32a_ankit.placement.def
[INFO]: Taking a Screenshot of the Layout Using Klayout...
[INFO]: current step index: 10
[INFO]: Screenshot taken.
[INFO]: Running TritonCTS...
[INFO]: current step index: 11
[INFO]: Trimming Liberty...
[INFO]: Generating Exclude List...
[WARNING]: A run for picorv32a_ankit with tag 'final' already exists. Pass -overwrite option to overwrite it
[INFO]: Now you can run commands that pick up where 'final' left off
[INFO]: Current run directory is /openLANE_flow/designs/picorv32a_ankit/runs/final
[INFO]: Sourcing /openLANE_flow/designs/picorv32a_ankit/runs/final/config.tcl
Any changes to the DESIGN config file will NOT be applied
[INFO]: Current DEF: /openLANE_flow/designs/picorv32a_ankit/runs/final/results/placement/picorv32a_ankit.placement.def.
[INFO]: Use 'set_def file_name.def' if you'd like to change it.
[INFO]: Storing configs into config.tcl ...
[INFO]: Preparation complete
[INFO]: Running Synthesis...
[WARNING]: A netlist at /openLANE_flow/designs/picorv32a_ankit/runs/final/results/synthesis/picorv32a_ankit.synthesis.v already exists...
[WARNING]: Skipping synthesis
[INFO]: Changing netlist from /openLANE_flow/designs/picorv32a_ankit/runs/final/results/synthesis/picorv32a_ankit.synthesis_optimized.v to /openLANE_flow/designs/picorv32a_ankit/runs/final/results/synthesis/picorv32a_ankit.synthesis.v
[INFO]: Running Static Timing Analysis...
[INFO]: current step index: 12
[INFO]: Synthesis was successful
[INFO]: Running Synthesis...
[WARNING]: A netlist at /openLANE_flow/designs/picorv32a_ankit/runs/final/results/synthesis/picorv32a_ankit.synthesis.v already exists...
[WARNING]: Skipping synthesis
[INFO]: Changing netlist from /openLANE_flow/designs/picorv32a_ankit/runs/final/results/synthesis/picorv32a_ankit.synthesis.v to /openLANE_flow/designs/picorv32a_ankit/runs/final/results/synthesis/picorv32a_ankit.synthesis.v
[INFO]: Running Static Timing Analysis...
[INFO]: current step index: 13
[INFO]: Synthesis was successful
[INFO]: Running Synthesis...
[WARNING]: A netlist at /openLANE_flow/designs/picorv32a_ankit/runs/final/results/synthesis/picorv32a_ankit.synthesis.v already exists...
[WARNING]: Skipping synthesis
[INFO]: Changing netlist from /openLANE_flow/designs/picorv32a_ankit/runs/final/results/synthesis/picorv32a_ankit.synthesis.v to /openLANE_flow/designs/picorv32a_ankit/runs/final/results/synthesis/picorv32a_ankit.synthesis.v
[INFO]: Running Static Timing Analysis...
[INFO]: current step index: 14
[INFO]: Synthesis was successful
[INFO]: Running Initial Floorplanning...
[INFO]: current step index: 15
[INFO]: Core area width: 845.94
[INFO]: Core area height: 845.92
[INFO]: Changing layout from /openLANE_flow/designs/picorv32a_ankit/runs/final/results/placement/picorv32a_ankit.placement.def to /openLANE_flow/designs/picorv32a_ankit/runs/final/tmp/floorplan/15-verilog2def_openroad.def
[INFO]: Running IO Placement...
[INFO]: current step index: 16
[INFO]: Changing layout from /openLANE_flow/designs/picorv32a_ankit/runs/final/tmp/floorplan/15-verilog2def_openroad.def to /openLANE_flow/designs/picorv32a_ankit/runs/final/tmp/floorplan/16-ioPlacer.def
[INFO]: Running Tap/Decap Insertion...
[INFO]: current step index: 17
[INFO]: Changing layout from /openLANE_flow/designs/picorv32a_ankit/runs/final/tmp/floorplan/16-ioPlacer.def to /openLANE_flow/designs/picorv32a_ankit/runs/final/results/floorplan/picorv32a_ankit.floorplan.def
[INFO]: Running Placement...
[INFO]: Running Global Placement...
[INFO]: current step index: 18
[INFO]: Global placement was successful
[INFO]: Changing layout from /openLANE_flow/designs/picorv32a_ankit/runs/final/results/floorplan/picorv32a_ankit.floorplan.def to /openLANE_flow/designs/picorv32a_ankit/runs/final/tmp/placement/18-replace.def
[INFO]: Skipping OpenPhySyn Timing Optimizations.
[INFO]: Running Resizer Design Optimizations...
[INFO]: Generating Exclude List...
[INFO]: Creating ::env(DONT_USE_CELLS)...
[INFO]: Changing layout from /openLANE_flow/designs/picorv32a_ankit/runs/final/tmp/placement/18-replace.def to /openLANE_flow/designs/picorv32a_ankit/runs/final/tmp/placement/18-resizer.def
[INFO]: Writing Verilog...
[INFO]: current step index: 19
[INFO]: Changing netlist from /openLANE_flow/designs/picorv32a_ankit/runs/final/results/synthesis/picorv32a_ankit.synthesis.v to /openLANE_flow/designs/picorv32a_ankit/runs/final/results/synthesis/picorv32a_ankit.synthesis_optimized.v
[INFO]: Running Static Timing Analysis...
[INFO]: current step index: 20
[INFO]: Running Detailed Placement...
[INFO]: current step index: 21
[INFO]: Changing layout from /openLANE_flow/designs/picorv32a_ankit/runs/final/tmp/placement/18-resizer.def to /openLANE_flow/designs/picorv32a_ankit/runs/final/results/placement/picorv32a_ankit.placement.def
[INFO]: Changing layout from /openLANE_flow/designs/picorv32a_ankit/runs/final/results/placement/picorv32a_ankit.placement.def to /openLANE_flow/designs/picorv32a_ankit/runs/final/results/placement/picorv32a_ankit.placement.def
[INFO]: Taking a Screenshot of the Layout Using Klayout...
[INFO]: current step index: 22
[INFO]: Screenshot taken.
[INFO]: Running TritonCTS...
[INFO]: current step index: 23
[INFO]: Trimming Liberty...
[INFO]: Generating Exclude List...
[INFO]: Clock Tree Synthesis was successful
[INFO]: Changing layout from /openLANE_flow/designs/picorv32a_ankit/runs/final/results/placement/picorv32a_ankit.placement.def to /openLANE_flow/designs/picorv32a_ankit/runs/final/results/cts/picorv32a_ankit.cts.def
[INFO]: Writing Verilog...
[INFO]: current step index: 24
[INFO]: Changing netlist from /openLANE_flow/designs/picorv32a_ankit/runs/final/results/synthesis/picorv32a_ankit.synthesis_optimized.v to /openLANE_flow/designs/picorv32a_ankit/runs/final/results/synthesis/picorv32a_ankit.synthesis_cts.v
[INFO]: Taking a Screenshot of the Layout Using Klayout...
[INFO]: current step index: 25
[INFO]: Screenshot taken.
[INFO]: Generating PDN...
[INFO]: current step index: 26
[INFO]: PDN generation was successful.
[INFO]: Changing layout from /openLANE_flow/designs/picorv32a_ankit/runs/final/results/cts/picorv32a_ankit.cts.def to /openLANE_flow/designs/picorv32a_ankit/runs/final/tmp/floorplan/26-pdn.def
[INFO]: Routing...
[INFO]: Running Global Routing...
[INFO]: current step index: 27
[INFO]: Changing layout from /openLANE_flow/designs/picorv32a_ankit/runs/final/tmp/floorplan/26-pdn.def to /openLANE_flow/designs/picorv32a_ankit/runs/final/tmp/routing/27-fastroute.def
[INFO]: Changing layout from 0 to /openLANE_flow/designs/picorv32a_ankit/runs/final/tmp/routing/27-fastroute.guide
[INFO]: Changing layout from /openLANE_flow/designs/picorv32a_ankit/runs/final/tmp/routing/27-fastroute.def to /openLANE_flow/designs/picorv32a_ankit/runs/final/tmp/routing/27-fastroute.def
[INFO]: Changing layout from /openLANE_flow/designs/picorv32a_ankit/runs/final/tmp/routing/27-fastroute.guide to /openLANE_flow/designs/picorv32a_ankit/runs/final/tmp/routing/27-fastroute.guide
[INFO]: Current Def is /openLANE_flow/designs/picorv32a_ankit/runs/final/tmp/routing/27-fastroute.def
[INFO]: Current Guide is /openLANE_flow/designs/picorv32a_ankit/runs/final/tmp/routing/27-fastroute.guide
[INFO]: Running Fill Insertion...
[INFO]: current step index: 28
[INFO]: Changing layout from /openLANE_flow/designs/picorv32a_ankit/runs/final/tmp/routing/27-fastroute.def to /openLANE_flow/designs/picorv32a_ankit/runs/final/tmp/routing/28-addspacers.def
[INFO]: Writing Verilog...
[INFO]: current step index: 29
[INFO]: Changing netlist from /openLANE_flow/designs/picorv32a_ankit/runs/final/results/synthesis/picorv32a_ankit.synthesis_cts.v to /openLANE_flow/designs/picorv32a_ankit/runs/final/results/synthesis/picorv32a_ankit.synthesis_preroute.v
[INFO]: Running Detailed Routing...
[INFO]: current step index: 30
[INFO]: No DRC violations after detailed routing.
[INFO]: Changing layout from /openLANE_flow/designs/picorv32a_ankit/runs/final/tmp/routing/28-addspacers.def to /openLANE_flow/designs/picorv32a_ankit/runs/final/results/routing/picorv32a_ankit.def
[INFO]: Taking a Screenshot of the Layout Using Klayout...
[INFO]: current step index: 31
[INFO]: Screenshot taken.
[INFO]: Running SPEF Extraction...
[INFO]: current step index: 32
[INFO]: Running Static Timing Analysis...
[INFO]: current step index: 33
[INFO]: Calculating Runtime From the Start...
[INFO]: Routing completed for picorv32a_ankit/01-10_21-20 in 0h38m24s
