Startpoint: _26669_ (rising edge-triggered flip-flop clocked by clk)
Endpoint: _26669_ (rising edge-triggered flip-flop clocked by clk)
Path Group: clk
Path Type: min

Fanout     Cap    Slew   Delay    Time   Description
-----------------------------------------------------------------------------
                  0.00    0.00    0.00   clock clk (rise edge)
                          0.00    0.00   clock network delay (ideal)
                  0.00    0.00    0.00 ^ _26669_/CLK (sky130_fd_sc_hd__dfxtp_2)
                  0.03    0.18    0.18 ^ _26669_/Q (sky130_fd_sc_hd__dfxtp_2)
     2    0.00                           cpuregs[0][0] (net)
                  0.03    0.00    0.18 ^ _15934_/A (sky130_fd_sc_hd__buf_1)
                  0.02    0.04    0.23 ^ _15934_/X (sky130_fd_sc_hd__buf_1)
     1    0.00                           _02835_ (net)
                  0.02    0.00    0.23 ^ _26669_/D (sky130_fd_sc_hd__dfxtp_2)
                                  0.23   data arrival time

                  0.00    0.00    0.00   clock clk (rise edge)
                          0.00    0.00   clock network delay (ideal)
                          0.00    0.00   clock reconvergence pessimism
                                  0.00 ^ _26669_/CLK (sky130_fd_sc_hd__dfxtp_2)
                         -0.02   -0.02   library hold time
                                 -0.02   data required time
-----------------------------------------------------------------------------
                                 -0.02   data required time
                                 -0.23   data arrival time
-----------------------------------------------------------------------------
                                  0.24   slack (MET)


Startpoint: _27565_ (rising edge-triggered flip-flop clocked by clk)
Endpoint: _27628_ (rising edge-triggered flip-flop clocked by clk)
Path Group: clk
Path Type: max

Fanout     Cap    Slew   Delay    Time   Description
-----------------------------------------------------------------------------
                  0.00    0.00    0.00   clock clk (rise edge)
                          0.00    0.00   clock network delay (ideal)
                  0.00    0.00    0.00 ^ _27565_/CLK (sky130_fd_sc_hd__dfxtp_2)
                  0.12    0.66    0.66 ^ _27565_/Q (sky130_fd_sc_hd__dfxtp_2)
     3    0.01                           count_cycle[0] (net)
                  0.12    0.00    0.66 ^ _14097_/A (sky130_fd_sc_hd__inv_2)
                  0.07    0.11    0.77 v _14097_/Y (sky130_fd_sc_hd__inv_2)
     6    0.01                           _02559_ (net)
                  0.07    0.00    0.77 v _14101_/A (sky130_fd_sc_hd__or4_2)
                  0.22    1.56    2.33 v _14101_/X (sky130_fd_sc_hd__or4_2)
     2    0.00                           _11150_ (net)
                  0.22    0.00    2.33 v _14102_/B (sky130_fd_sc_hd__or2_2)
                  0.14    0.72    3.04 v _14102_/X (sky130_fd_sc_hd__or2_2)
     3    0.01                           _11151_ (net)
                  0.14    0.00    3.04 v _14103_/B (sky130_fd_sc_hd__or2_4)
                  0.09    0.47    3.52 v _14103_/X (sky130_fd_sc_hd__or2_4)
     3    0.01                           _11152_ (net)
                  0.09    0.00    3.52 v _14104_/B (sky130_fd_sc_hd__or2_2)
                  0.12    0.64    4.16 v _14104_/X (sky130_fd_sc_hd__or2_2)
     2    0.00                           _11153_ (net)
                  0.12    0.00    4.16 v _14105_/B (sky130_fd_sc_hd__or2_4)
                  0.09    0.47    4.63 v _14105_/X (sky130_fd_sc_hd__or2_4)
     3    0.01                           _11154_ (net)
                  0.09    0.00    4.63 v _14106_/B (sky130_fd_sc_hd__or2_2)
                  0.12    0.63    5.26 v _14106_/X (sky130_fd_sc_hd__or2_2)
     2    0.00                           _11155_ (net)
                  0.12    0.00    5.26 v _14107_/B (sky130_fd_sc_hd__or2_2)
                  0.14    0.68    5.94 v _14107_/X (sky130_fd_sc_hd__or2_2)
     3    0.01                           _11156_ (net)
                  0.14    0.00    5.94 v _14108_/B (sky130_fd_sc_hd__or2_2)
                  0.12    0.66    6.60 v _14108_/X (sky130_fd_sc_hd__or2_2)
     2    0.00                           _11157_ (net)
                  0.12    0.00    6.60 v _14109_/B (sky130_fd_sc_hd__or2_4)
                  0.09    0.47    7.07 v _14109_/X (sky130_fd_sc_hd__or2_4)
     3    0.01                           _11158_ (net)
                  0.09    0.00    7.07 v _14110_/B (sky130_fd_sc_hd__or2_2)
                  0.12    0.63    7.70 v _14110_/X (sky130_fd_sc_hd__or2_2)
     2    0.00                           _11159_ (net)
                  0.12    0.00    7.70 v _14111_/B (sky130_fd_sc_hd__or2_2)
                  0.14    0.68    8.38 v _14111_/X (sky130_fd_sc_hd__or2_2)
     3    0.01                           _11160_ (net)
                  0.14    0.00    8.38 v _14112_/B (sky130_fd_sc_hd__or2_2)
                  0.12    0.66    9.04 v _14112_/X (sky130_fd_sc_hd__or2_2)
     2    0.00                           _11161_ (net)
                  0.12    0.00    9.04 v _14113_/B (sky130_fd_sc_hd__or2_4)
                  0.09    0.47    9.51 v _14113_/X (sky130_fd_sc_hd__or2_4)
     3    0.01                           _11162_ (net)
                  0.09    0.00    9.51 v _14114_/B (sky130_fd_sc_hd__or2_2)
                  0.12    0.63   10.14 v _14114_/X (sky130_fd_sc_hd__or2_2)
     2    0.00                           _11163_ (net)
                  0.12    0.00   10.14 v _14115_/B (sky130_fd_sc_hd__or2_2)
                  0.14    0.68   10.82 v _14115_/X (sky130_fd_sc_hd__or2_2)
     3    0.01                           _11164_ (net)
                  0.14    0.00   10.82 v _14116_/B (sky130_fd_sc_hd__or2_2)
                  0.12    0.65   11.47 v _14116_/X (sky130_fd_sc_hd__or2_2)
     2    0.00                           _11165_ (net)
                  0.12    0.00   11.47 v _14117_/B (sky130_fd_sc_hd__or2_2)
                  0.14    0.68   12.15 v _14117_/X (sky130_fd_sc_hd__or2_2)
     3    0.01                           _11166_ (net)
                  0.14    0.00   12.15 v _14118_/B (sky130_fd_sc_hd__or2_2)
                  0.12    0.66   12.81 v _14118_/X (sky130_fd_sc_hd__or2_2)
     2    0.00                           _11167_ (net)
                  0.12    0.00   12.81 v _14119_/B (sky130_fd_sc_hd__or2_4)
                  0.09    0.47   13.28 v _14119_/X (sky130_fd_sc_hd__or2_4)
     3    0.01                           _11168_ (net)
                  0.09    0.00   13.28 v _14120_/B (sky130_fd_sc_hd__or2_2)
                  0.12    0.63   13.91 v _14120_/X (sky130_fd_sc_hd__or2_2)
     2    0.00                           _11169_ (net)
                  0.12    0.00   13.91 v _14121_/B (sky130_fd_sc_hd__or2_2)
                  0.14    0.68   14.59 v _14121_/X (sky130_fd_sc_hd__or2_2)
     3    0.01                           _11170_ (net)
                  0.14    0.00   14.59 v _14122_/B (sky130_fd_sc_hd__or2_2)
                  0.12    0.65   15.24 v _14122_/X (sky130_fd_sc_hd__or2_2)
     2    0.00                           _11171_ (net)
                  0.12    0.00   15.24 v _14123_/B (sky130_fd_sc_hd__or2_2)
                  0.14    0.68   15.92 v _14123_/X (sky130_fd_sc_hd__or2_2)
     3    0.01                           _11172_ (net)
                  0.14    0.00   15.92 v _14124_/B (sky130_fd_sc_hd__or2_2)
                  0.12    0.65   16.57 v _14124_/X (sky130_fd_sc_hd__or2_2)
     2    0.00                           _11173_ (net)
                  0.12    0.00   16.57 v _14125_/B (sky130_fd_sc_hd__or2_2)
                  0.14    0.68   17.25 v _14125_/X (sky130_fd_sc_hd__or2_2)
     3    0.01                           _11174_ (net)
                  0.14    0.00   17.25 v _14126_/B (sky130_fd_sc_hd__or2_2)
                  0.12    0.65   17.90 v _14126_/X (sky130_fd_sc_hd__or2_2)
     2    0.00                           _11175_ (net)
                  0.12    0.00   17.90 v _14127_/B (sky130_fd_sc_hd__or2_2)
                  0.14    0.68   18.58 v _14127_/X (sky130_fd_sc_hd__or2_2)
     3    0.01                           _11176_ (net)
                  0.14    0.00   18.58 v _14128_/B (sky130_fd_sc_hd__or2_2)
                  0.12    0.65   19.23 v _14128_/X (sky130_fd_sc_hd__or2_2)
     2    0.00                           _11177_ (net)
                  0.12    0.00   19.23 v _14129_/B (sky130_fd_sc_hd__or2_2)
                  0.14    0.68   19.91 v _14129_/X (sky130_fd_sc_hd__or2_2)
     3    0.01                           _11178_ (net)
                  0.14    0.00   19.91 v _14130_/B (sky130_fd_sc_hd__or2_2)
                  0.12    0.65   20.56 v _14130_/X (sky130_fd_sc_hd__or2_2)
     2    0.00                           _11179_ (net)
                  0.12    0.00   20.56 v _14131_/B (sky130_fd_sc_hd__or2_2)
                  0.14    0.68   21.25 v _14131_/X (sky130_fd_sc_hd__or2_2)
     3    0.01                           _11180_ (net)
                  0.14    0.00   21.25 v _14132_/B (sky130_fd_sc_hd__or2_2)
                  0.12    0.65   21.89 v _14132_/X (sky130_fd_sc_hd__or2_2)
     2    0.00                           _11181_ (net)
                  0.12    0.00   21.89 v _14133_/B (sky130_fd_sc_hd__or2_2)
                  0.14    0.68   22.58 v _14133_/X (sky130_fd_sc_hd__or2_2)
     3    0.01                           _11182_ (net)
                  0.14    0.00   22.58 v _14134_/B (sky130_fd_sc_hd__or2_2)
                  0.12    0.65   23.22 v _14134_/X (sky130_fd_sc_hd__or2_2)
     2    0.00                           _11183_ (net)
                  0.12    0.00   23.22 v _14135_/B (sky130_fd_sc_hd__or2_2)
                  0.14    0.68   23.91 v _14135_/X (sky130_fd_sc_hd__or2_2)
     3    0.01                           _11184_ (net)
                  0.14    0.00   23.91 v _14136_/B (sky130_fd_sc_hd__or2_2)
                  0.12    0.66   24.57 v _14136_/X (sky130_fd_sc_hd__or2_2)
     2    0.00                           _11185_ (net)
                  0.12    0.00   24.57 v _14137_/B (sky130_fd_sc_hd__or2_4)
                  0.09    0.47   25.04 v _14137_/X (sky130_fd_sc_hd__or2_4)
     3    0.01                           _11186_ (net)
                  0.09    0.00   25.04 v _14138_/B (sky130_fd_sc_hd__or2_2)
                  0.12    0.63   25.67 v _14138_/X (sky130_fd_sc_hd__or2_2)
     2    0.00                           _11187_ (net)
                  0.12    0.00   25.67 v _14139_/B (sky130_fd_sc_hd__or2_2)
                  0.14    0.68   26.35 v _14139_/X (sky130_fd_sc_hd__or2_2)
     3    0.01                           _11188_ (net)
                  0.14    0.00   26.35 v _14140_/B (sky130_fd_sc_hd__or2_2)
                  0.12    0.66   27.01 v _14140_/X (sky130_fd_sc_hd__or2_2)
     2    0.00                           _11189_ (net)
                  0.12    0.00   27.01 v _14141_/B (sky130_fd_sc_hd__or2_4)
                  0.09    0.47   27.48 v _14141_/X (sky130_fd_sc_hd__or2_4)
     3    0.01                           _11190_ (net)
                  0.09    0.00   27.48 v _14142_/B (sky130_fd_sc_hd__or2_2)
                  0.12    0.64   28.12 v _14142_/X (sky130_fd_sc_hd__or2_2)
     2    0.00                           _11191_ (net)
                  0.12    0.00   28.12 v _14143_/B (sky130_fd_sc_hd__or2_4)
                  0.09    0.47   28.59 v _14143_/X (sky130_fd_sc_hd__or2_4)
     3    0.01                           _11192_ (net)
                  0.09    0.00   28.59 v _14144_/B (sky130_fd_sc_hd__or2_2)
                  0.12    0.63   29.22 v _14144_/X (sky130_fd_sc_hd__or2_2)
     2    0.00                           _11193_ (net)
                  0.12    0.00   29.22 v _14145_/B (sky130_fd_sc_hd__or2_2)
                  0.14    0.68   29.90 v _14145_/X (sky130_fd_sc_hd__or2_2)
     3    0.01                           _11194_ (net)
                  0.14    0.00   29.90 v _14146_/B (sky130_fd_sc_hd__or2_2)
                  0.12    0.66   30.56 v _14146_/X (sky130_fd_sc_hd__or2_2)
     2    0.00                           _11195_ (net)
                  0.12    0.00   30.56 v _14147_/B (sky130_fd_sc_hd__or2_4)
                  0.09    0.47   31.03 v _14147_/X (sky130_fd_sc_hd__or2_4)
     3    0.01                           _11196_ (net)
                  0.09    0.00   31.03 v _14148_/B (sky130_fd_sc_hd__or2_2)
                  0.12    0.63   31.66 v _14148_/X (sky130_fd_sc_hd__or2_2)
     2    0.00                           _11197_ (net)
                  0.12    0.00   31.66 v _14149_/B (sky130_fd_sc_hd__or2_2)
                  0.14    0.68   32.34 v _14149_/X (sky130_fd_sc_hd__or2_2)
     3    0.01                           _11198_ (net)
                  0.14    0.00   32.34 v _14150_/B (sky130_fd_sc_hd__or2_2)
                  0.12    0.66   33.00 v _14150_/X (sky130_fd_sc_hd__or2_2)
     2    0.00                           _11199_ (net)
                  0.12    0.00   33.00 v _14151_/B (sky130_fd_sc_hd__or2_4)
                  0.09    0.47   33.47 v _14151_/X (sky130_fd_sc_hd__or2_4)
     3    0.01                           _11200_ (net)
                  0.09    0.00   33.47 v _14152_/B (sky130_fd_sc_hd__or2_4)
                  0.08    0.44   33.91 v _14152_/X (sky130_fd_sc_hd__or2_4)
     2    0.00                           _11201_ (net)
                  0.08    0.00   33.91 v _14153_/B (sky130_fd_sc_hd__or2_4)
                  0.09    0.45   34.37 v _14153_/X (sky130_fd_sc_hd__or2_4)
     3    0.01                           _11202_ (net)
                  0.09    0.00   34.37 v _14154_/B (sky130_fd_sc_hd__or2_2)
                  0.12    0.63   35.00 v _14154_/X (sky130_fd_sc_hd__or2_2)
     2    0.00                           _11203_ (net)
                  0.12    0.00   35.00 v _14155_/B (sky130_fd_sc_hd__or2_2)
                  0.14    0.68   35.68 v _14155_/X (sky130_fd_sc_hd__or2_2)
     3    0.01                           _11204_ (net)
                  0.14    0.00   35.68 v _14156_/B (sky130_fd_sc_hd__or2_2)
                  0.12    0.66   36.34 v _14156_/X (sky130_fd_sc_hd__or2_2)
     2    0.00                           _11205_ (net)
                  0.12    0.00   36.34 v _14157_/B (sky130_fd_sc_hd__or2_4)
                  0.09    0.47   36.81 v _14157_/X (sky130_fd_sc_hd__or2_4)
     3    0.01                           _11206_ (net)
                  0.09    0.00   36.81 v _14158_/B (sky130_fd_sc_hd__or2_2)
                  0.12    0.63   37.44 v _14158_/X (sky130_fd_sc_hd__or2_2)
     2    0.00                           _11207_ (net)
                  0.12    0.00   37.44 v _14159_/B (sky130_fd_sc_hd__or2_2)
                  0.15    0.69   38.13 v _14159_/X (sky130_fd_sc_hd__or2_2)
     3    0.01                           _11208_ (net)
                  0.15    0.00   38.13 v _14160_/B (sky130_fd_sc_hd__or2_4)
                  0.08    0.46   38.59 v _14160_/X (sky130_fd_sc_hd__or2_4)
     2    0.00                           _11209_ (net)
                  0.08    0.00   38.59 v _14163_/B2 (sky130_fd_sc_hd__o221a_2)
                  0.07    0.42   39.01 v _14163_/X (sky130_fd_sc_hd__o221a_2)
     1    0.00                           _03794_ (net)
                  0.07    0.00   39.01 v _27628_/D (sky130_fd_sc_hd__dfxtp_2)
                                 39.01   data arrival time

                  0.00    5.00    5.00   clock clk (rise edge)
                          0.00    5.00   clock network delay (ideal)
                          0.00    5.00   clock reconvergence pessimism
                                  5.00 ^ _27628_/CLK (sky130_fd_sc_hd__dfxtp_2)
                         -0.29    4.71   library setup time
                                  4.71   data required time
-----------------------------------------------------------------------------
                                  4.71   data required time
                                -39.01   data arrival time
-----------------------------------------------------------------------------
                                -34.30   slack (VIOLATED)


