Startpoint: _46495_ (rising edge-triggered flip-flop clocked by clk)
Endpoint: _46495_ (rising edge-triggered flip-flop clocked by clk)
Path Group: clk
Path Type: min

Fanout     Cap    Slew   Delay    Time   Description
-----------------------------------------------------------------------------
                  0.00    0.00    0.00   clock clk (rise edge)
                          0.00    0.00   clock network delay (ideal)
                  0.00    0.00    0.00 ^ _46495_/CLK (sky130_fd_sc_hd__dfxtp_2)
                  0.03    0.18    0.18 ^ _46495_/Q (sky130_fd_sc_hd__dfxtp_2)
     2    0.00                           cpuregs[0][0] (net)
                  0.03    0.00    0.18 ^ _26477_/A (sky130_fd_sc_hd__buf_1)
                  0.02    0.04    0.23 ^ _26477_/X (sky130_fd_sc_hd__buf_1)
     1    0.00                           _02835_ (net)
                  0.02    0.00    0.23 ^ _46495_/D (sky130_fd_sc_hd__dfxtp_2)
                                  0.23   data arrival time

                  0.00    0.00    0.00   clock clk (rise edge)
                          0.00    0.00   clock network delay (ideal)
                          0.00    0.00   clock reconvergence pessimism
                                  0.00 ^ _46495_/CLK (sky130_fd_sc_hd__dfxtp_2)
                         -0.02   -0.02   library hold time
                                 -0.02   data required time
-----------------------------------------------------------------------------
                                 -0.02   data required time
                                 -0.23   data arrival time
-----------------------------------------------------------------------------
                                  0.24   slack (MET)


Startpoint: _47293_ (rising edge-triggered flip-flop clocked by clk)
Endpoint: _46307_ (rising edge-triggered flip-flop clocked by clk)
Path Group: clk
Path Type: max

Fanout     Cap    Slew   Delay    Time   Description
-----------------------------------------------------------------------------
                  0.00    0.00    0.00   clock clk (rise edge)
                          0.00    0.00   clock network delay (ideal)
                  0.00    0.00    0.00 ^ _47293_/CLK (sky130_fd_sc_hd__dfxtp_2)
                  0.92    1.25    1.25 v _47293_/Q (sky130_fd_sc_hd__dfxtp_2)
    66    0.22                           mem_la_wdata[1] (net)
                  0.92    0.00    1.25 v _26795_/A (sky130_fd_sc_hd__nor2_2)
                  0.25    0.43    1.68 ^ _26795_/Y (sky130_fd_sc_hd__nor2_2)
     2    0.00                           _22483_ (net)
                  0.25    0.00    1.68 ^ _26796_/A (sky130_fd_sc_hd__and2_2)
                  0.10    0.36    2.04 ^ _26796_/X (sky130_fd_sc_hd__and2_2)
     2    0.01                           _22484_ (net)
                  0.10    0.00    2.04 ^ _26797_/A (sky130_fd_sc_hd__nand2_2)
                  0.14    0.16    2.20 v _26797_/Y (sky130_fd_sc_hd__nand2_2)
     4    0.01                           _22485_ (net)
                  0.14    0.00    2.20 v _29772_/B (sky130_fd_sc_hd__or2_2)
                  0.15    0.71    2.90 v _29772_/X (sky130_fd_sc_hd__or2_2)
     3    0.01                           _05391_ (net)
                  0.15    0.00    2.90 v _29784_/B (sky130_fd_sc_hd__or2_2)
                  0.15    0.71    3.62 v _29784_/X (sky130_fd_sc_hd__or2_2)
     3    0.01                           _05401_ (net)
                  0.15    0.00    3.62 v _29794_/B (sky130_fd_sc_hd__or2_2)
                  0.15    0.71    4.33 v _29794_/X (sky130_fd_sc_hd__or2_2)
     3    0.01                           _05409_ (net)
                  0.15    0.00    4.33 v _29803_/B (sky130_fd_sc_hd__nor2_2)
                  0.18    0.21    4.54 ^ _29803_/Y (sky130_fd_sc_hd__nor2_2)
     3    0.01                           _05416_ (net)
                  0.18    0.00    4.54 ^ _29812_/A (sky130_fd_sc_hd__nand2_2)
                  0.11    0.16    4.70 v _29812_/Y (sky130_fd_sc_hd__nand2_2)
     3    0.01                           _05423_ (net)
                  0.11    0.00    4.70 v _29825_/B (sky130_fd_sc_hd__or2_2)
                  0.15    0.70    5.40 v _29825_/X (sky130_fd_sc_hd__or2_2)
     3    0.01                           _05434_ (net)
                  0.15    0.00    5.40 v _29833_/B (sky130_fd_sc_hd__or2_2)
                  0.15    0.71    6.11 v _29833_/X (sky130_fd_sc_hd__or2_2)
     3    0.01                           _05440_ (net)
                  0.15    0.00    6.11 v _29845_/B (sky130_fd_sc_hd__or2_2)
                  0.15    0.71    6.82 v _29845_/X (sky130_fd_sc_hd__or2_2)
     3    0.01                           _05450_ (net)
                  0.15    0.00    6.82 v _29854_/B (sky130_fd_sc_hd__nor2_2)
                  0.18    0.21    7.03 ^ _29854_/Y (sky130_fd_sc_hd__nor2_2)
     3    0.01                           _05457_ (net)
                  0.18    0.00    7.03 ^ _29865_/A (sky130_fd_sc_hd__nand2_2)
                  0.11    0.16    7.20 v _29865_/Y (sky130_fd_sc_hd__nand2_2)
     3    0.01                           _05466_ (net)
                  0.11    0.00    7.20 v _29873_/B (sky130_fd_sc_hd__or2_2)
                  0.15    0.70    7.89 v _29873_/X (sky130_fd_sc_hd__or2_2)
     3    0.01                           _05472_ (net)
                  0.15    0.00    7.89 v _29883_/B (sky130_fd_sc_hd__or2_2)
                  0.15    0.71    8.60 v _29883_/X (sky130_fd_sc_hd__or2_2)
     3    0.01                           _05480_ (net)
                  0.15    0.00    8.60 v _29892_/B (sky130_fd_sc_hd__nor2_2)
                  0.18    0.21    8.81 ^ _29892_/Y (sky130_fd_sc_hd__nor2_2)
     3    0.01                           _05487_ (net)
                  0.18    0.00    8.81 ^ _29902_/A (sky130_fd_sc_hd__nand2_2)
                  0.11    0.16    8.98 v _29902_/Y (sky130_fd_sc_hd__nand2_2)
     3    0.01                           _05495_ (net)
                  0.11    0.00    8.98 v _29909_/B (sky130_fd_sc_hd__nor2_2)
                  0.18    0.19    9.17 ^ _29909_/Y (sky130_fd_sc_hd__nor2_2)
     3    0.01                           _05500_ (net)
                  0.18    0.00    9.17 ^ _29923_/A (sky130_fd_sc_hd__nand2_2)
                  0.13    0.18    9.36 v _29923_/Y (sky130_fd_sc_hd__nand2_2)
     3    0.01                           _05512_ (net)
                  0.13    0.00    9.36 v _29932_/B (sky130_fd_sc_hd__nor2_2)
                  0.17    0.20    9.55 ^ _29932_/Y (sky130_fd_sc_hd__nor2_2)
     2    0.01                           _05519_ (net)
                  0.17    0.00    9.55 ^ _29943_/A (sky130_fd_sc_hd__nand2_2)
                  0.11    0.16    9.71 v _29943_/Y (sky130_fd_sc_hd__nand2_2)
     3    0.01                           _05528_ (net)
                  0.11    0.00    9.71 v _29952_/B (sky130_fd_sc_hd__or2_2)
                  0.15    0.70   10.41 v _29952_/X (sky130_fd_sc_hd__or2_2)
     3    0.01                           _05535_ (net)
                  0.15    0.00   10.41 v _29961_/B (sky130_fd_sc_hd__nor2_2)
                  0.18    0.21   10.62 ^ _29961_/Y (sky130_fd_sc_hd__nor2_2)
     3    0.01                           _05542_ (net)
                  0.18    0.00   10.62 ^ _29972_/A (sky130_fd_sc_hd__nand2_2)
                  0.13    0.18   10.80 v _29972_/Y (sky130_fd_sc_hd__nand2_2)
     3    0.01                           _05551_ (net)
                  0.13    0.00   10.80 v _29982_/B (sky130_fd_sc_hd__nor2_2)
                  0.19    0.21   11.01 ^ _29982_/Y (sky130_fd_sc_hd__nor2_2)
     3    0.01                           _05559_ (net)
                  0.19    0.00   11.01 ^ _29993_/A (sky130_fd_sc_hd__nand2_2)
                  0.12    0.17   11.18 v _29993_/Y (sky130_fd_sc_hd__nand2_2)
     3    0.01                           _05568_ (net)
                  0.12    0.00   11.18 v _30008_/A (sky130_fd_sc_hd__and2_2)
                  0.06    0.35   11.54 v _30008_/X (sky130_fd_sc_hd__and2_2)
     1    0.00                           _05581_ (net)
                  0.06    0.00   11.54 v _30009_/B (sky130_fd_sc_hd__or2_2)
                  0.10    0.59   12.13 v _30009_/X (sky130_fd_sc_hd__or2_2)
     1    0.00                           _02397_ (net)
                  0.10    0.00   12.13 v _45267_/A0 (sky130_fd_sc_hd__mux2_1)
                  0.15    0.69   12.82 v _45267_/X (sky130_fd_sc_hd__mux2_1)
     2    0.01                           _02398_ (net)
                  0.15    0.00   12.82 v _30011_/A (sky130_vsdinv)
                  0.09    0.13   12.95 ^ _30011_/Y (sky130_vsdinv)
     1    0.00                           _05583_ (net)
                  0.09    0.00   12.95 ^ _30012_/B (sky130_fd_sc_hd__nor2_2)
                  0.06    0.08   13.03 v _30012_/Y (sky130_fd_sc_hd__nor2_2)
     2    0.01                           _05584_ (net)
                  0.06    0.00   13.03 v _30013_/B (sky130_fd_sc_hd__nor2_2)
                  0.29    0.25   13.28 ^ _30013_/Y (sky130_fd_sc_hd__nor2_2)
     2    0.01                           _05585_ (net)
                  0.29    0.00   13.28 ^ _30026_/B (sky130_fd_sc_hd__nand2_2)
                  0.06    0.14   13.43 v _30026_/Y (sky130_fd_sc_hd__nand2_2)
     1    0.00                           _05596_ (net)
                  0.06    0.00   13.43 v _30027_/B1_N (sky130_fd_sc_hd__o21bai_2)
                  0.14    0.42   13.85 v _30027_/Y (sky130_fd_sc_hd__o21bai_2)
     2    0.01                           _05597_ (net)
                  0.14    0.00   13.85 v _30041_/B1 (sky130_fd_sc_hd__a22oi_2)
                  0.32    0.31   14.15 ^ _30041_/Y (sky130_fd_sc_hd__a22oi_2)
     3    0.01                           _05609_ (net)
                  0.32    0.00   14.15 ^ _30053_/B2 (sky130_fd_sc_hd__o22ai_2)
                  0.19    0.26   14.42 v _30053_/Y (sky130_fd_sc_hd__o22ai_2)
     3    0.01                           _05619_ (net)
                  0.19    0.00   14.42 v _30064_/A2_N (sky130_fd_sc_hd__o2bb2ai_2)
                  0.08    0.27   14.69 v _30064_/Y (sky130_fd_sc_hd__o2bb2ai_2)
     1    0.00                           _05628_ (net)
                  0.08    0.00   14.69 v _30065_/C1 (sky130_fd_sc_hd__o211ai_2)
                  0.21    0.10   14.80 ^ _30065_/Y (sky130_fd_sc_hd__o211ai_2)
     1    0.00                           _05629_ (net)
                  0.21    0.00   14.80 ^ _30066_/B (sky130_fd_sc_hd__nand2_2)
                  0.06    0.13   14.92 v _30066_/Y (sky130_fd_sc_hd__nand2_2)
     1    0.00                           _02615_ (net)
                  0.06    0.00   14.92 v _46307_/D (sky130_fd_sc_hd__dfxtp_2)
                                 14.92   data arrival time

                  0.00   12.00   12.00   clock clk (rise edge)
                          0.00   12.00   clock network delay (ideal)
                          0.00   12.00   clock reconvergence pessimism
                                 12.00 ^ _46307_/CLK (sky130_fd_sc_hd__dfxtp_2)
                         -0.29   11.71   library setup time
                                 11.71   data required time
-----------------------------------------------------------------------------
                                 11.71   data required time
                                -14.92   data arrival time
-----------------------------------------------------------------------------
                                 -3.21   slack (VIOLATED)


