Startpoint: _46495_ (rising edge-triggered flip-flop clocked by clk)
Endpoint: _46495_ (rising edge-triggered flip-flop clocked by clk)
Path Group: clk
Path Type: min

Fanout     Cap    Slew   Delay    Time   Description
-----------------------------------------------------------------------------
                  0.00    0.00    0.00   clock clk (rise edge)
                          0.00    0.00   clock network delay (ideal)
                  0.00    0.00    0.00 ^ _46495_/CLK (sky130_fd_sc_hd__dfxtp_1)
                  0.04    0.18    0.18 ^ _46495_/Q (sky130_fd_sc_hd__dfxtp_1)
     2    0.00                           cpuregs[0][0] (net)
                  0.04    0.00    0.18 ^ _26477_/A (sky130_fd_sc_hd__clkbuf_1)
                  0.02    0.05    0.23 ^ _26477_/X (sky130_fd_sc_hd__clkbuf_1)
     1    0.00                           _02835_ (net)
                  0.02    0.00    0.23 ^ _46495_/D (sky130_fd_sc_hd__dfxtp_1)
                                  0.23   data arrival time

                  0.00    0.00    0.00   clock clk (rise edge)
                          0.00    0.00   clock network delay (ideal)
                          0.00    0.00   clock reconvergence pessimism
                                  0.00 ^ _46495_/CLK (sky130_fd_sc_hd__dfxtp_1)
                         -0.02   -0.02   library hold time
                                 -0.02   data required time
-----------------------------------------------------------------------------
                                 -0.02   data required time
                                 -0.23   data arrival time
-----------------------------------------------------------------------------
                                  0.25   slack (MET)


Startpoint: _47722_ (rising edge-triggered flip-flop clocked by clk)
Endpoint: _47650_ (rising edge-triggered flip-flop clocked by clk)
Path Group: clk
Path Type: max

Fanout     Cap    Slew   Delay    Time   Description
-----------------------------------------------------------------------------
                  0.00    0.00    0.00   clock clk (rise edge)
                          0.00    0.00   clock network delay (ideal)
                  0.00    0.00    0.00 ^ _47722_/CLK (sky130_fd_sc_hd__dfxtp_4)
                  0.50    0.99    0.99 ^ _47722_/Q (sky130_fd_sc_hd__dfxtp_4)
    33    0.11                           latched_stalu (net)
                  0.50    0.00    0.99 ^ _45623_/S (sky130_fd_sc_hd__mux2_1)
                  0.13    0.85    1.84 v _45623_/X (sky130_fd_sc_hd__mux2_1)
     2    0.00                           _00293_ (net)
                  0.13    0.00    1.84 v _45622_/A1 (sky130_fd_sc_hd__mux2_1)
                  0.10    0.65    2.49 v _45622_/X (sky130_fd_sc_hd__mux2_1)
     1    0.00                           _00294_ (net)
                  0.10    0.00    2.49 v _27692_/B (sky130_fd_sc_hd__and2_1)
                  0.06    0.31    2.80 v _27692_/X (sky130_fd_sc_hd__and2_1)
     1    0.00                           _00295_ (net)
                  0.06    0.00    2.80 v _44913_/A0 (sky130_fd_sc_hd__mux2_1)
                  0.15    0.68    3.48 v _44913_/X (sky130_fd_sc_hd__mux2_1)
     4    0.01                           _02560_ (net)
                  0.15    0.00    3.48 v _28255_/A (sky130_fd_sc_hd__and2_1)
                  0.08    0.33    3.81 v _28255_/X (sky130_fd_sc_hd__and2_1)
     2    0.00                           _04316_ (net)
                  0.08    0.00    3.81 v _28256_/B (sky130_fd_sc_hd__nor2_1)
                  0.25    0.23    4.04 ^ _28256_/Y (sky130_fd_sc_hd__nor2_1)
     2    0.01                           _04317_ (net)
                  0.25    0.00    4.04 ^ _28264_/A1 (sky130_fd_sc_hd__a31o_1)
                  0.14    0.38    4.42 ^ _28264_/X (sky130_fd_sc_hd__a31o_1)
     2    0.01                           _04322_ (net)
                  0.14    0.00    4.42 ^ _28273_/B1 (sky130_fd_sc_hd__o21ai_1)
                  0.09    0.14    4.56 v _28273_/Y (sky130_fd_sc_hd__o21ai_1)
     1    0.00                           _04329_ (net)
                  0.09    0.00    4.56 v _28274_/B1 (sky130_fd_sc_hd__o21a_1)
                  0.10    0.23    4.79 v _28274_/X (sky130_fd_sc_hd__o21a_1)
     2    0.01                           _04330_ (net)
                  0.10    0.00    4.79 v _28279_/B (sky130_fd_sc_hd__nor2_1)
                  0.23    0.23    5.02 ^ _28279_/Y (sky130_fd_sc_hd__nor2_1)
     3    0.01                           _04333_ (net)
                  0.23    0.00    5.02 ^ _28292_/A2 (sky130_fd_sc_hd__o21bai_1)
                  0.16    0.23    5.24 v _28292_/Y (sky130_fd_sc_hd__o21bai_1)
     2    0.01                           _04344_ (net)
                  0.16    0.00    5.24 v _28301_/A1 (sky130_fd_sc_hd__a21oi_2)
                  0.21    0.28    5.52 ^ _28301_/Y (sky130_fd_sc_hd__a21oi_2)
     2    0.01                           _04351_ (net)
                  0.21    0.00    5.52 ^ _28310_/A2 (sky130_fd_sc_hd__o21ai_2)
                  0.09    0.16    5.69 v _28310_/Y (sky130_fd_sc_hd__o21ai_2)
     2    0.01                           _04358_ (net)
                  0.09    0.00    5.69 v _28320_/A1 (sky130_fd_sc_hd__a21oi_2)
                  0.21    0.25    5.94 ^ _28320_/Y (sky130_fd_sc_hd__a21oi_2)
     2    0.01                           _04366_ (net)
                  0.21    0.00    5.94 ^ _28329_/A2 (sky130_fd_sc_hd__o21ai_2)
                  0.12    0.19    6.13 v _28329_/Y (sky130_fd_sc_hd__o21ai_2)
     2    0.01                           _04373_ (net)
                  0.12    0.00    6.13 v _28338_/A1 (sky130_fd_sc_hd__a21oi_4)
                  0.20    0.25    6.38 ^ _28338_/Y (sky130_fd_sc_hd__a21oi_4)
     2    0.01                           _04380_ (net)
                  0.20    0.00    6.38 ^ _28340_/B2 (sky130_fd_sc_hd__o22ai_4)
                  0.11    0.18    6.55 v _28340_/Y (sky130_fd_sc_hd__o22ai_4)
     3    0.01                           _04382_ (net)
                  0.11    0.00    6.55 v _28350_/A1 (sky130_fd_sc_hd__a21oi_4)
                  0.22    0.27    6.82 ^ _28350_/Y (sky130_fd_sc_hd__a21oi_4)
     3    0.01                           _04390_ (net)
                  0.22    0.00    6.82 ^ _28361_/B2 (sky130_fd_sc_hd__o22ai_4)
                  0.11    0.19    7.01 v _28361_/Y (sky130_fd_sc_hd__o22ai_4)
     3    0.01                           _04399_ (net)
                  0.11    0.00    7.01 v _28371_/A1 (sky130_fd_sc_hd__a21oi_4)
                  0.22    0.27    7.27 ^ _28371_/Y (sky130_fd_sc_hd__a21oi_4)
     3    0.01                           _04407_ (net)
                  0.22    0.00    7.27 ^ _28380_/B2 (sky130_fd_sc_hd__o22ai_4)
                  0.12    0.19    7.46 v _28380_/Y (sky130_fd_sc_hd__o22ai_4)
     3    0.01                           _04414_ (net)
                  0.12    0.00    7.46 v _28390_/A1 (sky130_fd_sc_hd__a21boi_4)
                  0.23    0.28    7.74 ^ _28390_/Y (sky130_fd_sc_hd__a21boi_4)
     3    0.01                           _04422_ (net)
                  0.23    0.00    7.74 ^ _28400_/B2 (sky130_fd_sc_hd__o22ai_4)
                  0.12    0.19    7.93 v _28400_/Y (sky130_fd_sc_hd__o22ai_4)
     3    0.01                           _04430_ (net)
                  0.12    0.00    7.93 v _28418_/B1 (sky130_fd_sc_hd__a22oi_4)
                  0.25    0.25    8.18 ^ _28418_/Y (sky130_fd_sc_hd__a22oi_4)
     2    0.01                           _04444_ (net)
                  0.25    0.00    8.18 ^ _28420_/B2 (sky130_fd_sc_hd__o22ai_4)
                  0.12    0.20    8.38 v _28420_/Y (sky130_fd_sc_hd__o22ai_4)
     4    0.01                           _04446_ (net)
                  0.12    0.00    8.38 v _28442_/B1 (sky130_fd_sc_hd__a22oi_4)
                  0.25    0.26    8.64 ^ _28442_/Y (sky130_fd_sc_hd__a22oi_4)
     2    0.01                           _04464_ (net)
                  0.25    0.00    8.64 ^ _28483_/A2 (sky130_fd_sc_hd__o2111ai_4)
                  0.17    0.27    8.90 v _28483_/Y (sky130_fd_sc_hd__o2111ai_4)
     1    0.00                           _04497_ (net)
                  0.17    0.00    8.90 v _28485_/A (sky130_fd_sc_hd__nand2_2)
                  0.17    0.21    9.11 ^ _28485_/Y (sky130_fd_sc_hd__nand2_2)
     4    0.02                           _04499_ (net)
                  0.17    0.00    9.11 ^ _28523_/D1 (sky130_fd_sc_hd__o2111ai_4)
                  0.18    0.21    9.33 v _28523_/Y (sky130_fd_sc_hd__o2111ai_4)
     1    0.00                           _04529_ (net)
                  0.18    0.00    9.33 v _28525_/A (sky130_fd_sc_hd__nand2_2)
                  0.15    0.20    9.53 ^ _28525_/Y (sky130_fd_sc_hd__nand2_2)
     4    0.01                           _04531_ (net)
                  0.15    0.00    9.53 ^ _28543_/A (sky130_fd_sc_hd__nand3_1)
                  0.12    0.16    9.68 v _28543_/Y (sky130_fd_sc_hd__nand3_1)
     1    0.00                           _04545_ (net)
                  0.12    0.00    9.68 v _28546_/B1 (sky130_fd_sc_hd__a22oi_1)
                  0.23    0.23    9.91 ^ _28546_/Y (sky130_fd_sc_hd__a22oi_1)
     1    0.00                           _04548_ (net)
                  0.23    0.00    9.91 ^ _28549_/A (sky130_fd_sc_hd__nor2_1)
                  0.07    0.13   10.05 v _28549_/Y (sky130_fd_sc_hd__nor2_1)
     1    0.00                           _01680_ (net)
                  0.07    0.00   10.05 v _45636_/A1 (sky130_fd_sc_hd__mux2_1)
                  0.10    0.62   10.67 v _45636_/X (sky130_fd_sc_hd__mux2_1)
     1    0.00                           _01681_ (net)
                  0.10    0.00   10.67 v _46091_/A1 (sky130_fd_sc_hd__mux4_1)
                  0.14    1.10   11.77 v _46091_/X (sky130_fd_sc_hd__mux4_1)
     1    0.00                           _01682_ (net)
                  0.14    0.00   11.77 v _45637_/A0 (sky130_fd_sc_hd__mux2_1)
                  0.11    0.64   12.41 v _45637_/X (sky130_fd_sc_hd__mux2_1)
     1    0.00                           _02530_ (net)
                  0.11    0.00   12.41 v _23598_/A1 (sky130_fd_sc_hd__o211a_1)
                  0.06    0.40   12.81 v _23598_/X (sky130_fd_sc_hd__o211a_1)
     1    0.00                           _03990_ (net)
                  0.06    0.00   12.81 v _47650_/D (sky130_fd_sc_hd__dfxtp_1)
                                 12.81   data arrival time

                  0.00   12.00   12.00   clock clk (rise edge)
                          0.00   12.00   clock network delay (ideal)
                          0.00   12.00   clock reconvergence pessimism
                                 12.00 ^ _47650_/CLK (sky130_fd_sc_hd__dfxtp_1)
                         -0.28   11.72   library setup time
                                 11.72   data required time
-----------------------------------------------------------------------------
                                 11.72   data required time
                                -12.81   data arrival time
-----------------------------------------------------------------------------
                                 -1.10   slack (VIOLATED)


