[INFO]: Current run directory is /openLANE_flow/designs/picorv32a_ankit/runs/30-09_19-47
[INFO]: Preparing LEF Files
[INFO]: Extracting the number of available metal layers from /home/vsduser/Desktop/work/tools/openlane_working_dir/pdks/sky130A/libs.ref/sky130_fd_sc_hd/techlef/sky130_fd_sc_hd.tlef
[INFO]: The number of available metal layers is 6
[INFO]: The available metal layers are li1 met1 met2 met3 met4 met5
[INFO]: Merging LEF Files...
[INFO]: Merging the following extra LEFs: /openLANE_flow/designs/picorv32a_ankit/src/sky130A_ankit_vsdinv.lef
[INFO]: Trimming Liberty...
[INFO]: Generating Exclude List...
[INFO]: Storing configs into config.tcl ...
[INFO]: Preparation complete
[INFO]: Running Synthesis...
[INFO]: current step index: 7
[INFO]: Changing netlist from /openLANE_flow/designs/picorv32a_ankit/runs/28-09_14-23/results/synthesis/picorv32a_ankit.synthesis.v to /openLANE_flow/designs/picorv32a_ankit/runs/30-09_19-47/results/synthesis/picorv32a_ankit.synthesis.v
[INFO]: Running Static Timing Analysis...
[INFO]: current step index: 8
[INFO]: Synthesis was successful
[INFO]: Running Placement...
[INFO]: Running Global Placement...
[INFO]: current step index: 9
[INFO]: Global placement was successful
[INFO]: Changing layout from /openLANE_flow/designs/picorv32a_ankit/runs/28-09_14-23/tmp/placement/5-replace.def to /openLANE_flow/designs/picorv32a_ankit/runs/30-09_19-47/tmp/placement/9-replace.def
[INFO]: Skipping OpenPhySyn Timing Optimizations.
[INFO]: Running Resizer Design Optimizations...
[INFO]: Generating Exclude List...
[INFO]: Creating ::env(DONT_USE_CELLS)...
[INFO]: Changing layout from /openLANE_flow/designs/picorv32a_ankit/runs/30-09_19-47/tmp/placement/9-replace.def to /openLANE_flow/designs/picorv32a_ankit/runs/30-09_19-47/tmp/placement/9-resizer.def
[INFO]: Writing Verilog...
[INFO]: current step index: 10
[INFO]: Changing netlist from /openLANE_flow/designs/picorv32a_ankit/runs/30-09_19-47/results/synthesis/picorv32a_ankit.synthesis.v to /openLANE_flow/designs/picorv32a_ankit/runs/30-09_19-47/results/synthesis/picorv32a_ankit.synthesis_optimized.v
[INFO]: Running Static Timing Analysis...
[INFO]: current step index: 11
[INFO]: Running Detailed Placement...
[INFO]: current step index: 12
[ERROR]: during executing: "openroad -exit /openLANE_flow/scripts/openroad/or_opendp.tcl |& tee >&@stdout /openLANE_flow/designs/picorv32a_ankit/runs/30-09_19-47/logs/placement/12-opendp.log"
[ERROR]: Exit code: 1
[ERROR]: Last 10 lines:
child process exited abnormally

[ERROR]: Please check openroad  log file
[ERROR]: Dumping to /openLANE_flow/designs/picorv32a_ankit/runs/30-09_19-47/error.log
