0-prep 0h0m0s778ms
0h0m2s253ms
0h0m2s300ms
1-opensta 0h0m1s573ms
0h0m2s333ms
1-yosys 0h1m1s962ms
2-opensta 0h0m1s698ms
3-verilog2def_openroad 0h0m2s12ms
3-opensta 0h0m1s661ms
4-ioPlacer 0h0m1s698ms
4-verilog2def_openroad 0h0m2s12ms
5-ioPlacer 0h0m1s604ms
5-tapcell 0h0m2s122ms
6-tapcell 0h0m2s25ms
6-replace 0h0m18s586ms
6-resizer 0h0m17s802ms
7-write_verilog 0h0m1s685ms
7-replace 0h0m17s246ms
7-resizer 0h2m4s580ms
8-write_verilog 0h0m1s598ms
8-opensta_post_resizer 0h0m1s656ms
9-opendp 0h0m2s630ms
9-opensta_post_resizer 0h0m1s650ms
10-prep 0h0m2s568ms
10-klayout_scrot 0h0m5s977ms
11-cts 0h1m38s6ms
11-opensta 0h0m1s634ms
12-write_verilog 0h0m1s582ms
12-verilog2def_openroad 0h0m1s781ms
13-prep 0h0m2s528ms
13-ioPlacer 0h0m1s391ms
13-klayout_scrot 0h0m5s627ms
14-opensta 0h0m1s816ms
15-verilog2def_openroad 0h0m2s118ms
16-ioPlacer 0h0m1s820ms
17-tapcell 0h0m2s398ms
18-replace 0h0m18s665ms
18-resizer 0h0m38s862ms
19-write_verilog 0h0m1s672ms
20-opensta_post_resizer 0h0m1s793ms
21-prep 0h0m2s556ms
22-opensta 0h0m1s636ms
23-verilog2def_openroad 0h0m2s9ms
24-ioPlacer 0h0m1s765ms
25-tapcell 0h0m2s376ms
26-replace 0h0m18s786ms
26-resizer 0h0m36s966ms
27-write_verilog 0h0m1s655ms
28-opensta_post_resizer 0h0m1s735ms
30-prep 0h0m2s558ms
30-verilog2def_openroad 0h0m2s128ms
31-opensta 0h0m1s709ms
32-verilog2def_openroad 0h0m2s132ms
33-ioPlacer 0h0m1s656ms
34-tapcell 0h0m2s480ms
35-replace 0h0m19s15ms
35-resizer 0h0m18s651ms
36-write_verilog 0h0m1s816ms
37-opensta_post_resizer 0h0m1s848ms
38-opendp 0h0m2s702ms
39-klayout_scrot 0h0m6s236ms
40-cts 0h1m46s169ms
41-write_verilog 0h0m1s988ms
42-klayout_scrot 0h0m6s603ms