OpenROAD 0.9.0 1415572a73
This program is licensed under the BSD-3 license. See the LICENSE file for details.
Components of this program may be licensed under more restrictive licenses which must be honored.
Notice 0: Reading LEF file:  /openLANE_flow/designs/picorv32a_ankit/runs/run_cts/tmp/merged_unpadded.lef
Notice 0:     Created 13 technology layers
Notice 0:     Created 25 technology vias
Notice 0:     Created 441 library cells
Notice 0: Finished LEF file:  /openLANE_flow/designs/picorv32a_ankit/runs/run_cts/tmp/merged_unpadded.lef
Notice 0: 
Reading DEF file: /openLANE_flow/designs/picorv32a_ankit/runs/run_cts/tmp/floorplan/5-ioPlacer.def
Notice 0: Design: picorv32a_ankit
Notice 0:     Created 409 pins.
Notice 0:     Created 24789 components and 177819 component-terminals.
Notice 0:     Created 24891 nets and 82939 connections.
Notice 0: Finished DEF file: /openLANE_flow/designs/picorv32a_ankit/runs/run_cts/tmp/floorplan/5-ioPlacer.def
Step 1: Cut rows...
[INFO TAP-0001] Macro blocks found: 0
[INFO TAP-0002] #Original rows: 211
[INFO TAP-0003] #Cut rows: 0
Step 2: Insert endcaps...
[INFO TAP-0004] #Endcaps inserted: 422
Step 3: Insert tapcells...
[WARNING TAP-0010] Tapcell at position (579140, 10880) will cause overlap with endcap. Skipping...
[WARNING TAP-0010] Tapcell at position (579140, 582080) will cause overlap with endcap. Skipping...
[INFO TAP-0005] #Tapcells inserted: 4577
