Startpoint: _26670_ (rising edge-triggered flip-flop clocked by clk)
Endpoint: _26670_ (rising edge-triggered flip-flop clocked by clk)
Path Group: clk
Path Type: min

Fanout     Cap    Slew   Delay    Time   Description
-----------------------------------------------------------------------------
                  0.00    0.00    0.00   clock clk (rise edge)
                          0.00    0.00   clock network delay (ideal)
                  0.00    0.00    0.00 ^ _26670_/CLK (sky130_fd_sc_hd__dfxtp_1)
                  0.03    0.17    0.17 ^ _26670_/Q (sky130_fd_sc_hd__dfxtp_1)
     1    0.00                           cpuregs[0][1] (net)
                  0.03    0.00    0.17 ^ _15933_/A (sky130_fd_sc_hd__clkbuf_1)
                  0.02    0.04    0.22 ^ _15933_/X (sky130_fd_sc_hd__clkbuf_1)
     1    0.00                           _02836_ (net)
                  0.02    0.00    0.22 ^ _26670_/D (sky130_fd_sc_hd__dfxtp_1)
                                  0.22   data arrival time

                  0.00    0.00    0.00   clock clk (rise edge)
                          0.00    0.00   clock network delay (ideal)
                          0.00    0.00   clock reconvergence pessimism
                                  0.00 ^ _26670_/CLK (sky130_fd_sc_hd__dfxtp_1)
                         -0.02   -0.02   library hold time
                                 -0.02   data required time
-----------------------------------------------------------------------------
                                 -0.02   data required time
                                 -0.22   data arrival time
-----------------------------------------------------------------------------
                                  0.23   slack (MET)


Startpoint: _27860_ (rising edge-triggered flip-flop clocked by clk)
Endpoint: _27762_ (rising edge-triggered flip-flop clocked by clk)
Path Group: clk
Path Type: max

Fanout     Cap    Slew   Delay    Time   Description
-----------------------------------------------------------------------------
                  0.00    0.00    0.00   clock clk (rise edge)
                          0.00    0.00   clock network delay (ideal)
                  0.00    0.00    0.00 ^ _27860_/CLK (sky130_fd_sc_hd__dfxtp_1)
                  0.20    0.69    0.69 ^ _27860_/Q (sky130_fd_sc_hd__dfxtp_1)
     4    0.01                           irq_mask[1] (net)
                  0.20    0.00    0.69 ^ _13106_/A (sky130_fd_sc_hd__inv_2)
                  0.08    0.14    0.83 v _13106_/Y (sky130_fd_sc_hd__inv_2)
     6    0.01                           _10508_ (net)
                  0.08    0.00    0.83 v _13111_/A1 (sky130_fd_sc_hd__a221o_1)
                  0.09    0.57    1.40 v _13111_/X (sky130_fd_sc_hd__a221o_1)
     1    0.00                           _10513_ (net)
                  0.09    0.00    1.40 v _13130_/A (sky130_fd_sc_hd__or4_4)
                  0.14    1.03    2.42 v _13130_/X (sky130_fd_sc_hd__or4_4)
     1    0.00                           _10532_ (net)
                  0.14    0.00    2.42 v _13158_/A1 (sky130_fd_sc_hd__o2111a_1)
                  0.09    0.47    2.90 v _13158_/X (sky130_fd_sc_hd__o2111a_1)
     2    0.00                           _10560_ (net)
                  0.09    0.00    2.90 v _13159_/C (sky130_fd_sc_hd__or3_4)
                  0.12    0.66    3.56 v _13159_/X (sky130_fd_sc_hd__or3_4)
     2    0.01                           _10561_ (net)
                  0.12    0.00    3.56 v _13162_/A (sky130_fd_sc_hd__or2_1)
                  0.11    0.52    4.08 v _13162_/X (sky130_fd_sc_hd__or2_1)
     2    0.00                           _10563_ (net)
                  0.11    0.00    4.08 v _13163_/C (sky130_fd_sc_hd__or3_4)
                  0.12    0.66    4.74 v _13163_/X (sky130_fd_sc_hd__or3_4)
     3    0.00                           _10564_ (net)
                  0.12    0.00    4.74 v _13691_/B (sky130_fd_sc_hd__or2_2)
                  0.15    0.69    5.43 v _13691_/X (sky130_fd_sc_hd__or2_2)
     4    0.01                           _10911_ (net)
                  0.15    0.00    5.43 v _13692_/C (sky130_fd_sc_hd__or3_2)
                  0.15    0.95    6.38 v _13692_/X (sky130_fd_sc_hd__or3_2)
     1    0.00                           _10912_ (net)
                  0.15    0.00    6.38 v _13693_/B (sky130_fd_sc_hd__or2_1)
                  0.13    0.53    6.91 v _13693_/X (sky130_fd_sc_hd__or2_1)
     3    0.01                           _10913_ (net)
                  0.13    0.00    6.91 v _13694_/B (sky130_fd_sc_hd__or2_1)
                  0.08    0.46    7.37 v _13694_/X (sky130_fd_sc_hd__or2_1)
     1    0.00                           _10914_ (net)
                  0.08    0.00    7.37 v _13695_/B (sky130_fd_sc_hd__or2_1)
                  0.13    0.50    7.87 v _13695_/X (sky130_fd_sc_hd__or2_1)
     3    0.01                           _10915_ (net)
                  0.13    0.00    7.87 v _13696_/B (sky130_fd_sc_hd__or2_1)
                  0.08    0.46    8.32 v _13696_/X (sky130_fd_sc_hd__or2_1)
     1    0.00                           _10916_ (net)
                  0.08    0.00    8.32 v _13697_/B (sky130_fd_sc_hd__or2_1)
                  0.13    0.50    8.82 v _13697_/X (sky130_fd_sc_hd__or2_1)
     3    0.01                           _10917_ (net)
                  0.13    0.00    8.82 v _13698_/B (sky130_fd_sc_hd__or2_1)
                  0.08    0.46    9.28 v _13698_/X (sky130_fd_sc_hd__or2_1)
     1    0.00                           _10918_ (net)
                  0.08    0.00    9.28 v _13699_/B (sky130_fd_sc_hd__or2_1)
                  0.13    0.50    9.78 v _13699_/X (sky130_fd_sc_hd__or2_1)
     3    0.01                           _10919_ (net)
                  0.13    0.00    9.78 v _13700_/B (sky130_fd_sc_hd__or2_1)
                  0.08    0.46   10.23 v _13700_/X (sky130_fd_sc_hd__or2_1)
     1    0.00                           _10920_ (net)
                  0.08    0.00   10.23 v _13701_/B (sky130_fd_sc_hd__or2_1)
                  0.13    0.50   10.73 v _13701_/X (sky130_fd_sc_hd__or2_1)
     3    0.01                           _10921_ (net)
                  0.13    0.00   10.73 v _13702_/B (sky130_fd_sc_hd__or2_1)
                  0.08    0.46   11.19 v _13702_/X (sky130_fd_sc_hd__or2_1)
     1    0.00                           _10922_ (net)
                  0.08    0.00   11.19 v _13703_/B (sky130_fd_sc_hd__or2_1)
                  0.13    0.50   11.69 v _13703_/X (sky130_fd_sc_hd__or2_1)
     3    0.01                           _10923_ (net)
                  0.13    0.00   11.69 v _13704_/B (sky130_fd_sc_hd__or2_1)
                  0.08    0.46   12.15 v _13704_/X (sky130_fd_sc_hd__or2_1)
     1    0.00                           _10924_ (net)
                  0.08    0.00   12.15 v _13705_/B (sky130_fd_sc_hd__or2_2)
                  0.14    0.67   12.81 v _13705_/X (sky130_fd_sc_hd__or2_2)
     3    0.01                           _10925_ (net)
                  0.14    0.00   12.81 v _13706_/B (sky130_fd_sc_hd__or2_1)
                  0.08    0.46   13.28 v _13706_/X (sky130_fd_sc_hd__or2_1)
     1    0.00                           _10926_ (net)
                  0.08    0.00   13.28 v _13707_/B (sky130_fd_sc_hd__or2_1)
                  0.13    0.50   13.78 v _13707_/X (sky130_fd_sc_hd__or2_1)
     3    0.01                           _10927_ (net)
                  0.13    0.00   13.78 v _13708_/B (sky130_fd_sc_hd__or2_1)
                  0.08    0.46   14.23 v _13708_/X (sky130_fd_sc_hd__or2_1)
     1    0.00                           _10928_ (net)
                  0.08    0.00   14.23 v _13709_/B (sky130_fd_sc_hd__or2_2)
                  0.14    0.67   14.90 v _13709_/X (sky130_fd_sc_hd__or2_2)
     3    0.01                           _10929_ (net)
                  0.14    0.00   14.90 v _13710_/B (sky130_fd_sc_hd__or2_1)
                  0.08    0.46   15.36 v _13710_/X (sky130_fd_sc_hd__or2_1)
     1    0.00                           _10930_ (net)
                  0.08    0.00   15.36 v _13711_/B (sky130_fd_sc_hd__or2_2)
                  0.14    0.67   16.03 v _13711_/X (sky130_fd_sc_hd__or2_2)
     3    0.01                           _10931_ (net)
                  0.14    0.00   16.03 v _13712_/B (sky130_fd_sc_hd__or2_1)
                  0.08    0.46   16.49 v _13712_/X (sky130_fd_sc_hd__or2_1)
     1    0.00                           _10932_ (net)
                  0.08    0.00   16.49 v _13713_/B (sky130_fd_sc_hd__or2_1)
                  0.13    0.50   16.99 v _13713_/X (sky130_fd_sc_hd__or2_1)
     3    0.01                           _10933_ (net)
                  0.13    0.00   16.99 v _13714_/B (sky130_fd_sc_hd__or2_1)
                  0.08    0.46   17.45 v _13714_/X (sky130_fd_sc_hd__or2_1)
     1    0.00                           _10934_ (net)
                  0.08    0.00   17.45 v _13715_/B (sky130_fd_sc_hd__or2_2)
                  0.14    0.67   18.12 v _13715_/X (sky130_fd_sc_hd__or2_2)
     3    0.01                           _10935_ (net)
                  0.14    0.00   18.12 v _13716_/B (sky130_fd_sc_hd__or2_1)
                  0.08    0.46   18.58 v _13716_/X (sky130_fd_sc_hd__or2_1)
     1    0.00                           _10936_ (net)
                  0.08    0.00   18.58 v _13717_/B (sky130_fd_sc_hd__or2_2)
                  0.14    0.67   19.24 v _13717_/X (sky130_fd_sc_hd__or2_2)
     3    0.01                           _10937_ (net)
                  0.14    0.00   19.24 v _13718_/B (sky130_fd_sc_hd__or2_1)
                  0.08    0.46   19.71 v _13718_/X (sky130_fd_sc_hd__or2_1)
     1    0.00                           _10938_ (net)
                  0.08    0.00   19.71 v _13719_/B (sky130_fd_sc_hd__or2_1)
                  0.13    0.50   20.21 v _13719_/X (sky130_fd_sc_hd__or2_1)
     3    0.01                           _10939_ (net)
                  0.13    0.00   20.21 v _13720_/B (sky130_fd_sc_hd__or2_1)
                  0.08    0.46   20.66 v _13720_/X (sky130_fd_sc_hd__or2_1)
     1    0.00                           _10940_ (net)
                  0.08    0.00   20.66 v _13721_/B (sky130_fd_sc_hd__or2_2)
                  0.14    0.67   21.33 v _13721_/X (sky130_fd_sc_hd__or2_2)
     3    0.01                           _10941_ (net)
                  0.14    0.00   21.33 v _13722_/B (sky130_fd_sc_hd__or2_1)
                  0.08    0.46   21.79 v _13722_/X (sky130_fd_sc_hd__or2_1)
     1    0.00                           _10942_ (net)
                  0.08    0.00   21.79 v _13723_/B (sky130_fd_sc_hd__or2_1)
                  0.13    0.50   22.29 v _13723_/X (sky130_fd_sc_hd__or2_1)
     3    0.01                           _10943_ (net)
                  0.13    0.00   22.29 v _13724_/B (sky130_fd_sc_hd__or2_1)
                  0.08    0.46   22.75 v _13724_/X (sky130_fd_sc_hd__or2_1)
     1    0.00                           _10944_ (net)
                  0.08    0.00   22.75 v _13725_/B (sky130_fd_sc_hd__or2_1)
                  0.13    0.50   23.25 v _13725_/X (sky130_fd_sc_hd__or2_1)
     3    0.01                           _10945_ (net)
                  0.13    0.00   23.25 v _13726_/B (sky130_fd_sc_hd__or2_1)
                  0.08    0.46   23.71 v _13726_/X (sky130_fd_sc_hd__or2_1)
     1    0.00                           _10946_ (net)
                  0.08    0.00   23.71 v _13727_/B (sky130_fd_sc_hd__or2_1)
                  0.13    0.50   24.20 v _13727_/X (sky130_fd_sc_hd__or2_1)
     3    0.01                           _10947_ (net)
                  0.13    0.00   24.20 v _13728_/B (sky130_fd_sc_hd__or2_1)
                  0.08    0.46   24.66 v _13728_/X (sky130_fd_sc_hd__or2_1)
     1    0.00                           _10948_ (net)
                  0.08    0.00   24.66 v _13729_/B (sky130_fd_sc_hd__or2_1)
                  0.13    0.50   25.16 v _13729_/X (sky130_fd_sc_hd__or2_1)
     3    0.01                           _10949_ (net)
                  0.13    0.00   25.16 v _13730_/B (sky130_fd_sc_hd__or2_1)
                  0.08    0.46   25.62 v _13730_/X (sky130_fd_sc_hd__or2_1)
     1    0.00                           _10950_ (net)
                  0.08    0.00   25.62 v _13731_/B (sky130_fd_sc_hd__or2_2)
                  0.14    0.67   26.28 v _13731_/X (sky130_fd_sc_hd__or2_2)
     3    0.01                           _10951_ (net)
                  0.14    0.00   26.28 v _13732_/B (sky130_fd_sc_hd__or2_1)
                  0.08    0.46   26.75 v _13732_/X (sky130_fd_sc_hd__or2_1)
     1    0.00                           _10952_ (net)
                  0.08    0.00   26.75 v _13733_/B (sky130_fd_sc_hd__or2_2)
                  0.14    0.67   27.41 v _13733_/X (sky130_fd_sc_hd__or2_2)
     3    0.01                           _10953_ (net)
                  0.14    0.00   27.41 v _13734_/B (sky130_fd_sc_hd__or2_1)
                  0.08    0.46   27.88 v _13734_/X (sky130_fd_sc_hd__or2_1)
     1    0.00                           _10954_ (net)
                  0.08    0.00   27.88 v _13735_/B (sky130_fd_sc_hd__or2_2)
                  0.14    0.67   28.54 v _13735_/X (sky130_fd_sc_hd__or2_2)
     3    0.01                           _10955_ (net)
                  0.14    0.00   28.54 v _13736_/B (sky130_fd_sc_hd__or2_1)
                  0.08    0.46   29.01 v _13736_/X (sky130_fd_sc_hd__or2_1)
     1    0.00                           _10956_ (net)
                  0.08    0.00   29.01 v _13737_/B (sky130_fd_sc_hd__or2_2)
                  0.14    0.67   29.67 v _13737_/X (sky130_fd_sc_hd__or2_2)
     3    0.01                           _10957_ (net)
                  0.14    0.00   29.67 v _13738_/B (sky130_fd_sc_hd__or2_1)
                  0.08    0.46   30.13 v _13738_/X (sky130_fd_sc_hd__or2_1)
     1    0.00                           _10958_ (net)
                  0.08    0.00   30.13 v _13739_/B (sky130_fd_sc_hd__or2_2)
                  0.14    0.67   30.80 v _13739_/X (sky130_fd_sc_hd__or2_2)
     3    0.01                           _10959_ (net)
                  0.14    0.00   30.80 v _13740_/B (sky130_fd_sc_hd__or2_1)
                  0.08    0.46   31.26 v _13740_/X (sky130_fd_sc_hd__or2_1)
     1    0.00                           _10960_ (net)
                  0.08    0.00   31.26 v _13741_/B (sky130_fd_sc_hd__or2_2)
                  0.14    0.67   31.93 v _13741_/X (sky130_fd_sc_hd__or2_2)
     3    0.01                           _10961_ (net)
                  0.14    0.00   31.93 v _13742_/B (sky130_fd_sc_hd__or2_1)
                  0.08    0.46   32.39 v _13742_/X (sky130_fd_sc_hd__or2_1)
     1    0.00                           _10962_ (net)
                  0.08    0.00   32.39 v _13743_/B (sky130_fd_sc_hd__or2_2)
                  0.14    0.67   33.06 v _13743_/X (sky130_fd_sc_hd__or2_2)
     3    0.01                           _10963_ (net)
                  0.14    0.00   33.06 v _13744_/B (sky130_fd_sc_hd__or2_1)
                  0.08    0.46   33.52 v _13744_/X (sky130_fd_sc_hd__or2_1)
     1    0.00                           _10964_ (net)
                  0.08    0.00   33.52 v _13745_/B (sky130_fd_sc_hd__or2_2)
                  0.14    0.67   34.19 v _13745_/X (sky130_fd_sc_hd__or2_2)
     3    0.01                           _10965_ (net)
                  0.14    0.00   34.19 v _13746_/B (sky130_fd_sc_hd__or2_1)
                  0.08    0.46   34.65 v _13746_/X (sky130_fd_sc_hd__or2_1)
     1    0.00                           _10966_ (net)
                  0.08    0.00   34.65 v _13747_/B (sky130_fd_sc_hd__or2_1)
                  0.13    0.50   35.15 v _13747_/X (sky130_fd_sc_hd__or2_1)
     3    0.01                           _10967_ (net)
                  0.13    0.00   35.15 v _13748_/B (sky130_fd_sc_hd__or2_1)
                  0.08    0.46   35.61 v _13748_/X (sky130_fd_sc_hd__or2_1)
     1    0.00                           _10968_ (net)
                  0.08    0.00   35.61 v _13749_/B (sky130_fd_sc_hd__or2_1)
                  0.13    0.50   36.11 v _13749_/X (sky130_fd_sc_hd__or2_1)
     3    0.01                           _10969_ (net)
                  0.13    0.00   36.11 v _13750_/B (sky130_fd_sc_hd__or2_1)
                  0.08    0.46   36.57 v _13750_/X (sky130_fd_sc_hd__or2_1)
     1    0.00                           _10970_ (net)
                  0.08    0.00   36.57 v _13751_/B (sky130_fd_sc_hd__or2_2)
                  0.14    0.67   37.23 v _13751_/X (sky130_fd_sc_hd__or2_2)
     3    0.01                           _10971_ (net)
                  0.14    0.00   37.23 v _13752_/B (sky130_fd_sc_hd__or2_1)
                  0.14    0.53   37.76 v _13752_/X (sky130_fd_sc_hd__or2_1)
     2    0.01                           _10972_ (net)
                  0.14    0.00   37.76 v _13755_/B2 (sky130_fd_sc_hd__o221a_1)
                  0.08    0.40   38.16 v _13755_/X (sky130_fd_sc_hd__o221a_1)
     1    0.00                           _03928_ (net)
                  0.08    0.00   38.16 v _27762_/D (sky130_fd_sc_hd__dfxtp_1)
                                 38.16   data arrival time

                  0.00    5.00    5.00   clock clk (rise edge)
                          0.00    5.00   clock network delay (ideal)
                          0.00    5.00   clock reconvergence pessimism
                                  5.00 ^ _27762_/CLK (sky130_fd_sc_hd__dfxtp_1)
                         -0.29    4.71   library setup time
                                  4.71   data required time
-----------------------------------------------------------------------------
                                  4.71   data required time
                                -38.16   data arrival time
-----------------------------------------------------------------------------
                                -33.46   slack (VIOLATED)


