OpenROAD 0.9.0 1415572a73
This program is licensed under the BSD-3 license. See the LICENSE file for details.
Components of this program may be licensed under more restrictive licenses which must be honored.
Notice 0: Reading LEF file:  /openLANE_flow/designs/picorv32a_ankit/runs/30-09_19-47/tmp/merged_unpadded.lef
Notice 0:     Created 13 technology layers
Notice 0:     Created 25 technology vias
Notice 0:     Created 441 library cells
Notice 0: Finished LEF file:  /openLANE_flow/designs/picorv32a_ankit/runs/30-09_19-47/tmp/merged_unpadded.lef
Notice 0: 
Reading DEF file: /openLANE_flow/designs/picorv32a_ankit/runs/30-09_19-47/tmp/placement/9-replace.def
Notice 0: Design: picorv32a_ankit
Notice 0:     Created 409 pins.
Notice 0:     Created 13339 components and 106375 component-terminals.
Notice 0:     Created 14978 nets and 52977 connections.
Notice 0: Finished DEF file: /openLANE_flow/designs/picorv32a_ankit/runs/30-09_19-47/tmp/placement/9-replace.def
create_clock [get_ports $::env(CLOCK_PORT)]  -name $::env(CLOCK_PORT)  -period $::env(CLOCK_PERIOD)
set input_delay_value [expr $::env(CLOCK_PERIOD) * $::env(IO_PCT)]
set output_delay_value [expr $::env(CLOCK_PERIOD) * $::env(IO_PCT)]
puts "\[INFO\]: Setting output delay to: $output_delay_value"
[INFO]: Setting output delay to: 1.0
puts "\[INFO\]: Setting input delay to: $input_delay_value"
[INFO]: Setting input delay to: 1.0
set_max_fanout $::env(SYNTH_MAX_FANOUT) [current_design]
set clk_indx [lsearch [all_inputs] [get_port $::env(CLOCK_PORT)]]
#set rst_indx [lsearch [all_inputs] [get_port resetn]]
set all_inputs_wo_clk [lreplace [all_inputs] $clk_indx $clk_indx]
#set all_inputs_wo_clk_rst [lreplace $all_inputs_wo_clk $rst_indx $rst_indx]
set all_inputs_wo_clk_rst $all_inputs_wo_clk
# correct resetn
set_input_delay $input_delay_value  -clock [get_clocks $::env(CLOCK_PORT)] $all_inputs_wo_clk_rst
#set_input_delay 0.0 -clock [get_clocks $::env(CLOCK_PORT)] {resetn}
set_output_delay $output_delay_value  -clock [get_clocks $::env(CLOCK_PORT)] [all_outputs]
# TODO set this as parameter
set_driving_cell -lib_cell $::env(SYNTH_DRIVING_CELL) -pin $::env(SYNTH_DRIVING_CELL_PIN) [all_inputs]
set cap_load [expr $::env(SYNTH_CAP_LOAD) / 1000.0]
puts "\[INFO\]: Setting load to: $cap_load"
[INFO]: Setting load to: 0.01765
set_load  $cap_load [all_outputs]
[INFO RSZ-0027] Inserted 101 input buffers.
[INFO RSZ-0028] Inserted 307 output buffers.
[INFO RSZ-0034] Found 29 slew violations.
[INFO RSZ-0036] Found 29 capacitance violations.
[INFO RSZ-0038] Inserted 43 buffers in 29 nets.
[INFO RSZ-0039] Resized 11261 instances.
[WARNING RSZ-0020] found 1537 floatiing nets.
 _00043_
 _00309_
 _00315_
 _00340_
 _00366_
 _00371_
 _00372_
 _00373_
 _00374_
 _00376_
 _00377_
 _00378_
 _00379_
 _00381_
 _00382_
 _00383_
 _00384_
 _00386_
 _00387_
 _00388_
 _00389_
 _00392_
 _00393_
 _00394_
 _00395_
 _00398_
 _00399_
 _00400_
 _00401_
 _00403_
 _00404_
 _00405_
 _00406_
 _00408_
 _00409_
 _00410_
 _00411_
 _00413_
 _00414_
 _00415_
 _00416_
 _00419_
 _00420_
 _00421_
 _00422_
 _00425_
 _00426_
 _00427_
 _00428_
 _00430_
 _00431_
 _00432_
 _00433_
 _00435_
 _00436_
 _00437_
 _00438_
 _00440_
 _00441_
 _00442_
 _00443_
 _00446_
 _00447_
 _00448_
 _00449_
 _00452_
 _00453_
 _00454_
 _00455_
 _00457_
 _00458_
 _00459_
 _00460_
 _00462_
 _00463_
 _00464_
 _00465_
 _00467_
 _00468_
 _00469_
 _00470_
 _00473_
 _00474_
 _00475_
 _00476_
 _00479_
 _00480_
 _00481_
 _00482_
 _00484_
 _00485_
 _00486_
 _00487_
 _00489_
 _00490_
 _00491_
 _00492_
 _00494_
 _00495_
 _00496_
 _00497_
 _00500_
 _00501_
 _00502_
 _00503_
 _00506_
 _00507_
 _00508_
 _00509_
 _00511_
 _00512_
 _00513_
 _00514_
 _00516_
 _00517_
 _00518_
 _00519_
 _00521_
 _00522_
 _00523_
 _00524_
 _00527_
 _00528_
 _00529_
 _00530_
 _00533_
 _00534_
 _00535_
 _00536_
 _00538_
 _00539_
 _00540_
 _00541_
 _00543_
 _00544_
 _00545_
 _00546_
 _00548_
 _00549_
 _00550_
 _00551_
 _00554_
 _00555_
 _00556_
 _00557_
 _00560_
 _00561_
 _00562_
 _00563_
 _00565_
 _00566_
 _00567_
 _00568_
 _00570_
 _00571_
 _00572_
 _00573_
 _00575_
 _00576_
 _00577_
 _00578_
 _00581_
 _00582_
 _00583_
 _00584_
 _00587_
 _00588_
 _00589_
 _00590_
 _00592_
 _00593_
 _00594_
 _00595_
 _00597_
 _00598_
 _00599_
 _00600_
 _00602_
 _00603_
 _00604_
 _00605_
 _00608_
 _00609_
 _00610_
 _00611_
 _00614_
 _00615_
 _00616_
 _00617_
 _00619_
 _00620_
 _00621_
 _00622_
 _00624_
 _00625_
 _00626_
 _00627_
 _00629_
 _00630_
 _00631_
 _00632_
 _00635_
 _00636_
 _00637_
 _00638_
 _00641_
 _00642_
 _00643_
 _00644_
 _00646_
 _00647_
 _00648_
 _00649_
 _00651_
 _00652_
 _00653_
 _00654_
 _00656_
 _00657_
 _00658_
 _00659_
 _00662_
 _00663_
 _00664_
 _00665_
 _00668_
 _00669_
 _00670_
 _00671_
 _00673_
 _00674_
 _00675_
 _00676_
 _00678_
 _00679_
 _00680_
 _00681_
 _00683_
 _00684_
 _00685_
 _00686_
 _00689_
 _00690_
 _00691_
 _00692_
 _00695_
 _00696_
 _00697_
 _00698_
 _00700_
 _00701_
 _00702_
 _00703_
 _00705_
 _00706_
 _00707_
 _00708_
 _00710_
 _00711_
 _00712_
 _00713_
 _00716_
 _00717_
 _00718_
 _00719_
 _00722_
 _00723_
 _00724_
 _00725_
 _00727_
 _00728_
 _00729_
 _00730_
 _00732_
 _00733_
 _00734_
 _00735_
 _00737_
 _00738_
 _00739_
 _00740_
 _00743_
 _00744_
 _00745_
 _00746_
 _00749_
 _00750_
 _00751_
 _00752_
 _00754_
 _00755_
 _00756_
 _00757_
 _00759_
 _00760_
 _00761_
 _00762_
 _00764_
 _00765_
 _00766_
 _00767_
 _00770_
 _00771_
 _00772_
 _00773_
 _00776_
 _00777_
 _00778_
 _00779_
 _00781_
 _00782_
 _00783_
 _00784_
 _00786_
 _00787_
 _00788_
 _00789_
 _00791_
 _00792_
 _00793_
 _00794_
 _00797_
 _00798_
 _00799_
 _00800_
 _00803_
 _00804_
 _00805_
 _00806_
 _00808_
 _00809_
 _00810_
 _00811_
 _00813_
 _00814_
 _00815_
 _00816_
 _00818_
 _00819_
 _00820_
 _00821_
 _00824_
 _00825_
 _00826_
 _00827_
 _00830_
 _00831_
 _00832_
 _00833_
 _00835_
 _00836_
 _00837_
 _00838_
 _00840_
 _00841_
 _00842_
 _00843_
 _00845_
 _00846_
 _00847_
 _00848_
 _00851_
 _00852_
 _00853_
 _00854_
 _00857_
 _00858_
 _00859_
 _00860_
 _00862_
 _00863_
 _00864_
 _00865_
 _00867_
 _00868_
 _00869_
 _00870_
 _00872_
 _00873_
 _00874_
 _00875_
 _00878_
 _00879_
 _00880_
 _00881_
 _00884_
 _00885_
 _00886_
 _00887_
 _00889_
 _00890_
 _00891_
 _00892_
 _00894_
 _00895_
 _00896_
 _00897_
 _00899_
 _00900_
 _00901_
 _00902_
 _00905_
 _00906_
 _00907_
 _00908_
 _00911_
 _00912_
 _00913_
 _00914_
 _00916_
 _00917_
 _00918_
 _00919_
 _00921_
 _00922_
 _00923_
 _00924_
 _00926_
 _00927_
 _00928_
 _00929_
 _00932_
 _00933_
 _00934_
 _00935_
 _00938_
 _00939_
 _00940_
 _00941_
 _00943_
 _00944_
 _00945_
 _00946_
 _00948_
 _00949_
 _00950_
 _00951_
 _00953_
 _00954_
 _00955_
 _00956_
 _00959_
 _00960_
 _00961_
 _00962_
 _00965_
 _00966_
 _00967_
 _00968_
 _00970_
 _00971_
 _00972_
 _00973_
 _00975_
 _00976_
 _00977_
 _00978_
 _00980_
 _00981_
 _00982_
 _00983_
 _00986_
 _00987_
 _00988_
 _00989_
 _00992_
 _00993_
 _00994_
 _00995_
 _00997_
 _00998_
 _00999_
 _01000_
 _01002_
 _01003_
 _01004_
 _01005_
 _01007_
 _01008_
 _01009_
 _01010_
 _01013_
 _01014_
 _01015_
 _01016_
 _01019_
 _01020_
 _01021_
 _01022_
 _01024_
 _01025_
 _01026_
 _01027_
 _01029_
 _01030_
 _01031_
 _01032_
 _01034_
 _01035_
 _01036_
 _01037_
 _01040_
 _01041_
 _01042_
 _01043_
 _01046_
 _01047_
 _01048_
 _01049_
 _01051_
 _01052_
 _01053_
 _01054_
 _01056_
 _01057_
 _01058_
 _01059_
 _01061_
 _01062_
 _01063_
 _01064_
 _01067_
 _01068_
 _01069_
 _01070_
 _01073_
 _01074_
 _01075_
 _01076_
 _01078_
 _01079_
 _01080_
 _01081_
 _01083_
 _01084_
 _01085_
 _01086_
 _01088_
 _01089_
 _01090_
 _01091_
 _01094_
 _01095_
 _01096_
 _01097_
 _01100_
 _01101_
 _01102_
 _01103_
 _01105_
 _01106_
 _01107_
 _01108_
 _01110_
 _01111_
 _01112_
 _01113_
 _01115_
 _01116_
 _01117_
 _01118_
 _01121_
 _01122_
 _01123_
 _01124_
 _01127_
 _01128_
 _01129_
 _01130_
 _01132_
 _01133_
 _01134_
 _01135_
 _01137_
 _01138_
 _01139_
 _01140_
 _01142_
 _01143_
 _01144_
 _01145_
 _01148_
 _01149_
 _01150_
 _01151_
 _01154_
 _01155_
 _01156_
 _01157_
 _01159_
 _01160_
 _01161_
 _01162_
 _01164_
 _01165_
 _01166_
 _01167_
 _01169_
 _01170_
 _01171_
 _01172_
 _01175_
 _01176_
 _01177_
 _01178_
 _01181_
 _01182_
 _01183_
 _01184_
 _01186_
 _01187_
 _01188_
 _01189_
 _01191_
 _01192_
 _01193_
 _01194_
 _01196_
 _01197_
 _01198_
 _01199_
 _01202_
 _01203_
 _01204_
 _01205_
 _01471_
 _01700_
 _01707_
 _01721_
 _01734_
 _01747_
 _01760_
 _01767_
 _01773_
 _01780_
 _01786_
 _01799_
 _01806_
 _01812_
 _01826_
 _01833_
 _01839_
 _01852_
 _01859_
 _01865_
 _01878_
 _01885_
 _01891_
 _01904_
 _01911_
 _01929_
 _01947_
 _01965_
 _01983_
 _02001_
 _02019_
 _02037_
 _02055_
 _02062_
 _02063_
 _02544_
 _03156_
 _03159_
 _03164_
 _03169_
 _03171_
 _03176_
 _03178_
 _03205_
 _03208_
 _03241_
 _03242_
 _03828_
 _04063_
 _04064_
 _04146_
 _04219_
 _04238_
 _04242_
 _04243_
 _04249_
 _04252_
 _04272_
 _04288_
 _04294_
 _04301_
 _04308_
 _04314_
 _04319_
 _04325_
 _04331_
 _04336_
 _04342_
 _04348_
 _04353_
 _04368_
 _04371_
 _04373_
 _04381_
 _04384_
 _04387_
 _04390_
 _04394_
 _04399_
 _04404_
 _04407_
 _04410_
 _04413_
 _04417_
 _04422_
 _04427_
 _04430_
 _04433_
 _04436_
 _04440_
 _04445_
 _04450_
 _04453_
 _04456_
 _04459_
 _04463_
 _04468_
 _04473_
 _04476_
 _04479_
 _04482_
 _04485_
 _04488_
 _04491_
 _04535_
 _04536_
 _04542_
 _04550_
 _04552_
 _04558_
 _04567_
 _04575_
 _04584_
 _04588_
 _04594_
 _04595_
 _04599_
 _04603_
 _04604_
 _04608_
 _04612_
 _04613_
 _04620_
 _04624_
 _04630_
 _04631_
 _04635_
 _04639_
 _04640_
 _04644_
 _04648_
 _04649_
 _04656_
 _04665_
 _04674_
 _04675_
 _04677_
 _04682_
 _04687_
 _04694_
 _04701_
 _04706_
 _04714_
 _04717_
 _04721_
 _04729_
 _04736_
 _04740_
 _04743_
 _04764_
 _04766_
 _04770_
 _04773_
 _04776_
 _04781_
 _04800_
 _04815_
 _04834_
 _04854_
 _04876_
 _04893_
 _04916_
 _04928_
 _04931_
 _04943_
 _04966_
 _04983_
 _05030_
 _05044_
 _05080_
 _05107_
 _05153_
 _05186_
 _05247_
 _05268_
 _05325_
 _05354_
 _05407_
 _05439_
 _05488_
 _05524_
 _05574_
 _05612_
 _05622_
 _05671_
 _05712_
 _05714_
 _05731_
 _05786_
 _05827_
 _05839_
 _05893_
 _05894_
 _05910_
 _05943_
 _06008_
 _06043_
 _06119_
 _06159_
 _06235_
 _06279_
 _06357_
 _06358_
 _06380_
 _06438_
 _06494_
 _06563_
 _06619_
 _06685_
 _06745_
 _06835_
 _06872_
 _06873_
 _06894_
 _06971_
 _07020_
 _07095_
 _07157_
 _07248_
 _07301_
 _07454_
 _07462_
 _07599_
 _07716_
 _07721_
 _07735_
 _07869_
 _07885_
 _07890_
 _08011_
 _08012_
 _08145_
 _08155_
 _08276_
 _08508_
 _08509_
 _08536_
 _08636_
 _08638_
 _08647_
 _08748_
 _08750_
 _08858_
 _08860_
 _08874_
 _08875_
 _08957_
 _08958_
 _08969_
 _08971_
 _08979_
 _08984_
 _09184_
 _09226_
 _09232_
 _09278_
 _09280_
 _09281_
 _09285_
 _09286_
 _09288_
 _09290_
 _09332_
 _09344_
 _09379_
 _09393_
 _09394_
 _09399_
 _09400_
 _09402_
 _09404_
 _09437_
 _09455_
 _09508_
 _09514_
 _09528_
 _09540_
 _09543_
 _09595_
 _09600_
 _09613_
 _09695_
 _09701_
 _09709_
 _09733_
 _09734_
 _09772_
 _09775_
 _09776_
 _09784_
 _09793_
 _09846_
 _09851_
 _09859_
 _09863_
 _09869_
 _09934_
 _09939_
 _09987_
 _09999_
 _10009_
 _10017_
 _10071_
 _10087_
 _10092_
 _10147_
 _10151_
 _10184_
 _10207_
 _10211_
 _10242_
 _10262_
 _10269_
 _10289_
 _10291_
 _10295_
 _10322_
 _10326_
 _10346_
 _10351_
 _10355_
 _10356_
 _10361_
 _10365_
 _10405_
 _10407_
 _10442_
 _10446_
 _10448_
 _10449_
 _10456_
 _10458_
 _10461_
 _10466_
 _10470_
 _10472_
 _10477_
 _10483_
 _10487_
 _10488_
 _10490_
 _10493_
 _10495_
 _10496_
 _10506_
 _10507_
 _10509_
 _10514_
 _10515_
 _10517_
 _10520_
 _10521_
 _10526_
 _10527_
 _10533_
 _10534_
 _10539_
 _10540_
 _10545_
 _10546_
 _10551_
 _10552_
 _10558_
 _10559_
 _10565_
 _10566_
 _10567_
 _10578_
 _10580_
 _10583_
 _10589_
 _10593_
 _10595_
 _10604_
 _10605_
 _10608_
 _10613_
 _10614_
 _10615_
 _10616_
 _10621_
 _10640_
 _10646_
 _10647_
 _10659_
 _10661_
 _10662_
 _10665_
 _10675_
 _10677_
 _10685_
 _10707_
 _10709_
 _10712_
 _10724_
 _10726_
 _10728_
 _10730_
 _10744_
 _10747_
 _10748_
 _10752_
 _10764_
 _10766_
 _10768_
 _10771_
 _10777_
 _10779_
 _10781_
 _10783_
 _10786_
 _10789_
 _10793_
 _10795_
 _10797_
 _10799_
 _10802_
 _10806_
 _10807_
 _10809_
 _10810_
 _10848_
 _10849_
 _10850_
 _10851_
 _10852_
 _10853_
 _10854_
 _10855_
 _10856_
 _10857_
 _10858_
 _10859_
 _10860_
 _10861_
 _10862_
 _10863_
 _10864_
 _10865_
 _10866_
 _10867_
 _10868_
 _10869_
 _10870_
 _10871_
 _10872_
 _10873_
 _10874_
 _10875_
 _10876_
 _10877_
 _10878_
 _10879_
 _10880_
 _10881_
 _10882_
 _10883_
 _10884_
 _10885_
 _10886_
 _10887_
 _10888_
 _10889_
 _10890_
 _10891_
 _10892_
 _10893_
 _10894_
 _10895_
 _10896_
 _10897_
 _10898_
 _10899_
 _10900_
 _10901_
 _10902_
 _10903_
 _10904_
 _10905_
 _10906_
 _10907_
 _10908_
 _10909_
 _10910_
 _10974_
 _10976_
 _10977_
 _10978_
 _10979_
 _10981_
 _10982_
 _10984_
 _10985_
 _10986_
 _10987_
 _10989_
 _10990_
 _10992_
 _10993_
 _10994_
 _10995_
 _10998_
 _10999_
 _11001_
 _11002_
 _11003_
 _11004_
 _11006_
 _11007_
 _11010_
 _11011_
 _11012_
 _11013_
 _11015_
 _11016_
 _11020_
 _11025_
 _11052_
 _11080_
 _11084_
 _11092_
 _11119_
 _11120_
 _11121_
 _11122_
 _11123_
 _11124_
 _11125_
 _11126_
 _11127_
 _11128_
 _11129_
 _11130_
 _11131_
 _11132_
 _11133_
 _11134_
 _11135_
 _11136_
 _11137_
 _11138_
 _11139_
 _11140_
 _11141_
 _11142_
 _11143_
 _11144_
 _11145_
 _11146_
 _11147_
 _11148_
 _11149_
 _11210_
 _11211_
 _11212_
 _11213_
 _11214_
 _11215_
 _11217_
 _11219_
 _11220_
 _11221_
 _11222_
 _11223_
 _11225_
 _11227_
 _11228_
 _11229_
 _11230_
 _11231_
 _11233_
 _11235_
 _11236_
 _11237_
 _11238_
 _11239_
 _11241_
 _11243_
 _11244_
 _11245_
 _11246_
 _11247_
 _11248_
 _11249_
 _11252_
 _11254_
 _11256_
 _11257_
 _11268_
 _11310_
 _11313_
 _11318_
 _11332_
 _11370_
 _11381_
 _11386_
 _11401_
 _11415_
 _11426_
 _11433_
 _11448_
 _11493_
 _11507_
 _11521_
 _11535_
 _11549_
 _11647_
 _11655_
 _11718_
 _11719_
 _11721_
 _11724_
 _11726_
 _11727_
 _11732_
 _11735_
 _11740_
 _11746_
 _11747_
 _11757_
 _11760_
 _11774_
 _11775_
 _11777_
 _11778_
 _11781_
 _11782_
 _11784_
 _11790_
 _11804_
 _11810_
 _11957_
 _11971_
 _11996_
 _12010_
 _12024_
 _12038_
 _12055_
 _12056_
 _12058_
 _12062_
 _12063_
 _12064_
 _12065_
 _12068_
 _12071_
 _12072_
 _12073_
 _12076_
 _12078_
 _12079_
 _12082_
 _12083_
 _12085_
 _12088_
 _12091_
 _12092_
 _12094_
 _12096_
 _12097_
 _12099_
 _12101_
 _12102_
 _12104_
 _12106_
 _12109_
 _12110_
 _12113_
 _12114_
 _12115_
 _12120_
 _12121_
 _12124_
 _12125_
 _12127_
 _12129_
 _12130_
 _12132_
 _12134_
 _12135_
 _12137_
 _12138_
 _12139_
 _12141_
 _12142_
 _12143_
 _12145_
 _12146_
 _12147_
 _12154_
 _12172_
 _12177_
 _12179_
 _12184_
 _12186_
 _12190_
 _12191_
 _12194_
 _12202_
 _12206_
 _12208_
 _12222_
 _12225_
 _12227_
 _12234_
 _12256_
 _12259_
 _12281_
 _12357_
 _12368_
 _12372_
 _12377_
 _12378_
 _12408_
 _12409_
 _12411_
 _12412_
 _12413_
 _12414_
 _12415_
 _12416_
 _12417_
 _12418_
 _12419_
 _12420_
 _12421_
 _12422_
 _12423_
 _12424_
 _12425_
 _12426_
 _12427_
 _12428_
 _12429_
 _12430_
 _12431_
 _12435_
 _12436_
 _12437_
 _12439_
 _12440_
 _12441_
 _12442_
 _12443_
 _12444_
 _12445_
 _12446_
 _12447_
 _12449_
 _12451_
 _12456_
 _12457_
 _12458_
 _12459_
 _12463_
 _12464_
 _12468_
 _12469_
 _12473_
 _12474_
 _12476_
 _12478_
 _12483_
 _12484_
 _12486_
 _12488_
 _12489_
 _12491_
 _12492_
 _12496_
 _12497_
 _12499_
 _12502_
 _12503_
 _12506_
 _12507_
 _12510_
 _12512_
 _12515_
 _12516_
 _12519_
 _12520_
 _12523_
 _12525_
 _12527_
 _12528_
 _12529_
 _12533_
 _12534_
 _12536_
 _12539_
 _12541_
 _12544_
 _12545_
 _12548_
 _12549_
 _12552_
 _12553_
 _12556_
 _12557_
 _12560_
 _12562_
 _12564_
 _12569_
 _12570_
 _12572_
 _12574_
 _12576_
 _12580_
 _12581_
 _12583_
 _12587_
 _12588_
 _12589_
 _12590_
 _12594_
 _12595_
 _12597_
 _12599_
 _12606_
 _12609_
 _12614_
 _12615_
 _12618_
 _12621_
 _12630_
 _12632_
 _12636_
 _12641_
 _12643_
 _12647_
 _12652_
 _12654_
 _12657_
 _12661_
 _12663_
 _12666_
 _12670_
 _12672_
 _12675_
 _12679_
 _12681_
 _12684_
 _12689_
 _12691_
 _12694_
 _12699_
 _12701_
 _12705_
 _12709_
 _12710_
 _12711_
 _12713_
 _12718_
 _12722_
 _12723_
 _12724_
 _12726_
 _12728_
 _12732_
 _12736_
 _12737_
 _12738_
 _12740_
 _12745_
 _12749_
 _12750_
 _12751_
 _12753_
 _12755_
 _12759_
 _12760_
 _12764_
 _12769_
 _12783_
 _12786_
 _12788_
 _12799_
 _12800_
 _12802_
 _12814_
 _12815_
 _12817_
 _12819_
 _12825_
 _12826_
 _12828_
 _12829_
 _12831_
 _12841_
 _12844_
 _12846_
 _12847_
 _12849_
 _12858_
 _12859_
 _12861_
 _12874_
 _12875_
 _12877_
 _12882_
 _12889_
 _12890_
 _12892_
 _12904_
 _12907_
 _12912_
 _12931_
 net232
 net234
 net235
 net236
[WARNING DPL-0011] Could not find power special net.
Design Stats
--------------------------------
total instances         13790
multi row instances         0
fixed instances             0
nets                    15429
design area          284227.6 u^2
fixed area                0.0 u^2
movable area         140283.3 u^2
utilization                49 %
utilization padded         74 %
rows                      196
row height                2.7 u

[WARNING DPL-0019] detailed placement failed on _21688_
[WARNING DPL-0019] detailed placement failed on _21687_
[WARNING DPL-0019] detailed placement failed on _21845_
[WARNING DPL-0019] detailed placement failed on _15048_
[WARNING DPL-0019] detailed placement failed on _15055_
[WARNING DPL-0019] detailed placement failed on _22652_
[WARNING DPL-0019] detailed placement failed on _22283_
[WARNING DPL-0019] detailed placement failed on _22181_
Placement Analysis
--------------------------------
total displacement   103591.0 u
average displacement      7.5 u
max displacement        222.8 u
original HPWL        537577.5 u
legalized HPWL       667953.9 u
delta HPWL                 24 %

[INFO DPL-0020] Mirrored 5865 instances
[INFO DPL-0021] HPWL before          667953.9 u
[INFO DPL-0022] HPWL after           656288.3 u
[INFO DPL-0023] HPWL delta               -1.7 %
[WARNING DPL-0005] Overlap check failed (47).
 _15055_ overlaps _15027_
 _21257_ overlaps _17211_
 _21258_ overlaps _18050_
 _21262_ overlaps _15042_
 _21388_ overlaps _15048_
 _21739_ overlaps _15065_
 _21848_ overlaps _15027_
 _21891_ overlaps _15060_
 _22129_ overlaps _21829_
 _22276_ overlaps _21389_
 _22538_ overlaps _20045_
 _22539_ overlaps _20060_
 _22567_ overlaps _20223_
 _22652_ overlaps _20026_
 _22919_ overlaps _21716_
 _23023_ overlaps _23021_
 _23028_ overlaps _15037_
 _23030_ overlaps _15061_
 _23033_ overlaps _21844_
 _23043_ overlaps _22390_
 _23115_ overlaps _23024_
 _23131_ overlaps _23025_
 _23138_ overlaps _22510_
 _23147_ overlaps _15632_
 _23149_ overlaps _21260_
 _23154_ overlaps _22406_
 _23260_ overlaps _22159_
 _23263_ overlaps _19749_
 _23366_ overlaps _15628_
 _23448_ overlaps _23360_
 _23453_ overlaps _23134_
 _23545_ overlaps _23155_
 _23562_ overlaps _22405_
 output103 overlaps _23042_
 output138 overlaps _23027_
 output155 overlaps _23026_
 output169 overlaps _23156_
 output221 overlaps _22418_
 output244 overlaps _22446_
 output264 overlaps input54
 output282 overlaps _22417_
 output293 overlaps _22283_
 output295 overlaps _22419_
 output301 overlaps _22566_
 output340 overlaps _22181_
 output353 overlaps _22814_
 output358 overlaps _22689_
