OpenROAD 0.9.0 1415572a73
This program is licensed under the BSD-3 license. See the LICENSE file for details.
Components of this program may be licensed under more restrictive licenses which must be honored.
Notice 0: Reading LEF file:  /openLANE_flow/designs/picorv32a_ankit/runs/final/tmp/merged_unpadded.lef
Notice 0:     Created 13 technology layers
Notice 0:     Created 25 technology vias
Notice 0:     Created 441 library cells
Notice 0: Finished LEF file:  /openLANE_flow/designs/picorv32a_ankit/runs/final/tmp/merged_unpadded.lef
Notice 0: 
Reading DEF file: /openLANE_flow/designs/picorv32a_ankit/runs/final/results/placement/picorv32a_ankit.placement.def
Notice 0: Design: picorv32a_ankit
Notice 0:     Created 409 pins.
Notice 0:     Created 35921 components and 203311 component-terminals.
Notice 0:     Created 25387 nets and 83931 connections.
Notice 0: Finished DEF file: /openLANE_flow/designs/picorv32a_ankit/runs/final/results/placement/picorv32a_ankit.placement.def
[INFO]: Setting output delay to: 3.0
[INFO]: Setting input delay to: 3.0
[INFO]: Setting load to: 0.01765
[INFO]: Configuring cts characterization...
[INFO]: Performing clock tree synthesis...
[INFO]: Looking for the following net(s): clk
[INFO]: Running Clock Tree Synthesis...
 *****************
 * TritonCTS 2.0 *
 *****************
 *****************************
 *  Create characterization  *
 *****************************
Number of created patterns = 50000.
Number of created patterns = 100000.
Number of created patterns = 150000.
Number of created patterns = 200000.
Number of created patterns = 250000.
Number of created patterns = 300000.
Number of created patterns = 313632.
 Compiling LUT
    Min. len    Max. len    Min. cap    Max. cap   Min. slew   Max. slew
           2           8           1          39           1         298
    [WARNING] 6336 wires are pure wire and no slew degration.
    TritonCTS forced slew degradation on these wires.
    Num wire segments: 313200
    Num keys in characterization LUT: 2033
    Actual min input cap: 2
 **********************
 *  Find clock roots  *
 **********************
 Running TritonCTS with user-specified clock roots: clk
 ************************
 *  Populate TritonCTS  *
 ************************
 Initializing clock nets
 Looking for clock nets in the design
 Net "clk" found
 Initializing clock net for : "clk"
 Clock net "clk" has 1613 sinks
 TritonCTS found 1 clock nets.
 ****************************
 *  Check characterization  *
 ****************************
    The chacterization used 4 buffer(s) types. All of them are in the loaded DB.
 ***********************
 *  Build clock trees  *
 ***********************
 Generating H-Tree topology for net clk...
    Tot. number of sinks: 1613
    Sinks will be clustered in groups of 20 and a maximum diameter of 50 um
    Number of static layers: 0
 Wire segment unit: 13000 dbu (13 um)
 Tot. number of sinks after clustering: 265
 Normalized sink region: [(1.395, 1.59846), (65.1581, 65.3892)]
    Width:  63.7631
    Height: 63.7908
 Level 1
    Direction: Vertical
    # sinks per sub-region: 133
    Sub-region size: 63.7631 X 31.8954
    Segment length (rounded): 16
    Key: 9408 outSlew: 34 load: 1 length: 8 isBuffered: 1
    Key: 7971 outSlew: 11 load: 1 length: 8 isBuffered: 1
 Level 2
    Direction: Horizontal
    # sinks per sub-region: 67
    Sub-region size: 31.8815 X 31.8954
    Segment length (rounded): 16
    Key: 9417 outSlew: 34 load: 1 length: 8 isBuffered: 1
    Key: 7971 outSlew: 11 load: 1 length: 8 isBuffered: 1
 Level 3
    Direction: Vertical
    # sinks per sub-region: 34
    Sub-region size: 31.8815 X 15.9477
    Segment length (rounded): 8
    Key: 9417 outSlew: 34 load: 1 length: 8 isBuffered: 1
 Level 4
    Direction: Horizontal
    # sinks per sub-region: 17
    Sub-region size: 15.9408 X 15.9477
    Segment length (rounded): 8
    Key: 7971 outSlew: 11 load: 1 length: 8 isBuffered: 1
 Level 5
    Direction: Vertical
    # sinks per sub-region: 9
    Sub-region size: 15.9408 X 7.97385
    Segment length (rounded): 4
    Key: 337 outSlew: 11 load: 1 length: 4 isBuffered: 1
 Stop criterion found. Max number of sinks is (15)
 Building clock sub nets...
 Number of sinks covered: 265
 Clock topology of net "clk" done.
 ****************
 * Post CTS opt *
 ****************
 Avg. source sink dist: 27408.1 dbu.
 Num outlier sinks: 24
 ********************
 * Write data to DB *
 ********************
 Writing clock net "clk" to DB
    Created 339 clock buffers.
    Minimum number of buffers in the clock path: 8.
    Maximum number of buffers in the clock path: 10.
    Created 339 clock nets.
    Fanout distribution for the current clock = 2:20, 3:20, 4:27, 5:40, 6:37, 7:32, 8:26, 9:28, 10:19, 11:10, 12:11, 13:5, 14:1, 16:1, 18:1.
    Max level of the clock tree: 5.
 ... End of TritonCTS execution.
[INFO]: Repairing long wires on clock nets...
[INFO]: Legalizing...
[WARNING DPL-0011] Could not find power special net.
Design Stats
--------------------------------
total instances         36260
multi row instances         0
fixed instances         10636
nets                    25726
design area          715597.6 u^2
fixed area            14864.3 u^2
movable area         251070.8 u^2
utilization                36 %
utilization padded         37 %
rows                      311
row height                2.7 u

Placement Analysis
--------------------------------
total displacement     2927.7 u
average displacement      0.1 u
max displacement          8.7 u
original HPWL        1289620.0 u
legalized HPWL       1311304.2 u
delta HPWL                  2 %

[INFO DPL-0020] Mirrored 11421 instances
[INFO DPL-0021] HPWL before          1311304.2 u
[INFO DPL-0022] HPWL after           1290255.4 u
[INFO DPL-0023] HPWL delta               -1.6 %
No paths found.
Startpoint: _46495_ (rising edge-triggered flip-flop clocked by clk)
Endpoint: _46495_ (rising edge-triggered flip-flop clocked by clk)
Path Group: clk
Path Type: min

Fanout     Cap    Slew   Delay    Time   Description
-----------------------------------------------------------------------------
                  0.00    0.00    0.00   clock clk (rise edge)
                          0.00    0.00   clock network delay (ideal)
                  0.00    0.00    0.00 ^ _46495_/CLK (sky130_fd_sc_hd__dfxtp_1)
                  0.04    0.18    0.18 ^ _46495_/Q (sky130_fd_sc_hd__dfxtp_1)
     2    0.00                           cpuregs[0][0] (net)
                  0.04    0.00    0.18 ^ _26468_/A (sky130_fd_sc_hd__clkbuf_1)
                  0.03    0.05    0.23 ^ _26468_/X (sky130_fd_sc_hd__clkbuf_1)
     1    0.00                           _02835_ (net)
                  0.03    0.00    0.23 ^ _46495_/D (sky130_fd_sc_hd__dfxtp_1)
                                  0.23   data arrival time

                  0.00    0.00    0.00   clock clk (rise edge)
                          0.00    0.00   clock network delay (ideal)
                          0.00    0.00   clock reconvergence pessimism
                                  0.00 ^ _46495_/CLK (sky130_fd_sc_hd__dfxtp_1)
                         -0.02   -0.02   library hold time
                                 -0.02   data required time
-----------------------------------------------------------------------------
                                 -0.02   data required time
                                 -0.23   data arrival time
-----------------------------------------------------------------------------
                                  0.25   slack (MET)


Startpoint: _47292_ (rising edge-triggered flip-flop clocked by clk)
Endpoint: _46307_ (rising edge-triggered flip-flop clocked by clk)
Path Group: clk
Path Type: max

Fanout     Cap    Slew   Delay    Time   Description
-----------------------------------------------------------------------------
                  0.00    0.00    0.00   clock clk (rise edge)
                          0.00    0.00   clock network delay (ideal)
                  0.00    0.00    0.00 ^ _47292_/CLK (sky130_fd_sc_hd__dfxtp_4)
                  0.36    0.88    0.88 v _47292_/Q (sky130_fd_sc_hd__dfxtp_4)
    34    0.16                           net200 (net)
                  0.36    0.01    0.89 v _26787_/B (sky130_fd_sc_hd__nor2_1)
                  0.21    0.28    1.17 ^ _26787_/Y (sky130_fd_sc_hd__nor2_1)
     2    0.00                           _22478_ (net)
                  0.21    0.00    1.17 ^ _26788_/A (sky130_fd_sc_hd__and2_1)
                  0.15    0.33    1.50 ^ _26788_/X (sky130_fd_sc_hd__and2_1)
     2    0.01                           _22479_ (net)
                  0.15    0.00    1.50 ^ _26789_/A (sky130_fd_sc_hd__nand2_2)
                  0.13    0.17    1.67 v _26789_/Y (sky130_fd_sc_hd__nand2_2)
     4    0.01                           _22480_ (net)
                  0.13    0.00    1.67 v _29765_/B (sky130_fd_sc_hd__or2_1)
                  0.14    0.53    2.20 v _29765_/X (sky130_fd_sc_hd__or2_1)
     3    0.01                           _05387_ (net)
                  0.14    0.00    2.20 v _29777_/B (sky130_fd_sc_hd__or2_2)
                  0.15    0.71    2.90 v _29777_/X (sky130_fd_sc_hd__or2_2)
     3    0.01                           _05397_ (net)
                  0.15    0.00    2.90 v _29787_/B (sky130_fd_sc_hd__or2_2)
                  0.15    0.71    3.61 v _29787_/X (sky130_fd_sc_hd__or2_2)
     3    0.01                           _05405_ (net)
                  0.15    0.00    3.61 v _29796_/B (sky130_fd_sc_hd__nor2_2)
                  0.22    0.24    3.86 ^ _29796_/Y (sky130_fd_sc_hd__nor2_2)
     3    0.01                           _05412_ (net)
                  0.22    0.00    3.86 ^ _29805_/A (sky130_fd_sc_hd__nand2_1)
                  0.15    0.21    4.07 v _29805_/Y (sky130_fd_sc_hd__nand2_1)
     3    0.01                           _05419_ (net)
                  0.15    0.00    4.07 v _29818_/B (sky130_fd_sc_hd__or2_1)
                  0.15    0.55    4.62 v _29818_/X (sky130_fd_sc_hd__or2_1)
     3    0.01                           _05430_ (net)
                  0.15    0.00    4.62 v _29826_/B (sky130_fd_sc_hd__or2_1)
                  0.14    0.54    5.16 v _29826_/X (sky130_fd_sc_hd__or2_1)
     3    0.01                           _05436_ (net)
                  0.14    0.00    5.16 v _29838_/B (sky130_fd_sc_hd__or2_1)
                  0.14    0.54    5.70 v _29838_/X (sky130_fd_sc_hd__or2_1)
     3    0.01                           _05446_ (net)
                  0.14    0.00    5.70 v _29847_/B (sky130_fd_sc_hd__nor2_1)
                  0.26    0.27    5.97 ^ _29847_/Y (sky130_fd_sc_hd__nor2_1)
     3    0.01                           _05453_ (net)
                  0.26    0.00    5.97 ^ _29858_/A (sky130_fd_sc_hd__nand2_1)
                  0.18    0.25    6.22 v _29858_/Y (sky130_fd_sc_hd__nand2_1)
     3    0.01                           _05462_ (net)
                  0.18    0.00    6.22 v _29866_/B (sky130_fd_sc_hd__or2_1)
                  0.14    0.55    6.77 v _29866_/X (sky130_fd_sc_hd__or2_1)
     3    0.01                           _05468_ (net)
                  0.14    0.00    6.77 v _29876_/B (sky130_fd_sc_hd__or2_1)
                  0.14    0.54    7.32 v _29876_/X (sky130_fd_sc_hd__or2_1)
     3    0.01                           _05476_ (net)
                  0.14    0.00    7.32 v _29885_/B (sky130_fd_sc_hd__nor2_1)
                  0.28    0.28    7.60 ^ _29885_/Y (sky130_fd_sc_hd__nor2_1)
     3    0.01                           _05483_ (net)
                  0.28    0.00    7.60 ^ _29895_/A (sky130_fd_sc_hd__nand2_1)
                  0.19    0.26    7.86 v _29895_/Y (sky130_fd_sc_hd__nand2_1)
     3    0.01                           _05491_ (net)
                  0.19    0.00    7.86 v _29902_/B (sky130_fd_sc_hd__nor2_2)
                  0.20    0.25    8.11 ^ _29902_/Y (sky130_fd_sc_hd__nor2_2)
     3    0.01                           _05496_ (net)
                  0.20    0.00    8.11 ^ _29916_/A (sky130_fd_sc_hd__nand2_2)
                  0.12    0.18    8.29 v _29916_/Y (sky130_fd_sc_hd__nand2_2)
     3    0.01                           _05508_ (net)
                  0.12    0.00    8.29 v _29925_/B (sky130_fd_sc_hd__nor2_1)
                  0.22    0.23    8.51 ^ _29925_/Y (sky130_fd_sc_hd__nor2_1)
     2    0.01                           _05515_ (net)
                  0.22    0.00    8.51 ^ _29936_/A (sky130_fd_sc_hd__nand2_1)
                  0.15    0.22    8.73 v _29936_/Y (sky130_fd_sc_hd__nand2_1)
     3    0.01                           _05524_ (net)
                  0.15    0.00    8.73 v _29945_/B (sky130_fd_sc_hd__or2_2)
                  0.15    0.71    9.44 v _29945_/X (sky130_fd_sc_hd__or2_2)
     3    0.01                           _05531_ (net)
                  0.15    0.00    9.44 v _29954_/B (sky130_fd_sc_hd__nor2_2)
                  0.22    0.24    9.68 ^ _29954_/Y (sky130_fd_sc_hd__nor2_2)
     3    0.01                           _05538_ (net)
                  0.22    0.00    9.68 ^ _29965_/A (sky130_fd_sc_hd__nand2_2)
                  0.12    0.19    9.87 v _29965_/Y (sky130_fd_sc_hd__nand2_2)
     3    0.01                           _05547_ (net)
                  0.12    0.00    9.87 v _29975_/B (sky130_fd_sc_hd__nor2_2)
                  0.21    0.23   10.10 ^ _29975_/Y (sky130_fd_sc_hd__nor2_2)
     3    0.01                           _05555_ (net)
                  0.21    0.00   10.10 ^ _29986_/A (sky130_fd_sc_hd__nand2_1)
                  0.16    0.22   10.32 v _29986_/Y (sky130_fd_sc_hd__nand2_1)
     3    0.01                           _05564_ (net)
                  0.16    0.00   10.32 v _30001_/A (sky130_fd_sc_hd__and2_1)
                  0.06    0.31   10.62 v _30001_/X (sky130_fd_sc_hd__and2_1)
     1    0.00                           _05577_ (net)
                  0.06    0.00   10.62 v _30002_/B (sky130_fd_sc_hd__or2_1)
                  0.09    0.44   11.06 v _30002_/X (sky130_fd_sc_hd__or2_1)
     1    0.00                           _02397_ (net)
                  0.09    0.00   11.06 v _45267_/A0 (sky130_fd_sc_hd__mux2_1)
                  0.15    0.68   11.74 v _45267_/X (sky130_fd_sc_hd__mux2_1)
     2    0.01                           _02398_ (net)
                  0.15    0.00   11.74 v _30004_/A (sky130_vsdinv)
                  0.08    0.12   11.86 ^ _30004_/Y (sky130_vsdinv)
     1    0.00                           _05579_ (net)
                  0.08    0.00   11.86 ^ _30005_/B (sky130_fd_sc_hd__nor2_1)
                  0.09    0.10   11.96 v _30005_/Y (sky130_fd_sc_hd__nor2_1)
     2    0.01                           _05580_ (net)
                  0.09    0.00   11.96 v _30006_/B (sky130_fd_sc_hd__nor2_2)
                  0.19    0.19   12.15 ^ _30006_/Y (sky130_fd_sc_hd__nor2_2)
     2    0.01                           _05581_ (net)
                  0.19    0.00   12.15 ^ _30019_/B (sky130_fd_sc_hd__nand2_1)
                  0.09    0.14   12.29 v _30019_/Y (sky130_fd_sc_hd__nand2_1)
     1    0.00                           _05592_ (net)
                  0.09    0.00   12.29 v _30020_/B1_N (sky130_fd_sc_hd__o21bai_2)
                  0.17    0.47   12.77 v _30020_/Y (sky130_fd_sc_hd__o21bai_2)
     2    0.01                           _05593_ (net)
                  0.17    0.00   12.77 v _30034_/B1 (sky130_fd_sc_hd__a22oi_4)
                  0.29    0.31   13.08 ^ _30034_/Y (sky130_fd_sc_hd__a22oi_4)
     3    0.01                           _05605_ (net)
                  0.29    0.00   13.08 ^ _30046_/B2 (sky130_fd_sc_hd__o22ai_4)
                  0.11    0.20   13.28 v _30046_/Y (sky130_fd_sc_hd__o22ai_4)
     3    0.01                           _05615_ (net)
                  0.11    0.00   13.28 v _30057_/A2_N (sky130_fd_sc_hd__o2bb2ai_1)
                  0.09    0.24   13.52 v _30057_/Y (sky130_fd_sc_hd__o2bb2ai_1)
     1    0.00                           _05624_ (net)
                  0.09    0.00   13.52 v _30058_/C1 (sky130_fd_sc_hd__o211ai_1)
                  0.26    0.14   13.66 ^ _30058_/Y (sky130_fd_sc_hd__o211ai_1)
     1    0.00                           _05625_ (net)
                  0.26    0.00   13.66 ^ _30059_/B (sky130_fd_sc_hd__nand2_1)
                  0.08    0.16   13.82 v _30059_/Y (sky130_fd_sc_hd__nand2_1)
     1    0.00                           _02615_ (net)
                  0.08    0.00   13.82 v _46307_/D (sky130_fd_sc_hd__dfxtp_1)
                                 13.82   data arrival time

                  0.00   15.00   15.00   clock clk (rise edge)
                          0.00   15.00   clock network delay (ideal)
                          0.00   15.00   clock reconvergence pessimism
                                 15.00 ^ _46307_/CLK (sky130_fd_sc_hd__dfxtp_1)
                         -0.29   14.71   library setup time
                                 14.71   data required time
-----------------------------------------------------------------------------
                                 14.71   data required time
                                -13.82   data arrival time
-----------------------------------------------------------------------------
                                  0.89   slack (MET)


No paths found.
wns 0.00
tns 0.00
Clock clk
Latency      CRPR       Skew
_47122_/CLK ^
   5.66
_47708_/CLK ^
   1.38      0.00       4.28

