Tue Oct 01 08:53:58 UTC 2024 - Executing "python3 /openLANE_flow/scripts/extract_metal_layers.py -t /home/vsduser/Desktop/work/tools/openlane_working_dir/pdks/sky130A/libs.ref/sky130_fd_sc_hd/techlef/sky130_fd_sc_hd.tlef -o /openLANE_flow/designs/picorv32a_ankit/runs/01-10_08-50/tmp/met_layers_list.txt"

Tue Oct 01 08:53:58 UTC 2024 - Executing "/openLANE_flow/scripts/mergeLef.py -i /home/vsduser/Desktop/work/tools/openlane_working_dir/pdks/sky130A/libs.ref/sky130_fd_sc_hd/techlef/sky130_fd_sc_hd.tlef {/home/vsduser/Desktop/work/tools/openlane_working_dir/pdks/sky130A/libs.ref/sky130_fd_sc_hd/lef/sky130_fd_sc_hd.lef /home/vsduser/Desktop/work/tools/openlane_working_dir/pdks/sky130A/libs.ref/sky130_fd_sc_hd/lef/sky130_ef_sc_hd__fill_12.lef /home/vsduser/Desktop/work/tools/openlane_working_dir/pdks/sky130A/libs.ref/sky130_fd_sc_hd/lef/sky130_ef_sc_hd__decap_12.lef /home/vsduser/Desktop/work/tools/openlane_working_dir/pdks/sky130A/libs.ref/sky130_fd_sc_hd/lef/sky130_ef_sc_hd__fakediode_2.lef} -o /openLANE_flow/designs/picorv32a_ankit/runs/01-10_08-50/tmp/merged_unpadded.lef |& tee >&@stdout"

Tue Oct 01 08:53:58 UTC 2024 - Executing "/openLANE_flow/scripts/mergeLef.py -i /openLANE_flow/designs/picorv32a_ankit/runs/01-10_08-50/tmp/merged_unpadded.lef /openLANE_flow/designs/picorv32a_ankit/src/sky130_vsdinv.lef -o /openLANE_flow/designs/picorv32a_ankit/runs/01-10_08-50/tmp/merged_unpadded.lef |& tee >&@stdout"

Tue Oct 01 08:53:58 UTC 2024 - Executing "/openLANE_flow/scripts/libtrim.pl /openLANE_flow/designs/picorv32a_ankit/src/sky130_fd_sc_hd__typical.lib /openLANE_flow/designs/picorv32a_ankit/runs/01-10_08-50/tmp/trimmed.lib.exclude.list > /openLANE_flow/designs/picorv32a_ankit/runs/01-10_08-50/tmp/trimmed.lib"

Tue Oct 01 08:53:59 UTC 2024 - Executing "echo {openlane v0.21} > /openLANE_flow/designs/picorv32a_ankit/runs/01-10_08-50/OPENLANE_VERSION"

Tue Oct 01 08:54:54 UTC 2024 - Executing "sed -E {s/^([[:space:]]+)pg_pin(.*)/\1pin\2\n\1    direction : "inout";/g} /openLANE_flow/designs/picorv32a_ankit/src/sky130_fd_sc_hd__typical.lib > /openLANE_flow/designs/picorv32a_ankit/runs/01-10_08-50/tmp/sky130_fd_sc_hd__typical.no_pg.lib"

Tue Oct 01 08:54:54 UTC 2024 - Executing "yosys -c /openLANE_flow/scripts/synth.tcl -l /openLANE_flow/designs/picorv32a_ankit/runs/01-10_08-50/logs/synthesis/42-yosys.log |& tee >&@stdout"

Tue Oct 01 08:55:59 UTC 2024 - Executing "sed -i -e {s/\(set ::env(CURRENT_NETLIST)\).*/\1 \/openLANE_flow\/designs\/picorv32a_ankit\/runs\/01-10_08-50\/results\/synthesis\/picorv32a_ankit.synthesis.v/} /openLANE_flow/designs/picorv32a_ankit/runs/01-10_08-50/config.tcl"

Tue Oct 01 08:55:59 UTC 2024 - Executing "sed -i -e {s/\(set ::env(PREV_NETLIST)\).*/\1 \/openLANE_flow\/designs\/picorv32a_ankit\/runs\/01-10_08-50\/results\/synthesis\/picorv32a_ankit.synthesis.v/} /openLANE_flow/designs/picorv32a_ankit/runs/01-10_08-50/config.tcl"

Tue Oct 01 08:55:59 UTC 2024 - Executing "sed -i /defparam/d /openLANE_flow/designs/picorv32a_ankit/runs/01-10_08-50/results/synthesis/picorv32a_ankit.synthesis.v"

Tue Oct 01 08:55:59 UTC 2024 - Executing "sta /openLANE_flow/scripts/sta.tcl |& tee >&@stdout /openLANE_flow/designs/picorv32a_ankit/runs/01-10_08-50/logs/synthesis/43-opensta"

Tue Oct 01 08:56:52 UTC 2024 - Executing "openroad -exit /openLANE_flow/scripts/openroad/or_floorplan.tcl |& tee >&@stdout /openLANE_flow/designs/picorv32a_ankit/runs/01-10_08-50/logs/floorplan/44-verilog2def.openroad.log"

Tue Oct 01 08:56:54 UTC 2024 - Executing "openroad -exit /openLANE_flow/scripts/openroad/or_ioplacer.tcl |& tee >&@stdout /openLANE_flow/designs/picorv32a_ankit/runs/01-10_08-50/logs/floorplan/45-ioPlacer.log"

Tue Oct 01 08:56:56 UTC 2024 - Executing "openroad -exit /openLANE_flow/scripts/openroad/or_replace.tcl |& tee >&@stdout /openLANE_flow/designs/picorv32a_ankit/runs/01-10_08-50/logs/placement/46-replace.log"

Tue Oct 01 08:57:13 UTC 2024 - Executing "openroad -exit /openLANE_flow/scripts/openroad/or_basic_mp.tcl |& tee >&@stdout /openLANE_flow/designs/picorv32a_ankit/runs/01-10_08-50/logs/placement/47-basic_mp.log"

Tue Oct 01 08:57:25 UTC 2024 - Executing "openroad -exit /openLANE_flow/scripts/openroad/or_floorplan.tcl |& tee >&@stdout /openLANE_flow/designs/picorv32a_ankit/runs/01-10_08-50/logs/floorplan/48-verilog2def.openroad.log"

Tue Oct 01 08:57:30 UTC 2024 - Executing "openroad -exit /openLANE_flow/scripts/openroad/or_ioplacer.tcl |& tee >&@stdout /openLANE_flow/designs/picorv32a_ankit/runs/01-10_08-50/logs/floorplan/49-ioPlacer.log"

Tue Oct 01 08:57:39 UTC 2024 - Executing "openroad -exit /openLANE_flow/scripts/openroad/or_tapcell.tcl |& tee >&@stdout /openLANE_flow/designs/picorv32a_ankit/runs/01-10_08-50/logs/floorplan/50-tapcell.log"

Tue Oct 01 08:57:48 UTC 2024 - Executing "openroad -exit /openLANE_flow/scripts/openroad/or_replace.tcl |& tee >&@stdout /openLANE_flow/designs/picorv32a_ankit/runs/01-10_08-50/logs/placement/51-replace.log"

Tue Oct 01 08:58:04 UTC 2024 - Executing "openroad -exit /openLANE_flow/scripts/openroad/or_resizer.tcl |& tee >&@stdout /openLANE_flow/designs/picorv32a_ankit/runs/01-10_08-50/logs/placement/51-resizer.log"

Tue Oct 01 08:58:21 UTC 2024 - Executing "openroad -exit /openLANE_flow/scripts/openroad/or_write_verilog.tcl |& tee >&@stdout /openLANE_flow/designs/picorv32a_ankit/runs/01-10_08-50/logs/52-write_verilog.log"

Tue Oct 01 08:58:23 UTC 2024 - Executing "sed -i -e {s/\(set ::env(CURRENT_NETLIST)\).*/\1 \/openLANE_flow\/designs\/picorv32a_ankit\/runs\/01-10_08-50\/results\/synthesis\/picorv32a_ankit.synthesis_optimized.v/} /openLANE_flow/designs/picorv32a_ankit/runs/01-10_08-50/config.tcl"

Tue Oct 01 08:58:23 UTC 2024 - Executing "sed -i -e {s/\(set ::env(PREV_NETLIST)\).*/\1 \/openLANE_flow\/designs\/picorv32a_ankit\/runs\/01-10_08-50\/results\/synthesis\/picorv32a_ankit.synthesis.v/} /openLANE_flow/designs/picorv32a_ankit/runs/01-10_08-50/config.tcl"

Tue Oct 01 08:58:23 UTC 2024 - Executing "sta /openLANE_flow/scripts/sta.tcl |& tee >&@stdout /openLANE_flow/designs/picorv32a_ankit/runs/01-10_08-50/logs/synthesis/53-opensta_post_resizer"

Tue Oct 01 08:58:25 UTC 2024 - Executing "openroad -exit /openLANE_flow/scripts/openroad/or_opendp.tcl |& tee >&@stdout /openLANE_flow/designs/picorv32a_ankit/runs/01-10_08-50/logs/placement/54-opendp.log"

Tue Oct 01 08:58:28 UTC 2024 - Executing "bash /openLANE_flow/scripts/klayout/scrotLayout.sh /home/vsduser/Desktop/work/tools/openlane_working_dir/pdks/sky130A/libs.tech/klayout/sky130A.lyt /openLANE_flow/designs/picorv32a_ankit/runs/01-10_08-50/results/placement/picorv32a_ankit.placement.def |& tee >&@stdout /openLANE_flow/designs/picorv32a_ankit/runs/01-10_08-50/logs/klayout/55-klayout.scrot.log"

