
28. Printing statistics.

=== picorv32a_ankit ===

   Number of wires:              24509
   Number of wire bits:          24891
   Number of public wires:        1565
   Number of public wire bits:    1947
   Number of memories:               0
   Number of memory bits:            0
   Number of processes:              0
   Number of cells:              24789
     sky130_fd_sc_hd__a2111o_2      16
     sky130_fd_sc_hd__a211o_2       53
     sky130_fd_sc_hd__a211oi_2       7
     sky130_fd_sc_hd__a21bo_2       43
     sky130_fd_sc_hd__a21boi_2     132
     sky130_fd_sc_hd__a21o_2       583
     sky130_fd_sc_hd__a21oi_2     1000
     sky130_fd_sc_hd__a221o_2       77
     sky130_fd_sc_hd__a221oi_2       3
     sky130_fd_sc_hd__a22o_2       212
     sky130_fd_sc_hd__a22oi_2      284
     sky130_fd_sc_hd__a2bb2o_2      55
     sky130_fd_sc_hd__a2bb2oi_2     18
     sky130_fd_sc_hd__a311o_2       15
     sky130_fd_sc_hd__a311oi_2       1
     sky130_fd_sc_hd__a31o_2       103
     sky130_fd_sc_hd__a31oi_2       90
     sky130_fd_sc_hd__a32o_2        18
     sky130_fd_sc_hd__a32oi_2        4
     sky130_fd_sc_hd__a41o_2         9
     sky130_fd_sc_hd__a41oi_2        5
     sky130_fd_sc_hd__and2_2       538
     sky130_fd_sc_hd__and2b_2       20
     sky130_fd_sc_hd__and3_2       462
     sky130_fd_sc_hd__and3b_2        4
     sky130_fd_sc_hd__and4_2        87
     sky130_fd_sc_hd__and4b_2        6
     sky130_fd_sc_hd__buf_1       3595
     sky130_fd_sc_hd__buf_2          8
     sky130_fd_sc_hd__conb_1        42
     sky130_fd_sc_hd__dfxtp_2     1613
     sky130_fd_sc_hd__inv_2         71
     sky130_fd_sc_hd__mux2_1      1224
     sky130_fd_sc_hd__mux2_2       902
     sky130_fd_sc_hd__mux4_1       221
     sky130_fd_sc_hd__nand2_2     3364
     sky130_fd_sc_hd__nand3_2     2148
     sky130_fd_sc_hd__nand3b_2     364
     sky130_fd_sc_hd__nor2_2      1790
     sky130_fd_sc_hd__nor2b_2        3
     sky130_fd_sc_hd__nor3_2        69
     sky130_fd_sc_hd__nor3b_2        5
     sky130_fd_sc_hd__o2111a_2      19
     sky130_fd_sc_hd__o2111ai_2     79
     sky130_fd_sc_hd__o211a_2      340
     sky130_fd_sc_hd__o211ai_2     208
     sky130_fd_sc_hd__o21a_2       177
     sky130_fd_sc_hd__o21ai_2     1012
     sky130_fd_sc_hd__o21ba_2        8
     sky130_fd_sc_hd__o21bai_2     145
     sky130_fd_sc_hd__o221a_2       53
     sky130_fd_sc_hd__o221ai_2       9
     sky130_fd_sc_hd__o22a_2        38
     sky130_fd_sc_hd__o22ai_2      237
     sky130_fd_sc_hd__o2bb2a_2      14
     sky130_fd_sc_hd__o2bb2ai_2    301
     sky130_fd_sc_hd__o311a_2        3
     sky130_fd_sc_hd__o311ai_2       1
     sky130_fd_sc_hd__o31a_2         9
     sky130_fd_sc_hd__o31ai_2        6
     sky130_fd_sc_hd__o32a_2        17
     sky130_fd_sc_hd__o32ai_2        3
     sky130_fd_sc_hd__or2_2        398
     sky130_fd_sc_hd__or2b_2        32
     sky130_fd_sc_hd__or3_2         58
     sky130_fd_sc_hd__or3b_2        13
     sky130_fd_sc_hd__or4_2         57
     sky130_fd_sc_hd__or4b_2         5
     sky130_fd_sc_hd__xnor2_2       29
     sky130_fd_sc_hd__xor2_2        95
     sky130_vsdinv                2159

   Chip area for module '\picorv32a_ankit': 214793.504000

