[INFO]: Current run directory is /openLANE_flow/designs/picorv32a_ankit/runs/01-10_07-03
[INFO]: Preparing LEF Files
[INFO]: Extracting the number of available metal layers from /home/vsduser/Desktop/work/tools/openlane_working_dir/pdks/sky130A/libs.ref/sky130_fd_sc_hd/techlef/sky130_fd_sc_hd.tlef
[INFO]: The number of available metal layers is 6
[INFO]: The available metal layers are li1 met1 met2 met3 met4 met5
[INFO]: Merging LEF Files...
[INFO]: Merging the following extra LEFs: /openLANE_flow/designs/picorv32a_ankit/src/sky130_vsdinv.lef
[INFO]: Trimming Liberty...
[INFO]: Generating Exclude List...
[INFO]: Storing configs into config.tcl ...
[INFO]: Preparation complete
[INFO]: Running Synthesis...
[INFO]: current step index: 7
[INFO]: Changing netlist from /openLANE_flow/designs/picorv32a_ankit/runs/01-10_07-03/results/synthesis/picorv32a_ankit.synthesis.v to /openLANE_flow/designs/picorv32a_ankit/runs/01-10_07-03/results/synthesis/picorv32a_ankit.synthesis.v
[INFO]: Running Static Timing Analysis...
[INFO]: current step index: 8
[INFO]: Synthesis was successful
[INFO]: Running Floorplanning...
[INFO]: Running Initial Floorplanning...
[INFO]: current step index: 9
[INFO]: Core area width: 543.72
[INFO]: Core area height: 541.28
[INFO]: Changing layout from /openLANE_flow/designs/picorv32a_ankit/runs/01-10_07-03/tmp/placement/5-replace.def to /openLANE_flow/designs/picorv32a_ankit/runs/01-10_07-03/tmp/floorplan/9-verilog2def_openroad.def
[INFO]: Running IO Placement...
[INFO]: current step index: 10
[INFO]: Changing layout from /openLANE_flow/designs/picorv32a_ankit/runs/01-10_07-03/tmp/floorplan/9-verilog2def_openroad.def to /openLANE_flow/designs/picorv32a_ankit/runs/01-10_07-03/tmp/floorplan/10-ioPlacer.def
[INFO]: Running Global Placement...
[INFO]: current step index: 11
[INFO]: Global placement was successful
[INFO]: Changing layout from /openLANE_flow/designs/picorv32a_ankit/runs/01-10_07-03/tmp/floorplan/10-ioPlacer.def to /openLANE_flow/designs/picorv32a_ankit/runs/01-10_07-03/tmp/placement/11-replace.def
[INFO]: Running Basic Macro Placement
[INFO]: current step index: 12
[ERROR]: during executing: "openroad -exit /openLANE_flow/scripts/openroad/or_basic_mp.tcl |& tee >&@stdout /openLANE_flow/designs/picorv32a_ankit/runs/01-10_07-03/logs/placement/12-basic_mp.log"
[ERROR]: Exit code: 1
[ERROR]: Last 10 lines:
child process exited abnormally

[ERROR]: Please check openroad  log file
[ERROR]: Dumping to /openLANE_flow/designs/picorv32a_ankit/runs/01-10_07-03/error.log
[INFO]: Using design configuration at /openLANE_flow/designs/picorv32a/config.tcl
[INFO]: Sourcing Configurations from /openLANE_flow/designs/picorv32a/config.tcl
[INFO]: PDKs root directory: /home/vsduser/Desktop/work/tools/openlane_working_dir/pdks
[INFO]: PDK: sky130A
[INFO]: Setting PDKPATH to /home/vsduser/Desktop/work/tools/openlane_working_dir/pdks/sky130A
[INFO]: Standard Cell Library: sky130_fd_sc_hd
[INFO]: Sourcing Configurations from /openLANE_flow/designs/picorv32a/config.tcl
