during executing: "openroad -exit /openLANE_flow/scripts/openroad/or_opendp.tcl |& tee >&@stdout /openLANE_flow/designs/picorv32a_ankit/runs/run_cts/logs/placement/10-opendp.log"
Last 10 lines:
child process exited abnormally

during executing: "openroad -exit /openLANE_flow/scripts/openroad/or_opendp.tcl |& tee >&@stdout /openLANE_flow/designs/picorv32a_ankit/runs/run_cts/logs/placement/21-opendp.log"
Last 10 lines:
child process exited abnormally

during executing: "openroad -exit /openLANE_flow/scripts/openroad/or_opendp.tcl |& tee >&@stdout /openLANE_flow/designs/picorv32a_ankit/runs/run_cts/logs/placement/29-opendp.log"
Last 10 lines:
child process exited abnormally

during executing: "openroad -exit /openLANE_flow/scripts/openroad/or_cts.tcl |& tee >&@stdout /openLANE_flow/designs/picorv32a_ankit/runs/run_cts/logs/cts/2-cts.log"
Last 10 lines:
child process exited abnormally

during executing: "openroad -exit /openLANE_flow/scripts/openroad/or_pdn.tcl |& tee >&@stdout /openLANE_flow/designs/picorv32a_ankit/runs/run_cts/logs/floorplan/2-pdn.log"
Last 10 lines:
child process exited abnormally

during executing: "openroad -exit /openLANE_flow/scripts/openroad/or_pdn.tcl |& tee >&@stdout /openLANE_flow/designs/picorv32a_ankit/runs/run_cts/logs/floorplan/4-pdn.log"
Last 10 lines:
child process exited abnormally

during executing: "openroad -exit /openLANE_flow/scripts/openroad/or_pdn.tcl |& tee >&@stdout /openLANE_flow/designs/picorv32a_ankit/runs/run_cts/logs/floorplan/6-pdn.log"
Last 10 lines:
child process exited abnormally

during executing: "openroad -exit /openLANE_flow/scripts/openroad/or_floorplan.tcl |& tee >&@stdout /openLANE_flow/designs/picorv32a_ankit/runs/run_cts/logs/floorplan/8-verilog2def.openroad.log"
Last 10 lines:
child process exited abnormally

during executing: "openroad -exit /openLANE_flow/scripts/openroad/or_floorplan.tcl |& tee >&@stdout /openLANE_flow/designs/picorv32a_ankit/runs/run_cts/logs/floorplan/10-verilog2def.openroad.log"
Last 10 lines:
child process exited abnormally

during executing: "openroad -exit /openLANE_flow/scripts/openroad/or_ioplacer.tcl |& tee >&@stdout /openLANE_flow/designs/picorv32a_ankit/runs/run_cts/logs/floorplan/12-ioPlacer.log"
Last 10 lines:
child process exited abnormally

during executing: "openroad -exit /openLANE_flow/scripts/openroad/or_groute.tcl |& tee >&@stdout /openLANE_flow/designs/picorv32a_ankit/runs/run_cts/logs/routing/24-fastroute.log"
Last 10 lines:
child process exited abnormally

